<?xml version="1.0" encoding="utf-8"?>
<CoverageSession xmlns:xsd="http://www.w3.org/2001/XMLSchema" xmlns:xsi="http://www.w3.org/2001/XMLSchema-instance">
  <Summary numSequencePoints="469" visitedSequencePoints="353" numBranchPoints="141" visitedBranchPoints="100" sequenceCoverage="75.27" branchCoverage="70.92" maxCyclomaticComplexity="14" minCyclomaticComplexity="1" visitedClasses="18" numClasses="26" visitedMethods="78" numMethods="109" />
  <Modules>
    <Module skippedDueTo="Filter" hash="D8-53-B0-07-8D-F9-9A-13-7D-98-00-E6-F2-C4-C4-74-70-5D-80-7A">
      <ModulePath>C:\Windows\Microsoft.Net\assembly\GAC_64\mscorlib\v4.0_4.0.0.0__b77a5c561934e089\mscorlib.dll</ModulePath>
      <ModuleTime>2017-01-21T04:45:07.4558551Z</ModuleTime>
      <ModuleName>mscorlib</ModuleName>
      <Classes />
    </Module>
    <Module skippedDueTo="MissingPdb" hash="36-DA-C9-14-56-26-60-F9-D2-E5-48-FA-0D-E8-06-9E-0B-A7-60-96">
      <ModulePath>F:\ASP.NET\Official-MyNotebooks\MyNotebooks\MyNotebooks\MyNotebooks\packages\NUnit.ConsoleRunner.3.6.0\tools\nunit3-console.exe</ModulePath>
      <ModuleTime>2017-01-15T01:50:34Z</ModuleTime>
      <ModuleName>nunit3-console</ModuleName>
      <Classes />
    </Module>
    <Module skippedDueTo="Filter" hash="EE-77-8B-34-FE-47-61-EA-AD-62-7D-B3-79-79-9C-B7-64-F3-12-03">
      <ModulePath>C:\Windows\Microsoft.Net\assembly\GAC_MSIL\System\v4.0_4.0.0.0__b77a5c561934e089\System.dll</ModulePath>
      <ModuleTime>2017-01-21T04:45:07.8178173Z</ModuleTime>
      <ModuleName>System</ModuleName>
      <Classes />
    </Module>
    <Module skippedDueTo="MissingPdb" hash="75-F9-05-10-1C-B9-7B-C1-01-D6-98-7E-4B-DF-1D-61-E9-C1-AE-FF">
      <ModulePath>F:\ASP.NET\Official-MyNotebooks\MyNotebooks\MyNotebooks\MyNotebooks\packages\NUnit.ConsoleRunner.3.6.0\tools\nunit.engine.api.dll</ModulePath>
      <ModuleTime>2017-01-15T01:50:34Z</ModuleTime>
      <ModuleName>nunit.engine.api</ModuleName>
      <Classes />
    </Module>
    <Module skippedDueTo="MissingPdb" hash="EA-8F-74-A7-D0-EB-83-48-84-E6-88-AB-86-78-E2-32-3B-75-51-03">
      <ModulePath>F:\ASP.NET\Official-MyNotebooks\MyNotebooks\MyNotebooks\MyNotebooks\packages\NUnit.ConsoleRunner.3.6.0\tools\nunit.engine.dll</ModulePath>
      <ModuleTime>2017-01-15T01:50:34Z</ModuleTime>
      <ModuleName>nunit.engine</ModuleName>
      <Classes />
    </Module>
    <Module skippedDueTo="MissingPdb" hash="EA-8F-74-A7-D0-EB-83-48-84-E6-88-AB-86-78-E2-32-3B-75-51-03">
      <ModulePath>F:\ASP.NET\Official-MyNotebooks\MyNotebooks\MyNotebooks\MyNotebooks\packages\NUnit.ConsoleRunner.3.6.0\tools\nunit.engine.dll</ModulePath>
      <ModuleTime>2017-01-15T01:50:34Z</ModuleTime>
      <ModuleName>nunit.engine</ModuleName>
      <Classes />
    </Module>
    <Module skippedDueTo="Filter" hash="F7-E9-75-D6-35-98-70-4A-0F-45-76-1B-B3-83-70-38-5E-DF-02-47">
      <ModulePath>C:\Windows\Microsoft.Net\assembly\GAC_MSIL\System.Xml\v4.0_4.0.0.0__b77a5c561934e089\System.Xml.dll</ModulePath>
      <ModuleTime>2017-01-21T04:45:07.8779103Z</ModuleTime>
      <ModuleName>System.Xml</ModuleName>
      <Classes />
    </Module>
    <Module skippedDueTo="Filter" hash="F3-16-D4-5E-C5-50-B3-22-7B-4E-24-71-CD-D2-35-E6-9C-74-2B-E4">
      <ModulePath>C:\Windows\Microsoft.Net\assembly\GAC_64\System.Web\v4.0_4.0.0.0__b03f5f7f11d50a3a\System.Web.dll</ModulePath>
      <ModuleTime>2017-01-21T04:44:56.2670836Z</ModuleTime>
      <ModuleName>System.Web</ModuleName>
      <Classes />
    </Module>
    <Module skippedDueTo="MissingPdb" hash="8A-2E-8F-D6-9D-39-02-4A-2F-30-FC-06-42-F7-0F-A8-32-69-07-72">
      <ModulePath>F:\ASP.NET\Official-MyNotebooks\MyNotebooks\MyNotebooks\MyNotebooks\packages\NUnit.ConsoleRunner.3.6.0\tools\Mono.Cecil.dll</ModulePath>
      <ModuleTime>2017-01-15T01:50:34Z</ModuleTime>
      <ModuleName>Mono.Cecil</ModuleName>
      <Classes />
    </Module>
    <Module skippedDueTo="Filter" hash="0F-6F-F3-F5-1C-3A-A7-26-E2-D9-16-C9-A4-9C-AD-C3-B6-CA-24-A2">
      <ModulePath>C:\Windows\Microsoft.Net\assembly\GAC_MSIL\System.Runtime.Remoting\v4.0_4.0.0.0__b77a5c561934e089\System.Runtime.Remoting.dll</ModulePath>
      <ModuleTime>2017-01-21T04:45:09.2270824Z</ModuleTime>
      <ModuleName>System.Runtime.Remoting</ModuleName>
      <Classes />
    </Module>
    <Module skippedDueTo="Filter" hash="9C-DB-95-DC-25-D5-38-7E-C2-3A-20-8F-14-5D-A9-56-2A-D7-00-E3">
      <ModulePath>C:\Windows\Microsoft.Net\assembly\GAC_MSIL\System.Configuration\v4.0_4.0.0.0__b03f5f7f11d50a3a\System.Configuration.dll</ModulePath>
      <ModuleTime>2017-01-21T04:45:09.9270938Z</ModuleTime>
      <ModuleName>System.Configuration</ModuleName>
      <Classes />
    </Module>
    <Module skippedDueTo="Filter" hash="D8-53-B0-07-8D-F9-9A-13-7D-98-00-E6-F2-C4-C4-74-70-5D-80-7A">
      <ModulePath>C:\Windows\Microsoft.Net\assembly\GAC_64\mscorlib\v4.0_4.0.0.0__b77a5c561934e089\mscorlib.dll</ModulePath>
      <ModuleTime>2017-01-21T04:45:07.4558551Z</ModuleTime>
      <ModuleName>mscorlib</ModuleName>
      <Classes />
    </Module>
    <Module skippedDueTo="MissingPdb" hash="3A-86-9C-58-4F-41-41-99-62-6C-3F-CD-EC-47-58-C3-ED-0D-B6-24">
      <ModulePath>F:\ASP.NET\Official-MyNotebooks\MyNotebooks\MyNotebooks\MyNotebooks\packages\NUnit.ConsoleRunner.3.6.0\tools\nunit-agent.exe</ModulePath>
      <ModuleTime>2017-01-15T01:50:34Z</ModuleTime>
      <ModuleName>nunit-agent</ModuleName>
      <Classes />
    </Module>
    <Module skippedDueTo="MissingPdb" hash="EA-8F-74-A7-D0-EB-83-48-84-E6-88-AB-86-78-E2-32-3B-75-51-03">
      <ModulePath>F:\ASP.NET\Official-MyNotebooks\MyNotebooks\MyNotebooks\MyNotebooks\packages\NUnit.ConsoleRunner.3.6.0\tools\nunit.engine.dll</ModulePath>
      <ModuleTime>2017-01-15T01:50:34Z</ModuleTime>
      <ModuleName>nunit.engine</ModuleName>
      <Classes />
    </Module>
    <Module skippedDueTo="MissingPdb" hash="75-F9-05-10-1C-B9-7B-C1-01-D6-98-7E-4B-DF-1D-61-E9-C1-AE-FF">
      <ModulePath>F:\ASP.NET\Official-MyNotebooks\MyNotebooks\MyNotebooks\MyNotebooks\packages\NUnit.ConsoleRunner.3.6.0\tools\nunit.engine.api.dll</ModulePath>
      <ModuleTime>2017-01-15T01:50:34Z</ModuleTime>
      <ModuleName>nunit.engine.api</ModuleName>
      <Classes />
    </Module>
    <Module skippedDueTo="Filter" hash="EE-77-8B-34-FE-47-61-EA-AD-62-7D-B3-79-79-9C-B7-64-F3-12-03">
      <ModulePath>C:\Windows\Microsoft.Net\assembly\GAC_MSIL\System\v4.0_4.0.0.0__b77a5c561934e089\System.dll</ModulePath>
      <ModuleTime>2017-01-21T04:45:07.8178173Z</ModuleTime>
      <ModuleName>System</ModuleName>
      <Classes />
    </Module>
    <Module skippedDueTo="Filter" hash="0F-6F-F3-F5-1C-3A-A7-26-E2-D9-16-C9-A4-9C-AD-C3-B6-CA-24-A2">
      <ModulePath>C:\Windows\Microsoft.Net\assembly\GAC_MSIL\System.Runtime.Remoting\v4.0_4.0.0.0__b77a5c561934e089\System.Runtime.Remoting.dll</ModulePath>
      <ModuleTime>2017-01-21T04:45:09.2270824Z</ModuleTime>
      <ModuleName>System.Runtime.Remoting</ModuleName>
      <Classes />
    </Module>
    <Module skippedDueTo="Filter" hash="F7-E9-75-D6-35-98-70-4A-0F-45-76-1B-B3-83-70-38-5E-DF-02-47">
      <ModulePath>C:\Windows\Microsoft.Net\assembly\GAC_MSIL\System.Xml\v4.0_4.0.0.0__b77a5c561934e089\System.Xml.dll</ModulePath>
      <ModuleTime>2017-01-21T04:45:07.8779103Z</ModuleTime>
      <ModuleName>System.Xml</ModuleName>
      <Classes />
    </Module>
    <Module skippedDueTo="Filter" hash="F3-16-D4-5E-C5-50-B3-22-7B-4E-24-71-CD-D2-35-E6-9C-74-2B-E4">
      <ModulePath>C:\Windows\Microsoft.Net\assembly\GAC_64\System.Web\v4.0_4.0.0.0__b03f5f7f11d50a3a\System.Web.dll</ModulePath>
      <ModuleTime>2017-01-21T04:44:56.2670836Z</ModuleTime>
      <ModuleName>System.Web</ModuleName>
      <Classes />
    </Module>
    <Module skippedDueTo="MissingPdb" hash="8A-2E-8F-D6-9D-39-02-4A-2F-30-FC-06-42-F7-0F-A8-32-69-07-72">
      <ModulePath>F:\ASP.NET\Official-MyNotebooks\MyNotebooks\MyNotebooks\MyNotebooks\packages\NUnit.ConsoleRunner.3.6.0\tools\Mono.Cecil.dll</ModulePath>
      <ModuleTime>2017-01-15T01:50:34Z</ModuleTime>
      <ModuleName>Mono.Cecil</ModuleName>
      <Classes />
    </Module>
    <Module skippedDueTo="Filter" hash="9C-DB-95-DC-25-D5-38-7E-C2-3A-20-8F-14-5D-A9-56-2A-D7-00-E3">
      <ModulePath>C:\Windows\Microsoft.Net\assembly\GAC_MSIL\System.Configuration\v4.0_4.0.0.0__b03f5f7f11d50a3a\System.Configuration.dll</ModulePath>
      <ModuleTime>2017-01-21T04:45:09.9270938Z</ModuleTime>
      <ModuleName>System.Configuration</ModuleName>
      <Classes />
    </Module>
    <Module skippedDueTo="MissingPdb" hash="45-EA-4E-AC-19-19-00-3D-32-48-A5-9E-F4-BA-10-51-33-E1-F3-41">
      <ModulePath>F:\ASP.NET\Official-MyNotebooks\MyNotebooks\MyNotebooks\MyNotebooks\MyNotebooks.Tests\bin\Debug\nunit.framework.dll</ModulePath>
      <ModuleTime>2017-01-10T04:17:16Z</ModuleTime>
      <ModuleName>nunit.framework</ModuleName>
      <Classes />
    </Module>
    <Module skippedDueTo="Filter" hash="EE-77-8B-34-FE-47-61-EA-AD-62-7D-B3-79-79-9C-B7-64-F3-12-03">
      <ModulePath>C:\Windows\Microsoft.Net\assembly\GAC_MSIL\System\v4.0_4.0.0.0__b77a5c561934e089\System.dll</ModulePath>
      <ModuleTime>2017-01-21T04:45:07.8178173Z</ModuleTime>
      <ModuleName>System</ModuleName>
      <Classes />
    </Module>
    <Module skippedDueTo="Filter" hash="31-76-6A-81-5B-45-2B-B2-02-8C-E4-69-D2-C3-8F-87-B1-54-25-E8">
      <ModulePath>C:\Windows\Microsoft.Net\assembly\GAC_MSIL\System.Core\v4.0_4.0.0.0__b77a5c561934e089\System.Core.dll</ModulePath>
      <ModuleTime>2017-01-21T04:45:09.9084476Z</ModuleTime>
      <ModuleName>System.Core</ModuleName>
      <Classes />
    </Module>
    <Module skippedDueTo="Filter" hash="F3-16-D4-5E-C5-50-B3-22-7B-4E-24-71-CD-D2-35-E6-9C-74-2B-E4">
      <ModulePath>C:\Windows\Microsoft.Net\assembly\GAC_64\System.Web\v4.0_4.0.0.0__b03f5f7f11d50a3a\System.Web.dll</ModulePath>
      <ModuleTime>2017-01-21T04:44:56.2670836Z</ModuleTime>
      <ModuleName>System.Web</ModuleName>
      <Classes />
    </Module>
    <Module skippedDueTo="Filter" hash="BD-72-C6-FC-0B-B1-D4-6E-3B-DC-D5-E1-FE-82-2C-E9-78-CD-1B-2D">
      <ModulePath>F:\ASP.NET\Official-MyNotebooks\MyNotebooks\MyNotebooks\MyNotebooks\MyNotebooks.Tests\bin\Debug\MyNotebooks.Tests.dll</ModulePath>
      <ModuleTime>2017-02-06T09:31:19.150641Z</ModuleTime>
      <ModuleName>MyNotebooks.Tests</ModuleName>
      <Classes />
    </Module>
    <Module hash="5B-08-26-25-6C-5A-F1-E4-B1-E7-67-F0-70-E6-DE-70-D8-96-56-97">
      <Summary numSequencePoints="135" visitedSequencePoints="47" numBranchPoints="47" visitedBranchPoints="21" sequenceCoverage="34.81" branchCoverage="44.68" maxCyclomaticComplexity="2" minCyclomaticComplexity="1" visitedClasses="5" numClasses="7" visitedMethods="21" numMethods="43" />
      <ModulePath>F:\ASP.NET\Official-MyNotebooks\MyNotebooks\MyNotebooks\MyNotebooks\MyNotebooks.Tests\bin\Debug\MyNotebooks.Data.dll</ModulePath>
      <ModuleTime>2017-02-06T09:04:07.760974Z</ModuleTime>
      <ModuleName>MyNotebooks.Data</ModuleName>
      <Files>
        <File uid="1" fullPath="F:\ASP.NET\Official-MyNotebooks\MyNotebooks\MyNotebooks\MyNotebooks\MyNotebooks.Data\NotebooksDbContext.cs" />
        <File uid="2" fullPath="F:\ASP.NET\Official-MyNotebooks\MyNotebooks\MyNotebooks\MyNotebooks\MyNotebooks.Data\UnitOfWorks\EfUnitOfWork.cs" />
        <File uid="3" fullPath="F:\ASP.NET\Official-MyNotebooks\MyNotebooks\MyNotebooks\MyNotebooks\MyNotebooks.Data\Repositories\NotebooksRepository.cs" />
        <File uid="4" fullPath="F:\ASP.NET\Official-MyNotebooks\MyNotebooks\MyNotebooks\MyNotebooks\MyNotebooks.Data\Repositories\RelationshipRepository.cs" />
        <File uid="6" fullPath="F:\ASP.NET\Official-MyNotebooks\MyNotebooks\MyNotebooks\MyNotebooks\MyNotebooks.Data\Repositories\UserRepository.cs" />
      </Files>
      <Classes>
        <Class>
          <Summary numSequencePoints="0" visitedSequencePoints="0" numBranchPoints="0" visitedBranchPoints="0" sequenceCoverage="0" branchCoverage="0" maxCyclomaticComplexity="0" minCyclomaticComplexity="0" visitedClasses="0" numClasses="0" visitedMethods="0" numMethods="0" />
          <FullName>&lt;Module&gt;</FullName>
          <Methods />
        </Class>
        <Class>
          <Summary numSequencePoints="10" visitedSequencePoints="5" numBranchPoints="6" visitedBranchPoints="3" sequenceCoverage="50" branchCoverage="50" maxCyclomaticComplexity="1" minCyclomaticComplexity="1" visitedClasses="1" numClasses="1" visitedMethods="3" numMethods="6" />
          <FullName>MyNotebooks.Data.NotebooksDbContext</FullName>
          <Methods>
            <Method visited="false" cyclomaticComplexity="1" nPathComplexity="0" sequenceCoverage="0" branchCoverage="0" isConstructor="false" isStatic="false" isGetter="true" isSetter="false">
              <Summary numSequencePoints="1" visitedSequencePoints="0" numBranchPoints="1" visitedBranchPoints="0" sequenceCoverage="0" branchCoverage="0" maxCyclomaticComplexity="1" minCyclomaticComplexity="1" visitedClasses="0" numClasses="0" visitedMethods="0" numMethods="1" />
              <MetadataToken>100663298</MetadataToken>
              <Name>System.Data.Entity.IDbSet`1&lt;MyNotebooks.Data.Models.Notebook&gt; MyNotebooks.Data.NotebooksDbContext::get_Notebooks()</Name>
              <FileRef uid="1" />
              <SequencePoints>
                <SequencePoint vc="0" uspid="1" ordinal="0" offset="0" sl="23" sc="53" el="23" ec="57" bec="0" bev="0" fileid="1" />
              </SequencePoints>
              <BranchPoints />
              <MethodPoint xsi:type="SequencePoint" vc="0" uspid="1" ordinal="0" offset="0" sl="23" sc="53" el="23" ec="57" bec="0" bev="0" fileid="1" />
            </Method>
            <Method visited="true" cyclomaticComplexity="1" nPathComplexity="0" sequenceCoverage="100" branchCoverage="100" isConstructor="false" isStatic="false" isGetter="false" isSetter="true">
              <Summary numSequencePoints="1" visitedSequencePoints="1" numBranchPoints="1" visitedBranchPoints="1" sequenceCoverage="100" branchCoverage="100" maxCyclomaticComplexity="1" minCyclomaticComplexity="1" visitedClasses="0" numClasses="0" visitedMethods="1" numMethods="1" />
              <MetadataToken>100663299</MetadataToken>
              <Name>System.Void MyNotebooks.Data.NotebooksDbContext::set_Notebooks(System.Data.Entity.IDbSet`1&lt;MyNotebooks.Data.Models.Notebook&gt;)</Name>
              <FileRef uid="1" />
              <SequencePoints>
                <SequencePoint vc="46" uspid="2" ordinal="0" offset="0" sl="23" sc="58" el="23" ec="62" bec="0" bev="0" fileid="1" />
              </SequencePoints>
              <BranchPoints />
              <MethodPoint xsi:type="SequencePoint" vc="46" uspid="2" ordinal="0" offset="0" sl="23" sc="58" el="23" ec="62" bec="0" bev="0" fileid="1" />
            </Method>
            <Method visited="false" cyclomaticComplexity="1" nPathComplexity="0" sequenceCoverage="0" branchCoverage="0" isConstructor="false" isStatic="false" isGetter="true" isSetter="false">
              <Summary numSequencePoints="1" visitedSequencePoints="0" numBranchPoints="1" visitedBranchPoints="0" sequenceCoverage="0" branchCoverage="0" maxCyclomaticComplexity="1" minCyclomaticComplexity="1" visitedClasses="0" numClasses="0" visitedMethods="0" numMethods="1" />
              <MetadataToken>100663300</MetadataToken>
              <Name>System.Data.Entity.IDbSet`1&lt;MyNotebooks.DataModels.Models.Relationship&gt; MyNotebooks.Data.NotebooksDbContext::get_Relationships()</Name>
              <FileRef uid="1" />
              <SequencePoints>
                <SequencePoint vc="0" uspid="3" ordinal="0" offset="0" sl="25" sc="61" el="25" ec="65" bec="0" bev="0" fileid="1" />
              </SequencePoints>
              <BranchPoints />
              <MethodPoint xsi:type="SequencePoint" vc="0" uspid="3" ordinal="0" offset="0" sl="25" sc="61" el="25" ec="65" bec="0" bev="0" fileid="1" />
            </Method>
            <Method visited="true" cyclomaticComplexity="1" nPathComplexity="0" sequenceCoverage="100" branchCoverage="100" isConstructor="false" isStatic="false" isGetter="false" isSetter="true">
              <Summary numSequencePoints="1" visitedSequencePoints="1" numBranchPoints="1" visitedBranchPoints="1" sequenceCoverage="100" branchCoverage="100" maxCyclomaticComplexity="1" minCyclomaticComplexity="1" visitedClasses="0" numClasses="0" visitedMethods="1" numMethods="1" />
              <MetadataToken>100663301</MetadataToken>
              <Name>System.Void MyNotebooks.Data.NotebooksDbContext::set_Relationships(System.Data.Entity.IDbSet`1&lt;MyNotebooks.DataModels.Models.Relationship&gt;)</Name>
              <FileRef uid="1" />
              <SequencePoints>
                <SequencePoint vc="46" uspid="4" ordinal="0" offset="0" sl="25" sc="66" el="25" ec="70" bec="0" bev="0" fileid="1" />
              </SequencePoints>
              <BranchPoints />
              <MethodPoint xsi:type="SequencePoint" vc="46" uspid="4" ordinal="0" offset="0" sl="25" sc="66" el="25" ec="70" bec="0" bev="0" fileid="1" />
            </Method>
            <Method visited="true" cyclomaticComplexity="1" nPathComplexity="0" sequenceCoverage="100" branchCoverage="100" isConstructor="true" isStatic="false" isGetter="false" isSetter="false">
              <Summary numSequencePoints="3" visitedSequencePoints="3" numBranchPoints="1" visitedBranchPoints="1" sequenceCoverage="100" branchCoverage="100" maxCyclomaticComplexity="1" minCyclomaticComplexity="1" visitedClasses="0" numClasses="0" visitedMethods="1" numMethods="1" />
              <MetadataToken>100663297</MetadataToken>
              <Name>System.Void MyNotebooks.Data.NotebooksDbContext::.ctor()</Name>
              <FileRef uid="1" />
              <SequencePoints>
                <SequencePoint vc="46" uspid="5" ordinal="0" offset="0" sl="18" sc="39" el="18" ec="82" bec="0" bev="0" fileid="1" />
                <SequencePoint vc="46" uspid="6" ordinal="1" offset="13" sl="19" sc="9" el="19" ec="10" bec="0" bev="0" fileid="1" />
                <SequencePoint vc="46" uspid="7" ordinal="2" offset="14" sl="21" sc="9" el="21" ec="10" bec="0" bev="0" fileid="1" />
              </SequencePoints>
              <BranchPoints />
              <MethodPoint xsi:type="SequencePoint" vc="46" uspid="5" ordinal="0" offset="0" sl="18" sc="39" el="18" ec="82" bec="0" bev="0" fileid="1" />
            </Method>
            <Method visited="false" cyclomaticComplexity="1" nPathComplexity="0" sequenceCoverage="0" branchCoverage="0" isConstructor="false" isStatic="true" isGetter="false" isSetter="false">
              <Summary numSequencePoints="3" visitedSequencePoints="0" numBranchPoints="1" visitedBranchPoints="0" sequenceCoverage="0" branchCoverage="0" maxCyclomaticComplexity="1" minCyclomaticComplexity="1" visitedClasses="0" numClasses="0" visitedMethods="0" numMethods="1" />
              <MetadataToken>100663302</MetadataToken>
              <Name>MyNotebooks.Data.NotebooksDbContext MyNotebooks.Data.NotebooksDbContext::Create()</Name>
              <FileRef uid="1" />
              <SequencePoints>
                <SequencePoint vc="0" uspid="8" ordinal="0" offset="0" sl="28" sc="9" el="28" ec="10" bec="0" bev="0" fileid="1" />
                <SequencePoint vc="0" uspid="9" ordinal="1" offset="1" sl="29" sc="13" el="29" ec="45" bec="0" bev="0" fileid="1" />
                <SequencePoint vc="0" uspid="10" ordinal="2" offset="9" sl="30" sc="9" el="30" ec="10" bec="0" bev="0" fileid="1" />
              </SequencePoints>
              <BranchPoints />
              <MethodPoint xsi:type="SequencePoint" vc="0" uspid="8" ordinal="0" offset="0" sl="28" sc="9" el="28" ec="10" bec="0" bev="0" fileid="1" />
            </Method>
          </Methods>
        </Class>
        <Class>
          <Summary numSequencePoints="12" visitedSequencePoints="7" numBranchPoints="4" visitedBranchPoints="3" sequenceCoverage="58.33" branchCoverage="75" maxCyclomaticComplexity="1" minCyclomaticComplexity="1" visitedClasses="1" numClasses="1" visitedMethods="3" numMethods="4" />
          <FullName>MyNotebooks.Data.UnitOfWorks.EfUnitOfWork</FullName>
          <Methods>
            <Method visited="true" cyclomaticComplexity="1" nPathComplexity="0" sequenceCoverage="100" branchCoverage="100" isConstructor="true" isStatic="false" isGetter="false" isSetter="false">
              <Summary numSequencePoints="3" visitedSequencePoints="3" numBranchPoints="1" visitedBranchPoints="1" sequenceCoverage="100" branchCoverage="100" maxCyclomaticComplexity="1" minCyclomaticComplexity="1" visitedClasses="0" numClasses="0" visitedMethods="1" numMethods="1" />
              <MetadataToken>100663303</MetadataToken>
              <Name>System.Void MyNotebooks.Data.UnitOfWorks.EfUnitOfWork::.ctor()</Name>
              <FileRef uid="2" />
              <SequencePoints>
                <SequencePoint vc="3" uspid="11" ordinal="0" offset="0" sl="17" sc="9" el="17" ec="30" bec="0" bev="0" fileid="2" />
                <SequencePoint vc="3" uspid="12" ordinal="1" offset="7" sl="18" sc="9" el="18" ec="10" bec="0" bev="0" fileid="2" />
                <SequencePoint vc="3" uspid="13" ordinal="2" offset="8" sl="20" sc="9" el="20" ec="10" bec="0" bev="0" fileid="2" />
              </SequencePoints>
              <BranchPoints />
              <MethodPoint xsi:type="SequencePoint" vc="3" uspid="11" ordinal="0" offset="0" sl="17" sc="9" el="17" ec="30" bec="0" bev="0" fileid="2" />
            </Method>
            <Method visited="false" cyclomaticComplexity="1" nPathComplexity="0" sequenceCoverage="0" branchCoverage="0" isConstructor="false" isStatic="false" isGetter="false" isSetter="false">
              <Summary numSequencePoints="3" visitedSequencePoints="0" numBranchPoints="1" visitedBranchPoints="0" sequenceCoverage="0" branchCoverage="0" maxCyclomaticComplexity="1" minCyclomaticComplexity="1" visitedClasses="0" numClasses="0" visitedMethods="0" numMethods="1" />
              <MetadataToken>100663304</MetadataToken>
              <Name>System.Void MyNotebooks.Data.UnitOfWorks.EfUnitOfWork::setContext(Microsoft.AspNet.Identity.EntityFramework.IdentityDbContext`1&lt;MyNotebooks.DataModels.Models.User&gt;)</Name>
              <FileRef uid="2" />
              <SequencePoints>
                <SequencePoint vc="0" uspid="14" ordinal="0" offset="0" sl="23" sc="9" el="23" ec="10" bec="0" bev="0" fileid="2" />
                <SequencePoint vc="0" uspid="15" ordinal="1" offset="1" sl="24" sc="13" el="24" ec="36" bec="0" bev="0" fileid="2" />
                <SequencePoint vc="0" uspid="16" ordinal="2" offset="8" sl="25" sc="9" el="25" ec="10" bec="0" bev="0" fileid="2" />
              </SequencePoints>
              <BranchPoints />
              <MethodPoint xsi:type="SequencePoint" vc="0" uspid="14" ordinal="0" offset="0" sl="23" sc="9" el="23" ec="10" bec="0" bev="0" fileid="2" />
            </Method>
            <Method visited="true" cyclomaticComplexity="1" nPathComplexity="0" sequenceCoverage="66.67" branchCoverage="100" isConstructor="false" isStatic="false" isGetter="false" isSetter="false">
              <Summary numSequencePoints="3" visitedSequencePoints="2" numBranchPoints="1" visitedBranchPoints="1" sequenceCoverage="66.67" branchCoverage="100" maxCyclomaticComplexity="1" minCyclomaticComplexity="1" visitedClasses="0" numClasses="0" visitedMethods="1" numMethods="1" />
              <MetadataToken>100663305</MetadataToken>
              <Name>System.Void MyNotebooks.Data.UnitOfWorks.EfUnitOfWork::Commit()</Name>
              <FileRef uid="2" />
              <SequencePoints>
                <SequencePoint vc="1" uspid="17" ordinal="0" offset="0" sl="28" sc="9" el="28" ec="10" bec="0" bev="0" fileid="2" />
                <SequencePoint vc="1" uspid="18" ordinal="1" offset="1" sl="29" sc="13" el="29" ec="40" bec="0" bev="0" fileid="2" />
                <SequencePoint vc="0" uspid="19" ordinal="2" offset="13" sl="30" sc="9" el="30" ec="10" bec="0" bev="0" fileid="2" />
              </SequencePoints>
              <BranchPoints />
              <MethodPoint xsi:type="SequencePoint" vc="1" uspid="17" ordinal="0" offset="0" sl="28" sc="9" el="28" ec="10" bec="0" bev="0" fileid="2" />
            </Method>
            <Method visited="true" cyclomaticComplexity="1" nPathComplexity="0" sequenceCoverage="66.67" branchCoverage="100" isConstructor="false" isStatic="false" isGetter="false" isSetter="false">
              <Summary numSequencePoints="3" visitedSequencePoints="2" numBranchPoints="1" visitedBranchPoints="1" sequenceCoverage="66.67" branchCoverage="100" maxCyclomaticComplexity="1" minCyclomaticComplexity="1" visitedClasses="0" numClasses="0" visitedMethods="1" numMethods="1" />
              <MetadataToken>100663306</MetadataToken>
              <Name>System.Void MyNotebooks.Data.UnitOfWorks.EfUnitOfWork::Dispose()</Name>
              <FileRef uid="2" />
              <SequencePoints>
                <SequencePoint vc="1" uspid="20" ordinal="0" offset="0" sl="33" sc="9" el="33" ec="10" bec="0" bev="0" fileid="2" />
                <SequencePoint vc="1" uspid="21" ordinal="1" offset="1" sl="34" sc="13" el="34" ec="36" bec="0" bev="0" fileid="2" />
                <SequencePoint vc="0" uspid="22" ordinal="2" offset="13" sl="35" sc="9" el="35" ec="10" bec="0" bev="0" fileid="2" />
              </SequencePoints>
              <BranchPoints />
              <MethodPoint xsi:type="SequencePoint" vc="1" uspid="20" ordinal="0" offset="0" sl="33" sc="9" el="33" ec="10" bec="0" bev="0" fileid="2" />
            </Method>
          </Methods>
        </Class>
        <Class>
          <Summary numSequencePoints="32" visitedSequencePoints="22" numBranchPoints="11" visitedBranchPoints="9" sequenceCoverage="68.75" branchCoverage="81.82" maxCyclomaticComplexity="2" minCyclomaticComplexity="1" visitedClasses="1" numClasses="1" visitedMethods="9" numMethods="9" />
          <FullName>MyNotebooks.Data.Repositories.NotebooksRepository</FullName>
          <Methods>
            <Method visited="true" cyclomaticComplexity="1" nPathComplexity="0" sequenceCoverage="100" branchCoverage="100" isConstructor="false" isStatic="false" isGetter="true" isSetter="false">
              <Summary numSequencePoints="1" visitedSequencePoints="1" numBranchPoints="1" visitedBranchPoints="1" sequenceCoverage="100" branchCoverage="100" maxCyclomaticComplexity="1" minCyclomaticComplexity="1" visitedClasses="0" numClasses="0" visitedMethods="1" numMethods="1" />
              <MetadataToken>100663307</MetadataToken>
              <Name>MyNotebooks.Data.Contracts.INotebookDbContext MyNotebooks.Data.Repositories.NotebooksRepository::get_Context()</Name>
              <FileRef uid="3" />
              <SequencePoints>
                <SequencePoint vc="3" uspid="23" ordinal="0" offset="0" sl="16" sc="45" el="16" ec="49" bec="0" bev="0" fileid="3" />
              </SequencePoints>
              <BranchPoints />
              <MethodPoint xsi:type="SequencePoint" vc="3" uspid="23" ordinal="0" offset="0" sl="16" sc="45" el="16" ec="49" bec="0" bev="0" fileid="3" />
            </Method>
            <Method visited="true" cyclomaticComplexity="1" nPathComplexity="0" sequenceCoverage="100" branchCoverage="100" isConstructor="false" isStatic="false" isGetter="false" isSetter="true">
              <Summary numSequencePoints="1" visitedSequencePoints="1" numBranchPoints="1" visitedBranchPoints="1" sequenceCoverage="100" branchCoverage="100" maxCyclomaticComplexity="1" minCyclomaticComplexity="1" visitedClasses="0" numClasses="0" visitedMethods="1" numMethods="1" />
              <MetadataToken>100663308</MetadataToken>
              <Name>System.Void MyNotebooks.Data.Repositories.NotebooksRepository::set_Context(MyNotebooks.Data.Contracts.INotebookDbContext)</Name>
              <FileRef uid="3" />
              <SequencePoints>
                <SequencePoint vc="8" uspid="24" ordinal="0" offset="0" sl="16" sc="50" el="16" ec="54" bec="0" bev="0" fileid="3" />
              </SequencePoints>
              <BranchPoints />
              <MethodPoint xsi:type="SequencePoint" vc="8" uspid="24" ordinal="0" offset="0" sl="16" sc="50" el="16" ec="54" bec="0" bev="0" fileid="3" />
            </Method>
            <Method visited="true" cyclomaticComplexity="1" nPathComplexity="0" sequenceCoverage="100" branchCoverage="100" isConstructor="true" isStatic="false" isGetter="false" isSetter="false">
              <Summary numSequencePoints="3" visitedSequencePoints="3" numBranchPoints="1" visitedBranchPoints="1" sequenceCoverage="100" branchCoverage="100" maxCyclomaticComplexity="1" minCyclomaticComplexity="1" visitedClasses="0" numClasses="0" visitedMethods="1" numMethods="1" />
              <MetadataToken>100663309</MetadataToken>
              <Name>System.Void MyNotebooks.Data.Repositories.NotebooksRepository::.ctor()</Name>
              <FileRef uid="3" />
              <SequencePoints>
                <SequencePoint vc="9" uspid="25" ordinal="0" offset="0" sl="18" sc="9" el="18" ec="37" bec="0" bev="0" fileid="3" />
                <SequencePoint vc="9" uspid="26" ordinal="1" offset="7" sl="19" sc="9" el="19" ec="10" bec="0" bev="0" fileid="3" />
                <SequencePoint vc="9" uspid="27" ordinal="2" offset="8" sl="21" sc="9" el="21" ec="10" bec="0" bev="0" fileid="3" />
              </SequencePoints>
              <BranchPoints />
              <MethodPoint xsi:type="SequencePoint" vc="9" uspid="25" ordinal="0" offset="0" sl="18" sc="9" el="18" ec="37" bec="0" bev="0" fileid="3" />
            </Method>
            <Method visited="true" cyclomaticComplexity="1" nPathComplexity="0" sequenceCoverage="100" branchCoverage="100" isConstructor="false" isStatic="false" isGetter="false" isSetter="false">
              <Summary numSequencePoints="3" visitedSequencePoints="3" numBranchPoints="1" visitedBranchPoints="1" sequenceCoverage="100" branchCoverage="100" maxCyclomaticComplexity="1" minCyclomaticComplexity="1" visitedClasses="0" numClasses="0" visitedMethods="1" numMethods="1" />
              <MetadataToken>100663310</MetadataToken>
              <Name>System.Void MyNotebooks.Data.Repositories.NotebooksRepository::setNotebookDbContext(MyNotebooks.Data.Contracts.INotebookDbContext)</Name>
              <FileRef uid="3" />
              <SequencePoints>
                <SequencePoint vc="8" uspid="28" ordinal="0" offset="0" sl="24" sc="9" el="24" ec="10" bec="0" bev="0" fileid="3" />
                <SequencePoint vc="8" uspid="29" ordinal="1" offset="1" sl="25" sc="13" el="25" ec="36" bec="0" bev="0" fileid="3" />
                <SequencePoint vc="8" uspid="30" ordinal="2" offset="9" sl="26" sc="9" el="26" ec="10" bec="0" bev="0" fileid="3" />
              </SequencePoints>
              <BranchPoints />
              <MethodPoint xsi:type="SequencePoint" vc="8" uspid="28" ordinal="0" offset="0" sl="24" sc="9" el="24" ec="10" bec="0" bev="0" fileid="3" />
            </Method>
            <Method visited="true" cyclomaticComplexity="1" nPathComplexity="0" sequenceCoverage="100" branchCoverage="100" isConstructor="false" isStatic="false" isGetter="false" isSetter="false">
              <Summary numSequencePoints="3" visitedSequencePoints="3" numBranchPoints="1" visitedBranchPoints="1" sequenceCoverage="100" branchCoverage="100" maxCyclomaticComplexity="1" minCyclomaticComplexity="1" visitedClasses="0" numClasses="0" visitedMethods="1" numMethods="1" />
              <MetadataToken>100663311</MetadataToken>
              <Name>System.Void MyNotebooks.Data.Repositories.NotebooksRepository::Add(MyNotebooks.Data.Models.Notebook)</Name>
              <FileRef uid="3" />
              <SequencePoints>
                <SequencePoint vc="1" uspid="31" ordinal="0" offset="0" sl="29" sc="9" el="29" ec="10" bec="0" bev="0" fileid="3" />
                <SequencePoint vc="1" uspid="32" ordinal="1" offset="1" sl="30" sc="13" el="30" ec="48" bec="0" bev="0" fileid="3" />
                <SequencePoint vc="1" uspid="33" ordinal="2" offset="19" sl="31" sc="9" el="31" ec="10" bec="0" bev="0" fileid="3" />
              </SequencePoints>
              <BranchPoints />
              <MethodPoint xsi:type="SequencePoint" vc="1" uspid="31" ordinal="0" offset="0" sl="29" sc="9" el="29" ec="10" bec="0" bev="0" fileid="3" />
            </Method>
            <Method visited="true" cyclomaticComplexity="1" nPathComplexity="0" sequenceCoverage="100" branchCoverage="100" isConstructor="false" isStatic="false" isGetter="false" isSetter="false">
              <Summary numSequencePoints="3" visitedSequencePoints="3" numBranchPoints="1" visitedBranchPoints="1" sequenceCoverage="100" branchCoverage="100" maxCyclomaticComplexity="1" minCyclomaticComplexity="1" visitedClasses="0" numClasses="0" visitedMethods="1" numMethods="1" />
              <MetadataToken>100663312</MetadataToken>
              <Name>System.Void MyNotebooks.Data.Repositories.NotebooksRepository::Delete(MyNotebooks.Data.Models.Notebook)</Name>
              <FileRef uid="3" />
              <SequencePoints>
                <SequencePoint vc="1" uspid="34" ordinal="0" offset="0" sl="34" sc="9" el="34" ec="10" bec="0" bev="0" fileid="3" />
                <SequencePoint vc="1" uspid="35" ordinal="1" offset="1" sl="35" sc="13" el="35" ec="51" bec="0" bev="0" fileid="3" />
                <SequencePoint vc="1" uspid="36" ordinal="2" offset="19" sl="36" sc="9" el="36" ec="10" bec="0" bev="0" fileid="3" />
              </SequencePoints>
              <BranchPoints />
              <MethodPoint xsi:type="SequencePoint" vc="1" uspid="34" ordinal="0" offset="0" sl="34" sc="9" el="34" ec="10" bec="0" bev="0" fileid="3" />
            </Method>
            <Method visited="true" cyclomaticComplexity="1" nPathComplexity="0" sequenceCoverage="100" branchCoverage="100" isConstructor="false" isStatic="false" isGetter="false" isSetter="false">
              <Summary numSequencePoints="3" visitedSequencePoints="3" numBranchPoints="1" visitedBranchPoints="1" sequenceCoverage="100" branchCoverage="100" maxCyclomaticComplexity="1" minCyclomaticComplexity="1" visitedClasses="0" numClasses="0" visitedMethods="1" numMethods="1" />
              <MetadataToken>100663313</MetadataToken>
              <Name>System.Void MyNotebooks.Data.Repositories.NotebooksRepository::Update(MyNotebooks.Data.Models.Notebook,System.Object)</Name>
              <FileRef uid="3" />
              <SequencePoints>
                <SequencePoint vc="2" uspid="37" ordinal="0" offset="0" sl="39" sc="9" el="39" ec="10" bec="0" bev="0" fileid="3" />
                <SequencePoint vc="2" uspid="38" ordinal="1" offset="1" sl="40" sc="13" el="40" ec="49" bec="0" bev="0" fileid="3" />
                <SequencePoint vc="2" uspid="39" ordinal="2" offset="14" sl="41" sc="9" el="41" ec="10" bec="0" bev="0" fileid="3" />
              </SequencePoints>
              <BranchPoints />
              <MethodPoint xsi:type="SequencePoint" vc="2" uspid="37" ordinal="0" offset="0" sl="39" sc="9" el="39" ec="10" bec="0" bev="0" fileid="3" />
            </Method>
            <Method visited="true" cyclomaticComplexity="1" nPathComplexity="0" sequenceCoverage="100" branchCoverage="100" isConstructor="false" isStatic="false" isGetter="false" isSetter="false">
              <Summary numSequencePoints="3" visitedSequencePoints="3" numBranchPoints="1" visitedBranchPoints="1" sequenceCoverage="100" branchCoverage="100" maxCyclomaticComplexity="1" minCyclomaticComplexity="1" visitedClasses="0" numClasses="0" visitedMethods="1" numMethods="1" />
              <MetadataToken>100663314</MetadataToken>
              <Name>System.Void MyNotebooks.Data.Repositories.NotebooksRepository::Update(MyNotebooks.Data.Models.Notebook,System.String)</Name>
              <FileRef uid="3" />
              <SequencePoints>
                <SequencePoint vc="2" uspid="40" ordinal="0" offset="0" sl="44" sc="9" el="44" ec="10" bec="0" bev="0" fileid="3" />
                <SequencePoint vc="2" uspid="41" ordinal="1" offset="1" sl="45" sc="13" el="45" ec="38" bec="0" bev="0" fileid="3" />
                <SequencePoint vc="2" uspid="42" ordinal="2" offset="9" sl="46" sc="9" el="46" ec="10" bec="0" bev="0" fileid="3" />
              </SequencePoints>
              <BranchPoints />
              <MethodPoint xsi:type="SequencePoint" vc="2" uspid="40" ordinal="0" offset="0" sl="44" sc="9" el="44" ec="10" bec="0" bev="0" fileid="3" />
            </Method>
            <Method visited="true" cyclomaticComplexity="2" nPathComplexity="2" sequenceCoverage="16.67" branchCoverage="33.33" isConstructor="false" isStatic="false" isGetter="false" isSetter="false">
              <Summary numSequencePoints="12" visitedSequencePoints="2" numBranchPoints="3" visitedBranchPoints="1" sequenceCoverage="16.67" branchCoverage="33.33" maxCyclomaticComplexity="2" minCyclomaticComplexity="2" visitedClasses="0" numClasses="0" visitedMethods="1" numMethods="1" />
              <MetadataToken>100663315</MetadataToken>
              <Name>MyNotebooks.Data.Models.Notebook MyNotebooks.Data.Repositories.NotebooksRepository::Find(System.String,System.String,System.String)</Name>
              <FileRef uid="3" />
              <SequencePoints>
                <SequencePoint vc="1" uspid="43" ordinal="0" offset="27" sl="49" sc="9" el="49" ec="10" bec="0" bev="0" fileid="3" />
                <SequencePoint vc="1" uspid="44" ordinal="1" offset="28" sl="50" sc="13" el="50" ec="138" bec="0" bev="0" fileid="3" />
                <SequencePoint vc="0" uspid="45" ordinal="2" offset="262" sl="51" sc="13" el="51" ec="34" bec="2" bev="0" fileid="3" />
                <SequencePoint vc="0" uspid="46" ordinal="3" offset="270" sl="52" sc="13" el="52" ec="14" bec="0" bev="0" fileid="3" />
                <SequencePoint vc="0" uspid="47" ordinal="4" offset="271" sl="53" sc="17" el="53" ec="43" bec="0" bev="0" fileid="3" />
                <SequencePoint vc="0" uspid="48" ordinal="5" offset="277" sl="54" sc="17" el="54" ec="46" bec="0" bev="0" fileid="3" />
                <SequencePoint vc="0" uspid="49" ordinal="6" offset="290" sl="55" sc="17" el="55" ec="38" bec="0" bev="0" fileid="3" />
                <SequencePoint vc="0" uspid="50" ordinal="7" offset="303" sl="56" sc="17" el="56" ec="44" bec="0" bev="0" fileid="3" />
                <SequencePoint vc="0" uspid="51" ordinal="8" offset="316" sl="57" sc="17" el="57" ec="54" bec="0" bev="0" fileid="3" />
                <SequencePoint vc="0" uspid="52" ordinal="9" offset="334" sl="58" sc="13" el="58" ec="14" bec="0" bev="0" fileid="3" />
                <SequencePoint vc="0" uspid="53" ordinal="10" offset="335" sl="60" sc="13" el="60" ec="29" bec="0" bev="0" fileid="3" />
                <SequencePoint vc="0" uspid="54" ordinal="11" offset="340" sl="61" sc="9" el="61" ec="10" bec="0" bev="0" fileid="3" />
              </SequencePoints>
              <BranchPoints>
                <BranchPoint vc="0" uspid="55" ordinal="0" offset="268" sl="51" path="0" offsetend="270" fileid="3" />
                <BranchPoint vc="0" uspid="56" ordinal="1" offset="268" sl="51" path="1" offsetend="335" fileid="3" />
              </BranchPoints>
              <MethodPoint vc="1" uspid="57" ordinal="0" offset="0" />
            </Method>
          </Methods>
        </Class>
        <Class>
          <Summary numSequencePoints="0" visitedSequencePoints="0" numBranchPoints="0" visitedBranchPoints="0" sequenceCoverage="0" branchCoverage="0" maxCyclomaticComplexity="1" minCyclomaticComplexity="1" visitedClasses="0" numClasses="0" visitedMethods="0" numMethods="0" />
          <FullName>MyNotebooks.Data.Repositories.NotebooksRepository/&lt;&gt;c__DisplayClass10_0</FullName>
          <Methods>
            <Method visited="true" cyclomaticComplexity="1" nPathComplexity="0" sequenceCoverage="0" branchCoverage="0" isConstructor="true" isStatic="false" isGetter="false" isSetter="false">
              <Summary numSequencePoints="0" visitedSequencePoints="0" numBranchPoints="0" visitedBranchPoints="0" sequenceCoverage="0" branchCoverage="0" maxCyclomaticComplexity="1" minCyclomaticComplexity="1" visitedClasses="0" numClasses="0" visitedMethods="0" numMethods="0" />
              <MetadataToken>100663358</MetadataToken>
              <Name>System.Void MyNotebooks.Data.Repositories.NotebooksRepository/&lt;&gt;c__DisplayClass10_0::.ctor()</Name>
              <SequencePoints />
              <BranchPoints />
              <MethodPoint vc="1" uspid="58" ordinal="0" offset="0" />
            </Method>
          </Methods>
        </Class>
        <Class>
          <Summary numSequencePoints="41" visitedSequencePoints="10" numBranchPoints="12" visitedBranchPoints="5" sequenceCoverage="24.39" branchCoverage="41.67" maxCyclomaticComplexity="2" minCyclomaticComplexity="1" visitedClasses="1" numClasses="1" visitedMethods="5" numMethods="10" />
          <FullName>MyNotebooks.Data.Repositories.RelationshipRepository</FullName>
          <Methods>
            <Method visited="true" cyclomaticComplexity="1" nPathComplexity="0" sequenceCoverage="100" branchCoverage="100" isConstructor="false" isStatic="false" isGetter="true" isSetter="false">
              <Summary numSequencePoints="1" visitedSequencePoints="1" numBranchPoints="1" visitedBranchPoints="1" sequenceCoverage="100" branchCoverage="100" maxCyclomaticComplexity="1" minCyclomaticComplexity="1" visitedClasses="0" numClasses="0" visitedMethods="1" numMethods="1" />
              <MetadataToken>100663316</MetadataToken>
              <Name>MyNotebooks.Data.Contracts.INotebookDbContext MyNotebooks.Data.Repositories.RelationshipRepository::get_Context()</Name>
              <FileRef uid="4" />
              <SequencePoints>
                <SequencePoint vc="1" uspid="59" ordinal="0" offset="0" sl="13" sc="45" el="13" ec="49" bec="0" bev="0" fileid="4" />
              </SequencePoints>
              <BranchPoints />
              <MethodPoint xsi:type="SequencePoint" vc="1" uspid="59" ordinal="0" offset="0" sl="13" sc="45" el="13" ec="49" bec="0" bev="0" fileid="4" />
            </Method>
            <Method visited="true" cyclomaticComplexity="1" nPathComplexity="0" sequenceCoverage="100" branchCoverage="100" isConstructor="false" isStatic="false" isGetter="false" isSetter="true">
              <Summary numSequencePoints="1" visitedSequencePoints="1" numBranchPoints="1" visitedBranchPoints="1" sequenceCoverage="100" branchCoverage="100" maxCyclomaticComplexity="1" minCyclomaticComplexity="1" visitedClasses="0" numClasses="0" visitedMethods="1" numMethods="1" />
              <MetadataToken>100663317</MetadataToken>
              <Name>System.Void MyNotebooks.Data.Repositories.RelationshipRepository::set_Context(MyNotebooks.Data.Contracts.INotebookDbContext)</Name>
              <FileRef uid="4" />
              <SequencePoints>
                <SequencePoint vc="2" uspid="60" ordinal="0" offset="0" sl="13" sc="50" el="13" ec="54" bec="0" bev="0" fileid="4" />
              </SequencePoints>
              <BranchPoints />
              <MethodPoint xsi:type="SequencePoint" vc="2" uspid="60" ordinal="0" offset="0" sl="13" sc="50" el="13" ec="54" bec="0" bev="0" fileid="4" />
            </Method>
            <Method visited="true" cyclomaticComplexity="1" nPathComplexity="0" sequenceCoverage="100" branchCoverage="100" isConstructor="true" isStatic="false" isGetter="false" isSetter="false">
              <Summary numSequencePoints="3" visitedSequencePoints="3" numBranchPoints="1" visitedBranchPoints="1" sequenceCoverage="100" branchCoverage="100" maxCyclomaticComplexity="1" minCyclomaticComplexity="1" visitedClasses="0" numClasses="0" visitedMethods="1" numMethods="1" />
              <MetadataToken>100663318</MetadataToken>
              <Name>System.Void MyNotebooks.Data.Repositories.RelationshipRepository::.ctor()</Name>
              <FileRef uid="4" />
              <SequencePoints>
                <SequencePoint vc="3" uspid="61" ordinal="0" offset="0" sl="15" sc="9" el="15" ec="40" bec="0" bev="0" fileid="4" />
                <SequencePoint vc="3" uspid="62" ordinal="1" offset="7" sl="16" sc="9" el="16" ec="10" bec="0" bev="0" fileid="4" />
                <SequencePoint vc="3" uspid="63" ordinal="2" offset="8" sl="18" sc="9" el="18" ec="10" bec="0" bev="0" fileid="4" />
              </SequencePoints>
              <BranchPoints />
              <MethodPoint xsi:type="SequencePoint" vc="3" uspid="61" ordinal="0" offset="0" sl="15" sc="9" el="15" ec="40" bec="0" bev="0" fileid="4" />
            </Method>
            <Method visited="true" cyclomaticComplexity="1" nPathComplexity="0" sequenceCoverage="100" branchCoverage="100" isConstructor="false" isStatic="false" isGetter="false" isSetter="false">
              <Summary numSequencePoints="3" visitedSequencePoints="3" numBranchPoints="1" visitedBranchPoints="1" sequenceCoverage="100" branchCoverage="100" maxCyclomaticComplexity="1" minCyclomaticComplexity="1" visitedClasses="0" numClasses="0" visitedMethods="1" numMethods="1" />
              <MetadataToken>100663319</MetadataToken>
              <Name>System.Void MyNotebooks.Data.Repositories.RelationshipRepository::setContext(MyNotebooks.Data.Contracts.INotebookDbContext)</Name>
              <FileRef uid="4" />
              <SequencePoints>
                <SequencePoint vc="2" uspid="64" ordinal="0" offset="0" sl="21" sc="9" el="21" ec="10" bec="0" bev="0" fileid="4" />
                <SequencePoint vc="2" uspid="65" ordinal="1" offset="1" sl="22" sc="13" el="22" ec="36" bec="0" bev="0" fileid="4" />
                <SequencePoint vc="2" uspid="66" ordinal="2" offset="9" sl="23" sc="9" el="23" ec="10" bec="0" bev="0" fileid="4" />
              </SequencePoints>
              <BranchPoints />
              <MethodPoint xsi:type="SequencePoint" vc="2" uspid="64" ordinal="0" offset="0" sl="21" sc="9" el="21" ec="10" bec="0" bev="0" fileid="4" />
            </Method>
            <Method visited="false" cyclomaticComplexity="2" nPathComplexity="2" sequenceCoverage="0" branchCoverage="0" isConstructor="false" isStatic="false" isGetter="false" isSetter="false">
              <Summary numSequencePoints="10" visitedSequencePoints="0" numBranchPoints="3" visitedBranchPoints="0" sequenceCoverage="0" branchCoverage="0" maxCyclomaticComplexity="2" minCyclomaticComplexity="2" visitedClasses="0" numClasses="0" visitedMethods="0" numMethods="1" />
              <MetadataToken>100663320</MetadataToken>
              <Name>System.Void MyNotebooks.Data.Repositories.RelationshipRepository::Add(MyNotebooks.DataModels.Models.Relationship)</Name>
              <FileRef uid="4" />
              <SequencePoints>
                <SequencePoint vc="0" uspid="67" ordinal="0" offset="13" sl="26" sc="9" el="26" ec="10" bec="0" bev="0" fileid="4" />
                <SequencePoint vc="0" uspid="68" ordinal="1" offset="14" sl="27" sc="13" el="27" ec="139" bec="0" bev="0" fileid="4" />
                <SequencePoint vc="0" uspid="69" ordinal="2" offset="231" sl="28" sc="13" el="28" ec="32" bec="2" bev="0" fileid="4" />
                <SequencePoint vc="0" uspid="70" ordinal="3" offset="244" sl="29" sc="13" el="29" ec="14" bec="0" bev="0" fileid="4" />
                <SequencePoint vc="0" uspid="71" ordinal="4" offset="245" sl="30" sc="17" el="30" ec="68" bec="0" bev="0" fileid="4" />
                <SequencePoint vc="0" uspid="72" ordinal="5" offset="269" sl="31" sc="13" el="31" ec="14" bec="0" bev="0" fileid="4" />
                <SequencePoint vc="0" uspid="73" ordinal="6" offset="272" sl="33" sc="13" el="33" ec="14" bec="0" bev="0" fileid="4" />
                <SequencePoint vc="0" uspid="74" ordinal="7" offset="273" sl="34" sc="17" el="34" ec="56" bec="0" bev="0" fileid="4" />
                <SequencePoint vc="0" uspid="75" ordinal="8" offset="296" sl="35" sc="13" el="35" ec="14" bec="0" bev="0" fileid="4" />
                <SequencePoint vc="0" uspid="76" ordinal="9" offset="297" sl="36" sc="9" el="36" ec="10" bec="0" bev="0" fileid="4" />
              </SequencePoints>
              <BranchPoints>
                <BranchPoint vc="0" uspid="77" ordinal="0" offset="242" sl="28" path="0" offsetend="244" fileid="4" />
                <BranchPoint vc="0" uspid="78" ordinal="1" offset="242" sl="28" path="1" offsetend="272" fileid="4" />
              </BranchPoints>
              <MethodPoint vc="0" uspid="79" ordinal="0" offset="0" />
            </Method>
            <Method visited="false" cyclomaticComplexity="1" nPathComplexity="0" sequenceCoverage="0" branchCoverage="0" isConstructor="false" isStatic="false" isGetter="false" isSetter="false">
              <Summary numSequencePoints="3" visitedSequencePoints="0" numBranchPoints="1" visitedBranchPoints="0" sequenceCoverage="0" branchCoverage="0" maxCyclomaticComplexity="1" minCyclomaticComplexity="1" visitedClasses="0" numClasses="0" visitedMethods="0" numMethods="1" />
              <MetadataToken>100663321</MetadataToken>
              <Name>System.Void MyNotebooks.Data.Repositories.RelationshipRepository::Delete(MyNotebooks.DataModels.Models.Relationship)</Name>
              <FileRef uid="4" />
              <SequencePoints>
                <SequencePoint vc="0" uspid="80" ordinal="0" offset="0" sl="39" sc="9" el="39" ec="10" bec="0" bev="0" fileid="4" />
                <SequencePoint vc="0" uspid="81" ordinal="1" offset="1" sl="40" sc="13" el="40" ec="55" bec="0" bev="0" fileid="4" />
                <SequencePoint vc="0" uspid="82" ordinal="2" offset="19" sl="41" sc="9" el="41" ec="10" bec="0" bev="0" fileid="4" />
              </SequencePoints>
              <BranchPoints />
              <MethodPoint xsi:type="SequencePoint" vc="0" uspid="80" ordinal="0" offset="0" sl="39" sc="9" el="39" ec="10" bec="0" bev="0" fileid="4" />
            </Method>
            <Method visited="true" cyclomaticComplexity="1" nPathComplexity="0" sequenceCoverage="40" branchCoverage="100" isConstructor="false" isStatic="false" isGetter="false" isSetter="false">
              <Summary numSequencePoints="5" visitedSequencePoints="2" numBranchPoints="1" visitedBranchPoints="1" sequenceCoverage="40" branchCoverage="100" maxCyclomaticComplexity="1" minCyclomaticComplexity="1" visitedClasses="0" numClasses="0" visitedMethods="1" numMethods="1" />
              <MetadataToken>100663322</MetadataToken>
              <Name>MyNotebooks.DataModels.Models.Relationship MyNotebooks.Data.Repositories.RelationshipRepository::Find(System.String,System.String,System.String)</Name>
              <FileRef uid="4" />
              <SequencePoints>
                <SequencePoint vc="1" uspid="83" ordinal="0" offset="27" sl="44" sc="9" el="44" ec="10" bec="0" bev="0" fileid="4" />
                <SequencePoint vc="1" uspid="84" ordinal="1" offset="28" sl="45" sc="13" el="45" ec="165" bec="0" bev="0" fileid="4" />
                <SequencePoint vc="0" uspid="85" ordinal="2" offset="267" sl="46" sc="13" el="51" ec="15" bec="0" bev="0" fileid="4" />
                <SequencePoint vc="0" uspid="86" ordinal="3" offset="312" sl="52" sc="13" el="52" ec="25" bec="0" bev="0" fileid="4" />
                <SequencePoint vc="0" uspid="87" ordinal="4" offset="317" sl="53" sc="9" el="53" ec="10" bec="0" bev="0" fileid="4" />
              </SequencePoints>
              <BranchPoints />
              <MethodPoint vc="1" uspid="88" ordinal="0" offset="0" />
            </Method>
            <Method visited="false" cyclomaticComplexity="2" nPathComplexity="0" sequenceCoverage="0" branchCoverage="0" isConstructor="false" isStatic="false" isGetter="false" isSetter="false">
              <Summary numSequencePoints="5" visitedSequencePoints="0" numBranchPoints="1" visitedBranchPoints="0" sequenceCoverage="0" branchCoverage="0" maxCyclomaticComplexity="2" minCyclomaticComplexity="2" visitedClasses="0" numClasses="0" visitedMethods="0" numMethods="1" />
              <MetadataToken>100663323</MetadataToken>
              <Name>System.Collections.Generic.List`1&lt;MyNotebooks.DataModels.Models.Relationship&gt; MyNotebooks.Data.Repositories.RelationshipRepository::Find(System.String,System.String)</Name>
              <FileRef uid="4" />
              <SequencePoints>
                <SequencePoint vc="0" uspid="89" ordinal="0" offset="20" sl="56" sc="9" el="56" ec="10" bec="0" bev="0" fileid="4" />
                <SequencePoint vc="0" uspid="90" ordinal="1" offset="21" sl="57" sc="13" el="57" ec="125" bec="0" bev="0" fileid="4" />
                <SequencePoint vc="0" uspid="91" ordinal="2" offset="198" sl="58" sc="13" el="58" ec="156" bec="0" bev="0" fileid="4" />
                <SequencePoint vc="0" uspid="92" ordinal="3" offset="241" sl="59" sc="13" el="59" ec="29" bec="0" bev="0" fileid="4" />
                <SequencePoint vc="0" uspid="93" ordinal="4" offset="246" sl="60" sc="9" el="60" ec="10" bec="0" bev="0" fileid="4" />
              </SequencePoints>
              <BranchPoints />
              <MethodPoint vc="0" uspid="96" ordinal="0" offset="0" />
            </Method>
            <Method visited="false" cyclomaticComplexity="2" nPathComplexity="0" sequenceCoverage="0" branchCoverage="0" isConstructor="false" isStatic="false" isGetter="false" isSetter="false">
              <Summary numSequencePoints="5" visitedSequencePoints="0" numBranchPoints="1" visitedBranchPoints="0" sequenceCoverage="0" branchCoverage="0" maxCyclomaticComplexity="2" minCyclomaticComplexity="2" visitedClasses="0" numClasses="0" visitedMethods="0" numMethods="1" />
              <MetadataToken>100663324</MetadataToken>
              <Name>System.Collections.Generic.List`1&lt;MyNotebooks.DataModels.Models.Relationship&gt; MyNotebooks.Data.Repositories.RelationshipRepository::Find(System.String)</Name>
              <FileRef uid="4" />
              <SequencePoints>
                <SequencePoint vc="0" uspid="97" ordinal="0" offset="13" sl="63" sc="9" el="63" ec="10" bec="0" bev="0" fileid="4" />
                <SequencePoint vc="0" uspid="98" ordinal="1" offset="14" sl="64" sc="13" el="64" ec="101" bec="0" bev="0" fileid="4" />
                <SequencePoint vc="0" uspid="99" ordinal="2" offset="129" sl="65" sc="13" el="65" ec="156" bec="0" bev="0" fileid="4" />
                <SequencePoint vc="0" uspid="100" ordinal="3" offset="172" sl="66" sc="13" el="66" ec="29" bec="0" bev="0" fileid="4" />
                <SequencePoint vc="0" uspid="101" ordinal="4" offset="177" sl="67" sc="9" el="67" ec="10" bec="0" bev="0" fileid="4" />
              </SequencePoints>
              <BranchPoints />
              <MethodPoint vc="0" uspid="104" ordinal="0" offset="0" />
            </Method>
            <Method visited="false" cyclomaticComplexity="2" nPathComplexity="0" sequenceCoverage="0" branchCoverage="0" isConstructor="false" isStatic="false" isGetter="false" isSetter="false">
              <Summary numSequencePoints="5" visitedSequencePoints="0" numBranchPoints="1" visitedBranchPoints="0" sequenceCoverage="0" branchCoverage="0" maxCyclomaticComplexity="2" minCyclomaticComplexity="2" visitedClasses="0" numClasses="0" visitedMethods="0" numMethods="1" />
              <MetadataToken>100663325</MetadataToken>
              <Name>System.Collections.Generic.List`1&lt;MyNotebooks.DataModels.Models.Relationship&gt; MyNotebooks.Data.Repositories.RelationshipRepository::FindByTeacher(System.String)</Name>
              <FileRef uid="4" />
              <SequencePoints>
                <SequencePoint vc="0" uspid="105" ordinal="0" offset="13" sl="70" sc="9" el="70" ec="10" bec="0" bev="0" fileid="4" />
                <SequencePoint vc="0" uspid="106" ordinal="1" offset="14" sl="71" sc="13" el="71" ec="101" bec="0" bev="0" fileid="4" />
                <SequencePoint vc="0" uspid="107" ordinal="2" offset="129" sl="72" sc="13" el="72" ec="156" bec="0" bev="0" fileid="4" />
                <SequencePoint vc="0" uspid="108" ordinal="3" offset="172" sl="73" sc="13" el="73" ec="29" bec="0" bev="0" fileid="4" />
                <SequencePoint vc="0" uspid="109" ordinal="4" offset="177" sl="74" sc="9" el="74" ec="10" bec="0" bev="0" fileid="4" />
              </SequencePoints>
              <BranchPoints />
              <MethodPoint vc="0" uspid="112" ordinal="0" offset="0" />
            </Method>
          </Methods>
        </Class>
        <Class>
          <Summary numSequencePoints="0" visitedSequencePoints="0" numBranchPoints="0" visitedBranchPoints="0" sequenceCoverage="0" branchCoverage="0" maxCyclomaticComplexity="1" minCyclomaticComplexity="1" visitedClasses="0" numClasses="0" visitedMethods="0" numMethods="0" />
          <FullName>MyNotebooks.Data.Repositories.RelationshipRepository/&lt;&gt;c__DisplayClass6_0</FullName>
          <Methods>
            <Method visited="false" cyclomaticComplexity="1" nPathComplexity="0" sequenceCoverage="0" branchCoverage="0" isConstructor="true" isStatic="false" isGetter="false" isSetter="false">
              <Summary numSequencePoints="0" visitedSequencePoints="0" numBranchPoints="0" visitedBranchPoints="0" sequenceCoverage="0" branchCoverage="0" maxCyclomaticComplexity="1" minCyclomaticComplexity="1" visitedClasses="0" numClasses="0" visitedMethods="0" numMethods="0" />
              <MetadataToken>100663359</MetadataToken>
              <Name>System.Void MyNotebooks.Data.Repositories.RelationshipRepository/&lt;&gt;c__DisplayClass6_0::.ctor()</Name>
              <SequencePoints />
              <BranchPoints />
              <MethodPoint vc="0" uspid="113" ordinal="0" offset="0" />
            </Method>
          </Methods>
        </Class>
        <Class>
          <Summary numSequencePoints="0" visitedSequencePoints="0" numBranchPoints="0" visitedBranchPoints="0" sequenceCoverage="0" branchCoverage="0" maxCyclomaticComplexity="1" minCyclomaticComplexity="1" visitedClasses="0" numClasses="0" visitedMethods="0" numMethods="0" />
          <FullName>MyNotebooks.Data.Repositories.RelationshipRepository/&lt;&gt;c__DisplayClass8_0</FullName>
          <Methods>
            <Method visited="true" cyclomaticComplexity="1" nPathComplexity="0" sequenceCoverage="0" branchCoverage="0" isConstructor="true" isStatic="false" isGetter="false" isSetter="false">
              <Summary numSequencePoints="0" visitedSequencePoints="0" numBranchPoints="0" visitedBranchPoints="0" sequenceCoverage="0" branchCoverage="0" maxCyclomaticComplexity="1" minCyclomaticComplexity="1" visitedClasses="0" numClasses="0" visitedMethods="0" numMethods="0" />
              <MetadataToken>100663360</MetadataToken>
              <Name>System.Void MyNotebooks.Data.Repositories.RelationshipRepository/&lt;&gt;c__DisplayClass8_0::.ctor()</Name>
              <SequencePoints />
              <BranchPoints />
              <MethodPoint vc="1" uspid="114" ordinal="0" offset="0" />
            </Method>
          </Methods>
        </Class>
        <Class>
          <Summary numSequencePoints="0" visitedSequencePoints="0" numBranchPoints="0" visitedBranchPoints="0" sequenceCoverage="0" branchCoverage="0" maxCyclomaticComplexity="1" minCyclomaticComplexity="1" visitedClasses="0" numClasses="0" visitedMethods="0" numMethods="0" />
          <FullName>MyNotebooks.Data.Repositories.RelationshipRepository/&lt;&gt;c__DisplayClass9_0</FullName>
          <Methods>
            <Method visited="false" cyclomaticComplexity="1" nPathComplexity="0" sequenceCoverage="0" branchCoverage="0" isConstructor="true" isStatic="false" isGetter="false" isSetter="false">
              <Summary numSequencePoints="0" visitedSequencePoints="0" numBranchPoints="0" visitedBranchPoints="0" sequenceCoverage="0" branchCoverage="0" maxCyclomaticComplexity="1" minCyclomaticComplexity="1" visitedClasses="0" numClasses="0" visitedMethods="0" numMethods="0" />
              <MetadataToken>100663361</MetadataToken>
              <Name>System.Void MyNotebooks.Data.Repositories.RelationshipRepository/&lt;&gt;c__DisplayClass9_0::.ctor()</Name>
              <SequencePoints />
              <BranchPoints />
              <MethodPoint vc="0" uspid="115" ordinal="0" offset="0" />
            </Method>
          </Methods>
        </Class>
        <Class>
          <Summary numSequencePoints="3" visitedSequencePoints="0" numBranchPoints="3" visitedBranchPoints="0" sequenceCoverage="0" branchCoverage="0" maxCyclomaticComplexity="1" minCyclomaticComplexity="1" visitedClasses="0" numClasses="1" visitedMethods="0" numMethods="3" />
          <FullName>MyNotebooks.Data.Repositories.RelationshipRepository/&lt;&gt;c</FullName>
          <Methods>
            <Method visited="false" cyclomaticComplexity="1" nPathComplexity="0" sequenceCoverage="0" branchCoverage="0" isConstructor="true" isStatic="true" isGetter="false" isSetter="false">
              <Summary numSequencePoints="0" visitedSequencePoints="0" numBranchPoints="0" visitedBranchPoints="0" sequenceCoverage="0" branchCoverage="0" maxCyclomaticComplexity="1" minCyclomaticComplexity="1" visitedClasses="0" numClasses="0" visitedMethods="0" numMethods="0" />
              <MetadataToken>100663362</MetadataToken>
              <Name>System.Void MyNotebooks.Data.Repositories.RelationshipRepository/&lt;&gt;c::.cctor()</Name>
              <SequencePoints />
              <BranchPoints />
              <MethodPoint vc="0" uspid="116" ordinal="0" offset="0" />
            </Method>
            <Method visited="false" cyclomaticComplexity="1" nPathComplexity="0" sequenceCoverage="0" branchCoverage="0" isConstructor="true" isStatic="false" isGetter="false" isSetter="false">
              <Summary numSequencePoints="0" visitedSequencePoints="0" numBranchPoints="0" visitedBranchPoints="0" sequenceCoverage="0" branchCoverage="0" maxCyclomaticComplexity="1" minCyclomaticComplexity="1" visitedClasses="0" numClasses="0" visitedMethods="0" numMethods="0" />
              <MetadataToken>100663363</MetadataToken>
              <Name>System.Void MyNotebooks.Data.Repositories.RelationshipRepository/&lt;&gt;c::.ctor()</Name>
              <SequencePoints />
              <BranchPoints />
              <MethodPoint vc="0" uspid="117" ordinal="0" offset="0" />
            </Method>
            <Method visited="false" cyclomaticComplexity="1" nPathComplexity="0" sequenceCoverage="0" branchCoverage="0" isConstructor="false" isStatic="false" isGetter="false" isSetter="false">
              <Summary numSequencePoints="1" visitedSequencePoints="0" numBranchPoints="1" visitedBranchPoints="0" sequenceCoverage="0" branchCoverage="0" maxCyclomaticComplexity="1" minCyclomaticComplexity="1" visitedClasses="0" numClasses="0" visitedMethods="0" numMethods="1" />
              <MetadataToken>100663364</MetadataToken>
              <Name>MyNotebooks.DataModels.Models.Relationship MyNotebooks.Data.Repositories.RelationshipRepository/&lt;&gt;c::&lt;Find&gt;b__9_0(MyNotebooks.DataModels.Models.Relationship)</Name>
              <FileRef uid="4" />
              <SequencePoints>
                <SequencePoint vc="0" uspid="118" ordinal="0" offset="0" sl="58" sc="45" el="58" ec="145" bec="0" bev="0" fileid="4" />
              </SequencePoints>
              <BranchPoints />
              <MethodPoint xsi:type="SequencePoint" vc="0" uspid="118" ordinal="0" offset="0" sl="58" sc="45" el="58" ec="145" bec="0" bev="0" fileid="4" />
            </Method>
            <Method visited="false" cyclomaticComplexity="1" nPathComplexity="0" sequenceCoverage="0" branchCoverage="0" isConstructor="false" isStatic="false" isGetter="false" isSetter="false">
              <Summary numSequencePoints="1" visitedSequencePoints="0" numBranchPoints="1" visitedBranchPoints="0" sequenceCoverage="0" branchCoverage="0" maxCyclomaticComplexity="1" minCyclomaticComplexity="1" visitedClasses="0" numClasses="0" visitedMethods="0" numMethods="1" />
              <MetadataToken>100663365</MetadataToken>
              <Name>MyNotebooks.DataModels.Models.Relationship MyNotebooks.Data.Repositories.RelationshipRepository/&lt;&gt;c::&lt;Find&gt;b__10_0(MyNotebooks.DataModels.Models.Relationship)</Name>
              <FileRef uid="4" />
              <SequencePoints>
                <SequencePoint vc="0" uspid="119" ordinal="0" offset="0" sl="65" sc="45" el="65" ec="145" bec="0" bev="0" fileid="4" />
              </SequencePoints>
              <BranchPoints />
              <MethodPoint xsi:type="SequencePoint" vc="0" uspid="119" ordinal="0" offset="0" sl="65" sc="45" el="65" ec="145" bec="0" bev="0" fileid="4" />
            </Method>
            <Method visited="false" cyclomaticComplexity="1" nPathComplexity="0" sequenceCoverage="0" branchCoverage="0" isConstructor="false" isStatic="false" isGetter="false" isSetter="false">
              <Summary numSequencePoints="1" visitedSequencePoints="0" numBranchPoints="1" visitedBranchPoints="0" sequenceCoverage="0" branchCoverage="0" maxCyclomaticComplexity="1" minCyclomaticComplexity="1" visitedClasses="0" numClasses="0" visitedMethods="0" numMethods="1" />
              <MetadataToken>100663366</MetadataToken>
              <Name>MyNotebooks.DataModels.Models.Relationship MyNotebooks.Data.Repositories.RelationshipRepository/&lt;&gt;c::&lt;FindByTeacher&gt;b__11_0(MyNotebooks.DataModels.Models.Relationship)</Name>
              <FileRef uid="4" />
              <SequencePoints>
                <SequencePoint vc="0" uspid="120" ordinal="0" offset="0" sl="72" sc="45" el="72" ec="145" bec="0" bev="0" fileid="4" />
              </SequencePoints>
              <BranchPoints />
              <MethodPoint xsi:type="SequencePoint" vc="0" uspid="120" ordinal="0" offset="0" sl="72" sc="45" el="72" ec="145" bec="0" bev="0" fileid="4" />
            </Method>
          </Methods>
        </Class>
        <Class>
          <Summary numSequencePoints="0" visitedSequencePoints="0" numBranchPoints="0" visitedBranchPoints="0" sequenceCoverage="0" branchCoverage="0" maxCyclomaticComplexity="1" minCyclomaticComplexity="1" visitedClasses="0" numClasses="0" visitedMethods="0" numMethods="0" />
          <FullName>MyNotebooks.Data.Repositories.RelationshipRepository/&lt;&gt;c__DisplayClass10_0</FullName>
          <Methods>
            <Method visited="false" cyclomaticComplexity="1" nPathComplexity="0" sequenceCoverage="0" branchCoverage="0" isConstructor="true" isStatic="false" isGetter="false" isSetter="false">
              <Summary numSequencePoints="0" visitedSequencePoints="0" numBranchPoints="0" visitedBranchPoints="0" sequenceCoverage="0" branchCoverage="0" maxCyclomaticComplexity="1" minCyclomaticComplexity="1" visitedClasses="0" numClasses="0" visitedMethods="0" numMethods="0" />
              <MetadataToken>100663367</MetadataToken>
              <Name>System.Void MyNotebooks.Data.Repositories.RelationshipRepository/&lt;&gt;c__DisplayClass10_0::.ctor()</Name>
              <SequencePoints />
              <BranchPoints />
              <MethodPoint vc="0" uspid="121" ordinal="0" offset="0" />
            </Method>
          </Methods>
        </Class>
        <Class>
          <Summary numSequencePoints="0" visitedSequencePoints="0" numBranchPoints="0" visitedBranchPoints="0" sequenceCoverage="0" branchCoverage="0" maxCyclomaticComplexity="1" minCyclomaticComplexity="1" visitedClasses="0" numClasses="0" visitedMethods="0" numMethods="0" />
          <FullName>MyNotebooks.Data.Repositories.RelationshipRepository/&lt;&gt;c__DisplayClass11_0</FullName>
          <Methods>
            <Method visited="false" cyclomaticComplexity="1" nPathComplexity="0" sequenceCoverage="0" branchCoverage="0" isConstructor="true" isStatic="false" isGetter="false" isSetter="false">
              <Summary numSequencePoints="0" visitedSequencePoints="0" numBranchPoints="0" visitedBranchPoints="0" sequenceCoverage="0" branchCoverage="0" maxCyclomaticComplexity="1" minCyclomaticComplexity="1" visitedClasses="0" numClasses="0" visitedMethods="0" numMethods="0" />
              <MetadataToken>100663368</MetadataToken>
              <Name>System.Void MyNotebooks.Data.Repositories.RelationshipRepository/&lt;&gt;c__DisplayClass11_0::.ctor()</Name>
              <SequencePoints />
              <BranchPoints />
              <MethodPoint vc="0" uspid="122" ordinal="0" offset="0" />
            </Method>
          </Methods>
        </Class>
        <Class>
          <Summary numSequencePoints="36" visitedSequencePoints="3" numBranchPoints="10" visitedBranchPoints="1" sequenceCoverage="8.33" branchCoverage="10" maxCyclomaticComplexity="1" minCyclomaticComplexity="1" visitedClasses="1" numClasses="1" visitedMethods="1" numMethods="10" />
          <FullName>MyNotebooks.Data.Repositories.UserRepository</FullName>
          <Methods>
            <Method visited="false" cyclomaticComplexity="1" nPathComplexity="0" sequenceCoverage="0" branchCoverage="0" isConstructor="false" isStatic="false" isGetter="true" isSetter="false">
              <Summary numSequencePoints="1" visitedSequencePoints="0" numBranchPoints="1" visitedBranchPoints="0" sequenceCoverage="0" branchCoverage="0" maxCyclomaticComplexity="1" minCyclomaticComplexity="1" visitedClasses="0" numClasses="0" visitedMethods="0" numMethods="1" />
              <MetadataToken>100663326</MetadataToken>
              <Name>MyNotebooks.Data.NotebooksDbContext MyNotebooks.Data.Repositories.UserRepository::get_Context()</Name>
              <FileRef uid="6" />
              <SequencePoints>
                <SequencePoint vc="0" uspid="123" ordinal="0" offset="0" sl="14" sc="45" el="14" ec="49" bec="0" bev="0" fileid="6" />
              </SequencePoints>
              <BranchPoints />
              <MethodPoint xsi:type="SequencePoint" vc="0" uspid="123" ordinal="0" offset="0" sl="14" sc="45" el="14" ec="49" bec="0" bev="0" fileid="6" />
            </Method>
            <Method visited="false" cyclomaticComplexity="1" nPathComplexity="0" sequenceCoverage="0" branchCoverage="0" isConstructor="false" isStatic="false" isGetter="false" isSetter="true">
              <Summary numSequencePoints="1" visitedSequencePoints="0" numBranchPoints="1" visitedBranchPoints="0" sequenceCoverage="0" branchCoverage="0" maxCyclomaticComplexity="1" minCyclomaticComplexity="1" visitedClasses="0" numClasses="0" visitedMethods="0" numMethods="1" />
              <MetadataToken>100663327</MetadataToken>
              <Name>System.Void MyNotebooks.Data.Repositories.UserRepository::set_Context(MyNotebooks.Data.NotebooksDbContext)</Name>
              <FileRef uid="6" />
              <SequencePoints>
                <SequencePoint vc="0" uspid="124" ordinal="0" offset="0" sl="14" sc="50" el="14" ec="54" bec="0" bev="0" fileid="6" />
              </SequencePoints>
              <BranchPoints />
              <MethodPoint xsi:type="SequencePoint" vc="0" uspid="124" ordinal="0" offset="0" sl="14" sc="50" el="14" ec="54" bec="0" bev="0" fileid="6" />
            </Method>
            <Method visited="true" cyclomaticComplexity="1" nPathComplexity="0" sequenceCoverage="100" branchCoverage="100" isConstructor="true" isStatic="false" isGetter="false" isSetter="false">
              <Summary numSequencePoints="3" visitedSequencePoints="3" numBranchPoints="1" visitedBranchPoints="1" sequenceCoverage="100" branchCoverage="100" maxCyclomaticComplexity="1" minCyclomaticComplexity="1" visitedClasses="0" numClasses="0" visitedMethods="1" numMethods="1" />
              <MetadataToken>100663328</MetadataToken>
              <Name>System.Void MyNotebooks.Data.Repositories.UserRepository::.ctor()</Name>
              <FileRef uid="6" />
              <SequencePoints>
                <SequencePoint vc="1" uspid="125" ordinal="0" offset="0" sl="16" sc="9" el="16" ec="32" bec="0" bev="0" fileid="6" />
                <SequencePoint vc="1" uspid="126" ordinal="1" offset="7" sl="17" sc="9" el="17" ec="10" bec="0" bev="0" fileid="6" />
                <SequencePoint vc="1" uspid="127" ordinal="2" offset="8" sl="19" sc="9" el="19" ec="10" bec="0" bev="0" fileid="6" />
              </SequencePoints>
              <BranchPoints />
              <MethodPoint xsi:type="SequencePoint" vc="1" uspid="125" ordinal="0" offset="0" sl="16" sc="9" el="16" ec="32" bec="0" bev="0" fileid="6" />
            </Method>
            <Method visited="false" cyclomaticComplexity="1" nPathComplexity="0" sequenceCoverage="0" branchCoverage="0" isConstructor="false" isStatic="false" isGetter="false" isSetter="false">
              <Summary numSequencePoints="3" visitedSequencePoints="0" numBranchPoints="1" visitedBranchPoints="0" sequenceCoverage="0" branchCoverage="0" maxCyclomaticComplexity="1" minCyclomaticComplexity="1" visitedClasses="0" numClasses="0" visitedMethods="0" numMethods="1" />
              <MetadataToken>100663329</MetadataToken>
              <Name>System.Void MyNotebooks.Data.Repositories.UserRepository::setContext(MyNotebooks.Data.NotebooksDbContext)</Name>
              <FileRef uid="6" />
              <SequencePoints>
                <SequencePoint vc="0" uspid="128" ordinal="0" offset="0" sl="22" sc="9" el="22" ec="10" bec="0" bev="0" fileid="6" />
                <SequencePoint vc="0" uspid="129" ordinal="1" offset="1" sl="23" sc="13" el="23" ec="36" bec="0" bev="0" fileid="6" />
                <SequencePoint vc="0" uspid="130" ordinal="2" offset="9" sl="24" sc="9" el="24" ec="10" bec="0" bev="0" fileid="6" />
              </SequencePoints>
              <BranchPoints />
              <MethodPoint xsi:type="SequencePoint" vc="0" uspid="128" ordinal="0" offset="0" sl="22" sc="9" el="22" ec="10" bec="0" bev="0" fileid="6" />
            </Method>
            <Method visited="false" cyclomaticComplexity="1" nPathComplexity="0" sequenceCoverage="0" branchCoverage="0" isConstructor="false" isStatic="false" isGetter="false" isSetter="false">
              <Summary numSequencePoints="3" visitedSequencePoints="0" numBranchPoints="1" visitedBranchPoints="0" sequenceCoverage="0" branchCoverage="0" maxCyclomaticComplexity="1" minCyclomaticComplexity="1" visitedClasses="0" numClasses="0" visitedMethods="0" numMethods="1" />
              <MetadataToken>100663330</MetadataToken>
              <Name>System.Void MyNotebooks.Data.Repositories.UserRepository::Add(MyNotebooks.DataModels.Models.User)</Name>
              <FileRef uid="6" />
              <SequencePoints>
                <SequencePoint vc="0" uspid="131" ordinal="0" offset="0" sl="27" sc="9" el="27" ec="10" bec="0" bev="0" fileid="6" />
                <SequencePoint vc="0" uspid="132" ordinal="1" offset="1" sl="28" sc="13" el="28" ec="44" bec="0" bev="0" fileid="6" />
                <SequencePoint vc="0" uspid="133" ordinal="2" offset="19" sl="29" sc="9" el="29" ec="10" bec="0" bev="0" fileid="6" />
              </SequencePoints>
              <BranchPoints />
              <MethodPoint xsi:type="SequencePoint" vc="0" uspid="131" ordinal="0" offset="0" sl="27" sc="9" el="27" ec="10" bec="0" bev="0" fileid="6" />
            </Method>
            <Method visited="false" cyclomaticComplexity="1" nPathComplexity="0" sequenceCoverage="0" branchCoverage="0" isConstructor="false" isStatic="false" isGetter="false" isSetter="false">
              <Summary numSequencePoints="9" visitedSequencePoints="0" numBranchPoints="1" visitedBranchPoints="0" sequenceCoverage="0" branchCoverage="0" maxCyclomaticComplexity="1" minCyclomaticComplexity="1" visitedClasses="0" numClasses="0" visitedMethods="0" numMethods="1" />
              <MetadataToken>100663331</MetadataToken>
              <Name>System.Boolean MyNotebooks.Data.Repositories.UserRepository::AddClaimToUser(System.String,System.String,System.String)</Name>
              <FileRef uid="6" />
              <SequencePoints>
                <SequencePoint vc="0" uspid="134" ordinal="0" offset="13" sl="32" sc="9" el="32" ec="10" bec="0" bev="0" fileid="6" />
                <SequencePoint vc="0" uspid="135" ordinal="1" offset="14" sl="33" sc="13" el="33" ec="95" bec="0" bev="0" fileid="6" />
                <SequencePoint vc="0" uspid="136" ordinal="2" offset="134" sl="34" sc="13" el="34" ec="63" bec="0" bev="0" fileid="6" />
                <SequencePoint vc="0" uspid="137" ordinal="3" offset="140" sl="36" sc="13" el="36" ec="41" bec="0" bev="0" fileid="6" />
                <SequencePoint vc="0" uspid="138" ordinal="4" offset="148" sl="37" sc="13" el="37" ec="43" bec="0" bev="0" fileid="6" />
                <SequencePoint vc="0" uspid="139" ordinal="5" offset="156" sl="38" sc="13" el="38" ec="36" bec="0" bev="0" fileid="6" />
                <SequencePoint vc="0" uspid="140" ordinal="6" offset="169" sl="40" sc="13" el="40" ec="36" bec="0" bev="0" fileid="6" />
                <SequencePoint vc="0" uspid="141" ordinal="7" offset="182" sl="42" sc="13" el="42" ec="25" bec="0" bev="0" fileid="6" />
                <SequencePoint vc="0" uspid="142" ordinal="8" offset="187" sl="43" sc="9" el="43" ec="10" bec="0" bev="0" fileid="6" />
              </SequencePoints>
              <BranchPoints />
              <MethodPoint vc="0" uspid="143" ordinal="0" offset="0" />
            </Method>
            <Method visited="false" cyclomaticComplexity="1" nPathComplexity="0" sequenceCoverage="0" branchCoverage="0" isConstructor="false" isStatic="false" isGetter="false" isSetter="false">
              <Summary numSequencePoints="5" visitedSequencePoints="0" numBranchPoints="1" visitedBranchPoints="0" sequenceCoverage="0" branchCoverage="0" maxCyclomaticComplexity="1" minCyclomaticComplexity="1" visitedClasses="0" numClasses="0" visitedMethods="0" numMethods="1" />
              <MetadataToken>100663332</MetadataToken>
              <Name>System.Boolean MyNotebooks.Data.Repositories.UserRepository::AddRoleToUser(System.String,System.String)</Name>
              <FileRef uid="6" />
              <SequencePoints>
                <SequencePoint vc="0" uspid="144" ordinal="0" offset="20" sl="46" sc="9" el="46" ec="10" bec="0" bev="0" fileid="6" />
                <SequencePoint vc="0" uspid="145" ordinal="1" offset="21" sl="47" sc="13" el="47" ec="95" bec="0" bev="0" fileid="6" />
                <SequencePoint vc="0" uspid="146" ordinal="2" offset="141" sl="48" sc="13" el="48" ec="126" bec="0" bev="0" fileid="6" />
                <SequencePoint vc="0" uspid="147" ordinal="3" offset="291" sl="49" sc="13" el="49" ec="25" bec="0" bev="0" fileid="6" />
                <SequencePoint vc="0" uspid="148" ordinal="4" offset="296" sl="50" sc="9" el="50" ec="10" bec="0" bev="0" fileid="6" />
              </SequencePoints>
              <BranchPoints />
              <MethodPoint vc="0" uspid="149" ordinal="0" offset="0" />
            </Method>
            <Method visited="false" cyclomaticComplexity="1" nPathComplexity="0" sequenceCoverage="0" branchCoverage="0" isConstructor="false" isStatic="false" isGetter="false" isSetter="false">
              <Summary numSequencePoints="4" visitedSequencePoints="0" numBranchPoints="1" visitedBranchPoints="0" sequenceCoverage="0" branchCoverage="0" maxCyclomaticComplexity="1" minCyclomaticComplexity="1" visitedClasses="0" numClasses="0" visitedMethods="0" numMethods="1" />
              <MetadataToken>100663333</MetadataToken>
              <Name>System.Boolean MyNotebooks.Data.Repositories.UserRepository::ContainsClaim(System.String,System.String,System.String)</Name>
              <FileRef uid="6" />
              <SequencePoints>
                <SequencePoint vc="0" uspid="150" ordinal="0" offset="27" sl="53" sc="9" el="53" ec="10" bec="0" bev="0" fileid="6" />
                <SequencePoint vc="0" uspid="151" ordinal="1" offset="28" sl="54" sc="13" el="54" ec="95" bec="0" bev="0" fileid="6" />
[...]
              <Name>MyNotebooks.Data.Models.Notebook MyNotebooks.Services.Services.NotebookService::get_Notebook()</Name>
              <FileRef uid="49" />
              <SequencePoints>
                <SequencePoint vc="14" uspid="515" ordinal="0" offset="0" sl="75" sc="13" el="75" ec="14" bec="0" bev="0" fileid="49" />
                <SequencePoint vc="14" uspid="516" ordinal="1" offset="1" sl="76" sc="17" el="76" ec="38" bec="0" bev="0" fileid="49" />
                <SequencePoint vc="14" uspid="517" ordinal="2" offset="10" sl="77" sc="13" el="77" ec="14" bec="0" bev="0" fileid="49" />
              </SequencePoints>
              <BranchPoints />
              <MethodPoint xsi:type="SequencePoint" vc="14" uspid="515" ordinal="0" offset="0" sl="75" sc="13" el="75" ec="14" bec="0" bev="0" fileid="49" />
            </Method>
            <Method visited="true" cyclomaticComplexity="1" nPathComplexity="0" sequenceCoverage="100" branchCoverage="100" isConstructor="true" isStatic="false" isGetter="false" isSetter="false">
              <Summary numSequencePoints="7" visitedSequencePoints="7" numBranchPoints="1" visitedBranchPoints="1" sequenceCoverage="100" branchCoverage="100" maxCyclomaticComplexity="1" minCyclomaticComplexity="1" visitedClasses="0" numClasses="0" visitedMethods="1" numMethods="1" />
              <MetadataToken>100663297</MetadataToken>
              <Name>System.Void MyNotebooks.Services.Services.NotebookService::.ctor(MyNotebooks.Data.Contracts.INotebooksRepository,MyNotebooks.Data.Contracts.IUnitOfWork,MyNotebooks.Data.NotebooksDbContext)</Name>
              <FileRef uid="49" />
              <SequencePoints>
                <SequencePoint vc="23" uspid="518" ordinal="0" offset="0" sl="20" sc="9" el="20" ec="116" bec="0" bev="0" fileid="49" />
                <SequencePoint vc="23" uspid="519" ordinal="1" offset="7" sl="21" sc="9" el="21" ec="10" bec="0" bev="0" fileid="49" />
                <SequencePoint vc="23" uspid="520" ordinal="2" offset="8" sl="22" sc="13" el="22" ec="42" bec="0" bev="0" fileid="49" />
                <SequencePoint vc="23" uspid="521" ordinal="3" offset="15" sl="23" sc="13" el="23" ec="42" bec="0" bev="0" fileid="49" />
                <SequencePoint vc="23" uspid="522" ordinal="4" offset="22" sl="25" sc="13" el="25" ec="59" bec="0" bev="0" fileid="49" />
                <SequencePoint vc="23" uspid="523" ordinal="5" offset="35" sl="26" sc="13" el="26" ec="49" bec="0" bev="0" fileid="49" />
                <SequencePoint vc="23" uspid="524" ordinal="6" offset="48" sl="27" sc="9" el="27" ec="10" bec="0" bev="0" fileid="49" />
              </SequencePoints>
              <BranchPoints />
              <MethodPoint xsi:type="SequencePoint" vc="23" uspid="518" ordinal="0" offset="0" sl="20" sc="9" el="20" ec="116" bec="0" bev="0" fileid="49" />
            </Method>
            <Method visited="true" cyclomaticComplexity="1" nPathComplexity="0" sequenceCoverage="100" branchCoverage="100" isConstructor="false" isStatic="false" isGetter="false" isSetter="false">
              <Summary numSequencePoints="5" visitedSequencePoints="5" numBranchPoints="1" visitedBranchPoints="1" sequenceCoverage="100" branchCoverage="100" maxCyclomaticComplexity="1" minCyclomaticComplexity="1" visitedClasses="0" numClasses="0" visitedMethods="1" numMethods="1" />
              <MetadataToken>100663298</MetadataToken>
              <Name>System.Void MyNotebooks.Services.Services.NotebookService::Initialize()</Name>
              <FileRef uid="49" />
              <SequencePoints>
                <SequencePoint vc="9" uspid="525" ordinal="0" offset="0" sl="30" sc="9" el="30" ec="10" bec="0" bev="0" fileid="49" />
                <SequencePoint vc="9" uspid="526" ordinal="1" offset="1" sl="31" sc="13" el="31" ec="89" bec="0" bev="0" fileid="49" />
                <SequencePoint vc="9" uspid="527" ordinal="2" offset="31" sl="32" sc="13" el="32" ec="38" bec="0" bev="0" fileid="49" />
                <SequencePoint vc="9" uspid="528" ordinal="3" offset="38" sl="33" sc="13" el="33" ec="38" bec="0" bev="0" fileid="49" />
                <SequencePoint vc="9" uspid="529" ordinal="4" offset="50" sl="34" sc="9" el="34" ec="10" bec="0" bev="0" fileid="49" />
              </SequencePoints>
              <BranchPoints />
              <MethodPoint xsi:type="SequencePoint" vc="9" uspid="525" ordinal="0" offset="0" sl="30" sc="9" el="30" ec="10" bec="0" bev="0" fileid="49" />
            </Method>
            <Method visited="true" cyclomaticComplexity="1" nPathComplexity="0" sequenceCoverage="100" branchCoverage="100" isConstructor="false" isStatic="false" isGetter="false" isSetter="false">
              <Summary numSequencePoints="4" visitedSequencePoints="4" numBranchPoints="1" visitedBranchPoints="1" sequenceCoverage="100" branchCoverage="100" maxCyclomaticComplexity="1" minCyclomaticComplexity="1" visitedClasses="0" numClasses="0" visitedMethods="1" numMethods="1" />
              <MetadataToken>100663306</MetadataToken>
              <Name>System.Void MyNotebooks.Services.Services.NotebookService::SaveContent(System.String)</Name>
              <FileRef uid="49" />
              <SequencePoints>
                <SequencePoint vc="2" uspid="530" ordinal="0" offset="0" sl="81" sc="9" el="81" ec="10" bec="0" bev="0" fileid="49" />
                <SequencePoint vc="2" uspid="531" ordinal="1" offset="1" sl="82" sc="13" el="82" ec="60" bec="0" bev="0" fileid="49" />
                <SequencePoint vc="2" uspid="532" ordinal="2" offset="20" sl="83" sc="13" el="83" ec="38" bec="0" bev="0" fileid="49" />
                <SequencePoint vc="2" uspid="533" ordinal="3" offset="32" sl="84" sc="9" el="84" ec="10" bec="0" bev="0" fileid="49" />
              </SequencePoints>
              <BranchPoints />
              <MethodPoint xsi:type="SequencePoint" vc="2" uspid="530" ordinal="0" offset="0" sl="81" sc="9" el="81" ec="10" bec="0" bev="0" fileid="49" />
            </Method>
            <Method visited="true" cyclomaticComplexity="1" nPathComplexity="0" sequenceCoverage="100" branchCoverage="100" isConstructor="false" isStatic="false" isGetter="false" isSetter="false">
              <Summary numSequencePoints="3" visitedSequencePoints="3" numBranchPoints="1" visitedBranchPoints="1" sequenceCoverage="100" branchCoverage="100" maxCyclomaticComplexity="1" minCyclomaticComplexity="1" visitedClasses="0" numClasses="0" visitedMethods="1" numMethods="1" />
              <MetadataToken>100663307</MetadataToken>
              <Name>System.String MyNotebooks.Services.Services.NotebookService::GetContent()</Name>
              <FileRef uid="49" />
              <SequencePoints>
                <SequencePoint vc="2" uspid="534" ordinal="0" offset="0" sl="87" sc="9" el="87" ec="10" bec="0" bev="0" fileid="49" />
                <SequencePoint vc="2" uspid="535" ordinal="1" offset="1" sl="88" sc="13" el="88" ec="42" bec="0" bev="0" fileid="49" />
                <SequencePoint vc="1" uspid="536" ordinal="2" offset="15" sl="89" sc="9" el="89" ec="10" bec="0" bev="0" fileid="49" />
              </SequencePoints>
              <BranchPoints />
              <MethodPoint xsi:type="SequencePoint" vc="2" uspid="534" ordinal="0" offset="0" sl="87" sc="9" el="87" ec="10" bec="0" bev="0" fileid="49" />
            </Method>
          </Methods>
        </Class>
        <Class>
          <Summary numSequencePoints="28" visitedSequencePoints="28" numBranchPoints="7" visitedBranchPoints="7" sequenceCoverage="100" branchCoverage="100" maxCyclomaticComplexity="1" minCyclomaticComplexity="1" visitedClasses="1" numClasses="1" visitedMethods="7" numMethods="7" />
          <FullName>MyNotebooks.Services.Services.RelationshipService</FullName>
          <Methods>
            <Method visited="true" cyclomaticComplexity="1" nPathComplexity="0" sequenceCoverage="100" branchCoverage="100" isConstructor="true" isStatic="false" isGetter="false" isSetter="false">
              <Summary numSequencePoints="8" visitedSequencePoints="8" numBranchPoints="1" visitedBranchPoints="1" sequenceCoverage="100" branchCoverage="100" maxCyclomaticComplexity="1" minCyclomaticComplexity="1" visitedClasses="0" numClasses="0" visitedMethods="1" numMethods="1" />
              <MetadataToken>100663308</MetadataToken>
              <Name>System.Void MyNotebooks.Services.Services.RelationshipService::.ctor(MyNotebooks.Data.Contracts.IRelationshipRepository,MyNotebooks.Data.Contracts.IUnitOfWork,MyNotebooks.Data.NotebooksDbContext)</Name>
              <FileRef uid="50" />
              <SequencePoints>
                <SequencePoint vc="10" uspid="537" ordinal="0" offset="0" sl="19" sc="9" el="19" ec="123" bec="0" bev="0" fileid="50" />
                <SequencePoint vc="10" uspid="538" ordinal="1" offset="7" sl="20" sc="9" el="20" ec="10" bec="0" bev="0" fileid="50" />
                <SequencePoint vc="10" uspid="539" ordinal="2" offset="8" sl="21" sc="13" el="21" ec="42" bec="0" bev="0" fileid="50" />
                <SequencePoint vc="10" uspid="540" ordinal="3" offset="15" sl="22" sc="13" el="22" ec="42" bec="0" bev="0" fileid="50" />
                <SequencePoint vc="10" uspid="541" ordinal="4" offset="22" sl="23" sc="13" el="23" ec="36" bec="0" bev="0" fileid="50" />
                <SequencePoint vc="10" uspid="542" ordinal="5" offset="29" sl="25" sc="13" el="25" ec="49" bec="0" bev="0" fileid="50" />
                <SequencePoint vc="10" uspid="543" ordinal="6" offset="42" sl="26" sc="13" el="26" ec="49" bec="0" bev="0" fileid="50" />
                <SequencePoint vc="10" uspid="544" ordinal="7" offset="55" sl="27" sc="9" el="27" ec="10" bec="0" bev="0" fileid="50" />
              </SequencePoints>
              <BranchPoints />
              <MethodPoint xsi:type="SequencePoint" vc="10" uspid="537" ordinal="0" offset="0" sl="19" sc="9" el="19" ec="123" bec="0" bev="0" fileid="50" />
            </Method>
            <Method visited="true" cyclomaticComplexity="1" nPathComplexity="0" sequenceCoverage="100" branchCoverage="100" isConstructor="false" isStatic="false" isGetter="false" isSetter="false">
              <Summary numSequencePoints="4" visitedSequencePoints="4" numBranchPoints="1" visitedBranchPoints="1" sequenceCoverage="100" branchCoverage="100" maxCyclomaticComplexity="1" minCyclomaticComplexity="1" visitedClasses="0" numClasses="0" visitedMethods="1" numMethods="1" />
              <MetadataToken>100663309</MetadataToken>
              <Name>System.Void MyNotebooks.Services.Services.RelationshipService::Add(MyNotebooks.DataModels.Models.Relationship)</Name>
              <FileRef uid="50" />
              <SequencePoints>
                <SequencePoint vc="2" uspid="545" ordinal="0" offset="0" sl="30" sc="9" el="30" ec="10" bec="0" bev="0" fileid="50" />
                <SequencePoint vc="2" uspid="546" ordinal="1" offset="1" sl="31" sc="13" el="31" ec="41" bec="0" bev="0" fileid="50" />
                <SequencePoint vc="2" uspid="547" ordinal="2" offset="14" sl="32" sc="13" el="32" ec="38" bec="0" bev="0" fileid="50" />
                <SequencePoint vc="2" uspid="548" ordinal="3" offset="26" sl="33" sc="9" el="33" ec="10" bec="0" bev="0" fileid="50" />
              </SequencePoints>
              <BranchPoints />
              <MethodPoint xsi:type="SequencePoint" vc="2" uspid="545" ordinal="0" offset="0" sl="30" sc="9" el="30" ec="10" bec="0" bev="0" fileid="50" />
            </Method>
            <Method visited="true" cyclomaticComplexity="1" nPathComplexity="0" sequenceCoverage="100" branchCoverage="100" isConstructor="false" isStatic="false" isGetter="false" isSetter="false">
              <Summary numSequencePoints="4" visitedSequencePoints="4" numBranchPoints="1" visitedBranchPoints="1" sequenceCoverage="100" branchCoverage="100" maxCyclomaticComplexity="1" minCyclomaticComplexity="1" visitedClasses="0" numClasses="0" visitedMethods="1" numMethods="1" />
              <MetadataToken>100663310</MetadataToken>
              <Name>System.Void MyNotebooks.Services.Services.RelationshipService::Delete(MyNotebooks.DataModels.Models.Relationship)</Name>
              <FileRef uid="50" />
              <SequencePoints>
                <SequencePoint vc="2" uspid="549" ordinal="0" offset="0" sl="36" sc="9" el="36" ec="10" bec="0" bev="0" fileid="50" />
                <SequencePoint vc="2" uspid="550" ordinal="1" offset="1" sl="37" sc="13" el="37" ec="44" bec="0" bev="0" fileid="50" />
                <SequencePoint vc="2" uspid="551" ordinal="2" offset="14" sl="38" sc="13" el="38" ec="38" bec="0" bev="0" fileid="50" />
                <SequencePoint vc="2" uspid="552" ordinal="3" offset="26" sl="39" sc="9" el="39" ec="10" bec="0" bev="0" fileid="50" />
              </SequencePoints>
              <BranchPoints />
              <MethodPoint xsi:type="SequencePoint" vc="2" uspid="549" ordinal="0" offset="0" sl="36" sc="9" el="36" ec="10" bec="0" bev="0" fileid="50" />
            </Method>
            <Method visited="true" cyclomaticComplexity="1" nPathComplexity="0" sequenceCoverage="100" branchCoverage="100" isConstructor="false" isStatic="false" isGetter="false" isSetter="false">
              <Summary numSequencePoints="3" visitedSequencePoints="3" numBranchPoints="1" visitedBranchPoints="1" sequenceCoverage="100" branchCoverage="100" maxCyclomaticComplexity="1" minCyclomaticComplexity="1" visitedClasses="0" numClasses="0" visitedMethods="1" numMethods="1" />
              <MetadataToken>100663311</MetadataToken>
              <Name>System.Collections.Generic.List`1&lt;MyNotebooks.DataModels.Models.Relationship&gt; MyNotebooks.Services.Services.RelationshipService::Find(System.String)</Name>
              <FileRef uid="50" />
              <SequencePoints>
                <SequencePoint vc="1" uspid="553" ordinal="0" offset="0" sl="42" sc="9" el="42" ec="10" bec="0" bev="0" fileid="50" />
                <SequencePoint vc="1" uspid="554" ordinal="1" offset="1" sl="43" sc="13" el="43" ec="54" bec="0" bev="0" fileid="50" />
                <SequencePoint vc="1" uspid="555" ordinal="2" offset="16" sl="44" sc="9" el="44" ec="10" bec="0" bev="0" fileid="50" />
              </SequencePoints>
              <BranchPoints />
              <MethodPoint xsi:type="SequencePoint" vc="1" uspid="553" ordinal="0" offset="0" sl="42" sc="9" el="42" ec="10" bec="0" bev="0" fileid="50" />
            </Method>
            <Method visited="true" cyclomaticComplexity="1" nPathComplexity="0" sequenceCoverage="100" branchCoverage="100" isConstructor="false" isStatic="false" isGetter="false" isSetter="false">
              <Summary numSequencePoints="3" visitedSequencePoints="3" numBranchPoints="1" visitedBranchPoints="1" sequenceCoverage="100" branchCoverage="100" maxCyclomaticComplexity="1" minCyclomaticComplexity="1" visitedClasses="0" numClasses="0" visitedMethods="1" numMethods="1" />
              <MetadataToken>100663312</MetadataToken>
              <Name>System.Collections.Generic.List`1&lt;MyNotebooks.DataModels.Models.Relationship&gt; MyNotebooks.Services.Services.RelationshipService::Find(System.String,System.String)</Name>
              <FileRef uid="50" />
              <SequencePoints>
                <SequencePoint vc="1" uspid="556" ordinal="0" offset="0" sl="47" sc="9" el="47" ec="10" bec="0" bev="0" fileid="50" />
                <SequencePoint vc="1" uspid="557" ordinal="1" offset="1" sl="48" sc="13" el="48" ec="63" bec="0" bev="0" fileid="50" />
                <SequencePoint vc="1" uspid="558" ordinal="2" offset="17" sl="49" sc="9" el="49" ec="10" bec="0" bev="0" fileid="50" />
              </SequencePoints>
              <BranchPoints />
              <MethodPoint xsi:type="SequencePoint" vc="1" uspid="556" ordinal="0" offset="0" sl="47" sc="9" el="47" ec="10" bec="0" bev="0" fileid="50" />
            </Method>
            <Method visited="true" cyclomaticComplexity="1" nPathComplexity="0" sequenceCoverage="100" branchCoverage="100" isConstructor="false" isStatic="false" isGetter="false" isSetter="false">
              <Summary numSequencePoints="3" visitedSequencePoints="3" numBranchPoints="1" visitedBranchPoints="1" sequenceCoverage="100" branchCoverage="100" maxCyclomaticComplexity="1" minCyclomaticComplexity="1" visitedClasses="0" numClasses="0" visitedMethods="1" numMethods="1" />
              <MetadataToken>100663313</MetadataToken>
              <Name>MyNotebooks.DataModels.Models.Relationship MyNotebooks.Services.Services.RelationshipService::Find(System.String,System.String,System.String)</Name>
              <FileRef uid="50" />
              <SequencePoints>
                <SequencePoint vc="1" uspid="559" ordinal="0" offset="0" sl="52" sc="9" el="52" ec="10" bec="0" bev="0" fileid="50" />
                <SequencePoint vc="1" uspid="560" ordinal="1" offset="1" sl="53" sc="13" el="53" ec="76" bec="0" bev="0" fileid="50" />
                <SequencePoint vc="1" uspid="561" ordinal="2" offset="18" sl="54" sc="9" el="54" ec="10" bec="0" bev="0" fileid="50" />
              </SequencePoints>
              <BranchPoints />
              <MethodPoint xsi:type="SequencePoint" vc="1" uspid="559" ordinal="0" offset="0" sl="52" sc="9" el="52" ec="10" bec="0" bev="0" fileid="50" />
            </Method>
            <Method visited="true" cyclomaticComplexity="1" nPathComplexity="0" sequenceCoverage="100" branchCoverage="100" isConstructor="false" isStatic="false" isGetter="false" isSetter="false">
              <Summary numSequencePoints="3" visitedSequencePoints="3" numBranchPoints="1" visitedBranchPoints="1" sequenceCoverage="100" branchCoverage="100" maxCyclomaticComplexity="1" minCyclomaticComplexity="1" visitedClasses="0" numClasses="0" visitedMethods="1" numMethods="1" />
              <MetadataToken>100663314</MetadataToken>
              <Name>System.Collections.Generic.List`1&lt;MyNotebooks.DataModels.Models.Relationship&gt; MyNotebooks.Services.Services.RelationshipService::FindByTeacher(System.String)</Name>
              <FileRef uid="50" />
              <SequencePoints>
                <SequencePoint vc="1" uspid="562" ordinal="0" offset="0" sl="57" sc="9" el="57" ec="10" bec="0" bev="0" fileid="50" />
                <SequencePoint vc="1" uspid="563" ordinal="1" offset="1" sl="58" sc="13" el="58" ec="63" bec="0" bev="0" fileid="50" />
                <SequencePoint vc="1" uspid="564" ordinal="2" offset="16" sl="59" sc="9" el="59" ec="10" bec="0" bev="0" fileid="50" />
              </SequencePoints>
              <BranchPoints />
              <MethodPoint xsi:type="SequencePoint" vc="1" uspid="562" ordinal="0" offset="0" sl="57" sc="9" el="57" ec="10" bec="0" bev="0" fileid="50" />
            </Method>
          </Methods>
        </Class>
      </Classes>
    </Module>
    <Module skippedDueTo="MissingPdb" hash="8D-44-4D-D5-61-D1-3B-DF-FA-A2-40-F0-66-2C-EB-3E-BC-51-27-28">
      <ModulePath>F:\ASP.NET\Official-MyNotebooks\MyNotebooks\MyNotebooks\MyNotebooks\MyNotebooks.Tests\bin\Debug\Microsoft.Owin.dll</ModulePath>
      <ModuleTime>2014-01-14T00:11:08Z</ModuleTime>
      <ModuleName>Microsoft.Owin</ModuleName>
      <Classes />
    </Module>
    <Module skippedDueTo="Filter" hash="31-76-6A-81-5B-45-2B-B2-02-8C-E4-69-D2-C3-8F-87-B1-54-25-E8">
      <ModulePath>C:\Windows\Microsoft.Net\assembly\GAC_MSIL\System.Core\v4.0_4.0.0.0__b77a5c561934e089\System.Core.dll</ModulePath>
      <ModuleTime>2017-01-21T04:45:09.9084476Z</ModuleTime>
      <ModuleName>System.Core</ModuleName>
      <Classes />
    </Module>
    <Module skippedDueTo="Filter" hash="8E-31-7E-A0-09-4A-19-0E-70-44-6D-0D-D0-70-DF-DB-DB-AD-E7-E3">
      <ModulePath>C:\Windows\Microsoft.Net\assembly\GAC_64\System.Data\v4.0_4.0.0.0__b77a5c561934e089\System.Data.dll</ModulePath>
      <ModuleTime>2017-01-21T04:44:56.7197632Z</ModuleTime>
      <ModuleName>System.Data</ModuleName>
      <Classes />
    </Module>
  </Modules>
</CoverageSession>