<?xml version="1.0" encoding="utf-8" standalone="no"?>
<test-run id="2" testcasecount="160" result="Passed" total="160" passed="160" failed="0" inconclusive="0" skipped="0" asserts="132" engine-version="3.6.0.0" clr-version="4.0.30319.42000" start-time="2017-02-06 09:33:32Z" end-time="2017-02-06 09:33:40Z" duration="7.616034">
  <command-line><![CDATA[..\\..\\..\\packages\\NUnit.ConsoleRunner.3.6.0\\tools\\nunit3-console.exe  MyNotebooks.Tests.dll]]></command-line>
  <test-suite type="Assembly" id="0-1206" name="MyNotebooks.Tests.dll" fullname="F:\ASP.NET\Official-MyNotebooks\MyNotebooks\MyNotebooks\MyNotebooks\MyNotebooks.Tests\bin\Debug\MyNotebooks.Tests.dll" runstate="Runnable" testcasecount="160" result="Passed" start-time="2017-02-06 09:33:36Z" end-time="2017-02-06 09:33:40Z" duration="3.485508" total="160" passed="160" failed="0" warnings="0" inconclusive="0" skipped="0" asserts="132">
    <environment framework-version="3.6.0.0" clr-version="4.0.30319.42000" os-version="Microsoft Windows NT 6.3.9600.0" platform="Win32NT" cwd="F:\ASP.NET\Official-MyNotebooks\MyNotebooks\MyNotebooks\MyNotebooks\MyNotebooks.Tests\bin\Debug" machine-name="DAVID" user="dsm2001" user-domain="david" culture="en-US" uiculture="en-US" os-architecture="x64" />
    <settings>
      <setting name="DisposeRunners" value="True" />
      <setting name="WorkDirectory" value="F:\ASP.NET\Official-MyNotebooks\MyNotebooks\MyNotebooks\MyNotebooks\MyNotebooks.Tests\bin\Debug" />
      <setting name="ImageRuntimeVersion" value="4.0.30319" />
      <setting name="ImageTargetFrameworkName" value=".NETFramework,Version=v4.5.2" />
      <setting name="ImageRequiresX86" value="False" />
      <setting name="ImageRequiresDefaultAppDomainAssemblyResolver" value="False" />
      <setting name="NumberOfTestWorkers" value="4" />
    </settings>
    <properties>
      <property name="_PID" value="832" />
      <property name="_APPDOMAIN" value="domain-" />
    </properties>
    <test-suite type="TestSuite" id="0-1207" name="MyNotebooks" fullname="MyNotebooks" runstate="Runnable" testcasecount="160" result="Passed" start-time="2017-02-06 09:33:36Z" end-time="2017-02-06 09:33:40Z" duration="3.445446" total="160" passed="160" failed="0" warnings="0" inconclusive="0" skipped="0" asserts="132">
      <test-suite type="TestSuite" id="0-1208" name="Tests" fullname="MyNotebooks.Tests" runstate="Runnable" testcasecount="160" result="Passed" start-time="2017-02-06 09:33:36Z" end-time="2017-02-06 09:33:40Z" duration="3.441469" total="160" passed="160" failed="0" warnings="0" inconclusive="0" skipped="0" asserts="132">
        <test-suite type="TestSuite" id="0-1216" name="Core" fullname="MyNotebooks.Tests.Core" runstate="Runnable" testcasecount="64" result="Passed" start-time="2017-02-06 09:33:36Z" end-time="2017-02-06 09:33:38Z" duration="2.153704" total="64" passed="64" failed="0" warnings="0" inconclusive="0" skipped="0" asserts="52">
          <test-suite type="TestSuite" id="0-1217" name="Presenters" fullname="MyNotebooks.Tests.Core.Presenters" runstate="Runnable" testcasecount="64" result="Passed" start-time="2017-02-06 09:33:36Z" end-time="2017-02-06 09:33:38Z" duration="2.144924" total="64" passed="64" failed="0" warnings="0" inconclusive="0" skipped="0" asserts="52">
            <test-suite type="TestSuite" id="0-1218" name="Tests" fullname="MyNotebooks.Tests.Core.Presenters.Tests" runstate="Runnable" testcasecount="64" result="Passed" start-time="2017-02-06 09:33:36Z" end-time="2017-02-06 09:33:38Z" duration="2.141535" total="64" passed="64" failed="0" warnings="0" inconclusive="0" skipped="0" asserts="52">
              <test-suite type="TestFixture" id="0-1130" name="DefaultPresenterTests" fullname="MyNotebooks.Tests.Core.Presenters.Tests.DefaultPresenterTests" classname="MyNotebooks.Tests.Core.Presenters.Tests.DefaultPresenterTests" runstate="Runnable" testcasecount="10" result="Passed" start-time="2017-02-06 09:33:36Z" end-time="2017-02-06 09:33:37Z" duration="1.018837" total="10" passed="10" failed="0" warnings="0" inconclusive="0" skipped="0" asserts="10">
                <test-case id="0-1131" name="DefaultPresenter_Should_Initialize_A_Object" fullname="MyNotebooks.Tests.Core.Presenters.Tests.DefaultPresenterTests.DefaultPresenter_Should_Initialize_A_Object" methodname="DefaultPresenter_Should_Initialize_A_Object" classname="MyNotebooks.Tests.Core.Presenters.Tests.DefaultPresenterTests" runstate="Runnable" seed="1828081011" result="Passed" start-time="2017-02-06 09:33:36Z" end-time="2017-02-06 09:33:37Z" duration="0.610442" asserts="1" />
                <test-case id="0-1140" name="DefaultPresenter_Should_Set_AboutVisibleToFalseWhenLoggedLikeStudent_When_ViewLoad_Is_Raised" fullname="MyNotebooks.Tests.Core.Presenters.Tests.DefaultPresenterTests.DefaultPresenter_Should_Set_AboutVisibleToFalseWhenLoggedLikeStudent_When_ViewLoad_Is_Raised" methodname="DefaultPresenter_Should_Set_AboutVisibleToFalseWhenLoggedLikeStudent_When_ViewLoad_Is_Raised" classname="MyNotebooks.Tests.Core.Presenters.Tests.DefaultPresenterTests" runstate="Runnable" seed="1528042480" result="Passed" start-time="2017-02-06 09:33:37Z" end-time="2017-02-06 09:33:37Z" duration="0.288641" asserts="1" />
                <test-case id="0-1137" name="DefaultPresenter_Should_Set_AboutVisibleToTrueWhenLoggedLikeTeacher_When_ViewLoad_Is_Raised" fullname="MyNotebooks.Tests.Core.Presenters.Tests.DefaultPresenterTests.DefaultPresenter_Should_Set_AboutVisibleToTrueWhenLoggedLikeTeacher_When_ViewLoad_Is_Raised" methodname="DefaultPresenter_Should_Set_AboutVisibleToTrueWhenLoggedLikeTeacher_When_ViewLoad_Is_Raised" classname="MyNotebooks.Tests.Core.Presenters.Tests.DefaultPresenterTests" runstate="Runnable" seed="1458638432" result="Passed" start-time="2017-02-06 09:33:37Z" end-time="2017-02-06 09:33:37Z" duration="0.010383" asserts="1" />
                <test-case id="0-1135" name="DefaultPresenter_Should_Set_AboutVisibleToTrueWhenNotLogged_When_ViewLoad_Is_Raised" fullname="MyNotebooks.Tests.Core.Presenters.Tests.DefaultPresenterTests.DefaultPresenter_Should_Set_AboutVisibleToTrueWhenNotLogged_When_ViewLoad_Is_Raised" methodname="DefaultPresenter_Should_Set_AboutVisibleToTrueWhenNotLogged_When_ViewLoad_Is_Raised" classname="MyNotebooks.Tests.Core.Presenters.Tests.DefaultPresenterTests" runstate="Runnable" seed="1471663994" result="Passed" start-time="2017-02-06 09:33:37Z" end-time="2017-02-06 09:33:37Z" duration="0.007153" asserts="1" />
                <test-case id="0-1133" name="DefaultPresenter_Should_Set_GetImages_When_ViewLoad_Is_Raised" fullname="MyNotebooks.Tests.Core.Presenters.Tests.DefaultPresenterTests.DefaultPresenter_Should_Set_GetImages_When_ViewLoad_Is_Raised" methodname="DefaultPresenter_Should_Set_GetImages_When_ViewLoad_Is_Raised" classname="MyNotebooks.Tests.Core.Presenters.Tests.DefaultPresenterTests" runstate="Runnable" seed="1289822137" result="Passed" start-time="2017-02-06 09:33:37Z" end-time="2017-02-06 09:33:37Z" duration="0.007262" asserts="1" />
                <test-case id="0-1134" name="DefaultPresenter_Should_Set_GetNotebooks_When_ViewLoad_Is_Raised" fullname="MyNotebooks.Tests.Core.Presenters.Tests.DefaultPresenterTests.DefaultPresenter_Should_Set_GetNotebooks_When_ViewLoad_Is_Raised" methodname="DefaultPresenter_Should_Set_GetNotebooks_When_ViewLoad_Is_Raised" classname="MyNotebooks.Tests.Core.Presenters.Tests.DefaultPresenterTests" runstate="Runnable" seed="1224916241" result="Passed" start-time="2017-02-06 09:33:37Z" end-time="2017-02-06 09:33:37Z" duration="0.006909" asserts="1" />
                <test-case id="0-1136" name="DefaultPresenter_Should_Set_NotebooksVisibleToFalseWhenNotLogged_When_ViewLoad_Is_Raised" fullname="MyNotebooks.Tests.Core.Presenters.Tests.DefaultPresenterTests.DefaultPresenter_Should_Set_NotebooksVisibleToFalseWhenNotLogged_When_ViewLoad_Is_Raised" methodname="DefaultPresenter_Should_Set_NotebooksVisibleToFalseWhenNotLogged_When_ViewLoad_Is_Raised" classname="MyNotebooks.Tests.Core.Presenters.Tests.DefaultPresenterTests" runstate="Runnable" seed="1107181192" result="Passed" start-time="2017-02-06 09:33:37Z" end-time="2017-02-06 09:33:37Z" duration="0.011159" asserts="1" />
                <test-case id="0-1138" name="DefaultPresenter_Should_Set_NotebookVisibleToFalseWhenLoggedLikeTeacher_When_ViewLoad_Is_Raised" fullname="MyNotebooks.Tests.Core.Presenters.Tests.DefaultPresenterTests.DefaultPresenter_Should_Set_NotebookVisibleToFalseWhenLoggedLikeTeacher_When_ViewLoad_Is_Raised" methodname="DefaultPresenter_Should_Set_NotebookVisibleToFalseWhenLoggedLikeTeacher_When_ViewLoad_Is_Raised" classname="MyNotebooks.Tests.Core.Presenters.Tests.DefaultPresenterTests" runstate="Runnable" seed="753103567" result="Passed" start-time="2017-02-06 09:33:37Z" end-time="2017-02-06 09:33:37Z" duration="0.009330" asserts="1" />
                <test-case id="0-1139" name="DefaultPresenter_Should_Set_NotebookVisibleToTrueWhenLoggedLikeStudent_When_ViewLoad_Is_Raised" fullname="MyNotebooks.Tests.Core.Presenters.Tests.DefaultPresenterTests.DefaultPresenter_Should_Set_NotebookVisibleToTrueWhenLoggedLikeStudent_When_ViewLoad_Is_Raised" methodname="DefaultPresenter_Should_Set_NotebookVisibleToTrueWhenLoggedLikeStudent_When_ViewLoad_Is_Raised" classname="MyNotebooks.Tests.Core.Presenters.Tests.DefaultPresenterTests" runstate="Runnable" seed="1948551243" result="Passed" start-time="2017-02-06 09:33:37Z" end-time="2017-02-06 09:33:37Z" duration="0.008703" asserts="1" />
                <test-case id="0-1132" name="DefaultPresenter_Should_Set_NumberOfNotebooks_When_ViewLoad_Is_Raised" fullname="MyNotebooks.Tests.Core.Presenters.Tests.DefaultPresenterTests.DefaultPresenter_Should_Set_NumberOfNotebooks_When_ViewLoad_Is_Raised" methodname="DefaultPresenter_Should_Set_NumberOfNotebooks_When_ViewLoad_Is_Raised" classname="MyNotebooks.Tests.Core.Presenters.Tests.DefaultPresenterTests" runstate="Runnable" seed="1895751395" result="Passed" start-time="2017-02-06 09:33:37Z" end-time="2017-02-06 09:33:37Z" duration="0.007656" asserts="1" />
              </test-suite>
              <test-suite type="TestFixture" id="0-1141" name="LoginPresenterTests" fullname="MyNotebooks.Tests.Core.Presenters.Tests.LoginPresenterTests" classname="MyNotebooks.Tests.Core.Presenters.Tests.LoginPresenterTests" runstate="Runnable" testcasecount="5" result="Passed" start-time="2017-02-06 09:33:37Z" end-time="2017-02-06 09:33:37Z" duration="0.193180" total="5" passed="5" failed="0" warnings="0" inconclusive="0" skipped="0" asserts="4">
                <test-case id="0-1144" name="LoginPresenter_Should_Call_Success_When_RiseLoginUser_And_LoginSuccess" fullname="MyNotebooks.Tests.Core.Presenters.Tests.LoginPresenterTests.LoginPresenter_Should_Call_Success_When_RiseLoginUser_And_LoginSuccess" methodname="LoginPresenter_Should_Call_Success_When_RiseLoginUser_And_LoginSuccess" classname="MyNotebooks.Tests.Core.Presenters.Tests.LoginPresenterTests" runstate="Runnable" seed="1490234107" result="Passed" start-time="2017-02-06 09:33:37Z" end-time="2017-02-06 09:33:37Z" duration="0.123980" asserts="0" />
                <test-case id="0-1142" name="LoginPresenter_Should_Initialize_A_Object" fullname="MyNotebooks.Tests.Core.Presenters.Tests.LoginPresenterTests.LoginPresenter_Should_Initialize_A_Object" methodname="LoginPresenter_Should_Initialize_A_Object" classname="MyNotebooks.Tests.Core.Presenters.Tests.LoginPresenterTests" runstate="Runnable" seed="484054252" result="Passed" start-time="2017-02-06 09:33:37Z" end-time="2017-02-06 09:33:37Z" duration="0.000876" asserts="1" />
                <test-case id="0-1145" name="LoginPresenter_Should_Set_ErrorMessage_When_RiseLoginUser_And_LoginNotSuccess" fullname="MyNotebooks.Tests.Core.Presenters.Tests.LoginPresenterTests.LoginPresenter_Should_Set_ErrorMessage_When_RiseLoginUser_And_LoginNotSuccess" methodname="LoginPresenter_Should_Set_ErrorMessage_When_RiseLoginUser_And_LoginNotSuccess" classname="MyNotebooks.Tests.Core.Presenters.Tests.LoginPresenterTests" runstate="Runnable" seed="1268001113" result="Passed" start-time="2017-02-06 09:33:37Z" end-time="2017-02-06 09:33:37Z" duration="0.022102" asserts="1" />
                <test-case id="0-1146" name="LoginPresenter_Should_Set_ErrorMessageVisible_When_RiseLoginUser_And_LoginNotSuccess" fullname="MyNotebooks.Tests.Core.Presenters.Tests.LoginPresenterTests.LoginPresenter_Should_Set_ErrorMessageVisible_When_RiseLoginUser_And_LoginNotSuccess" methodname="LoginPresenter_Should_Set_ErrorMessageVisible_When_RiseLoginUser_And_LoginNotSuccess" classname="MyNotebooks.Tests.Core.Presenters.Tests.LoginPresenterTests" runstate="Runnable" seed="1189741172" result="Passed" start-time="2017-02-06 09:33:37Z" end-time="2017-02-06 09:33:37Z" duration="0.017906" asserts="1" />
                <test-case id="0-1143" name="LoginPresenter_Should_Set_NavigateUrl_When_Initialize" fullname="MyNotebooks.Tests.Core.Presenters.Tests.LoginPresenterTests.LoginPresenter_Should_Set_NavigateUrl_When_Initialize" methodname="LoginPresenter_Should_Set_NavigateUrl_When_Initialize" classname="MyNotebooks.Tests.Core.Presenters.Tests.LoginPresenterTests" runstate="Runnable" seed="942640932" result="Passed" start-time="2017-02-06 09:33:37Z" end-time="2017-02-06 09:33:37Z" duration="0.008531" asserts="1" />
              </test-suite>
              <test-suite type="TestFixture" id="0-1147" name="ManageLoginsPresenterTests" fullname="MyNotebooks.Tests.Core.Presenters.Tests.ManageLoginsPresenterTests" classname="MyNotebooks.Tests.Core.Presenters.Tests.ManageLoginsPresenterTests" runstate="Runnable" testcasecount="5" result="Passed" start-time="2017-02-06 09:33:37Z" end-time="2017-02-06 09:33:38Z" duration="0.088087" total="5" passed="5" failed="0" warnings="0" inconclusive="0" skipped="0" asserts="5">
                <test-case id="0-1148" name="ManageLoginsPresenter_Should_Initialize_A_Object" fullname="MyNotebooks.Tests.Core.Presenters.Tests.ManageLoginsPresenterTests.ManageLoginsPresenter_Should_Initialize_A_Object" methodname="ManageLoginsPresenter_Should_Initialize_A_Object" classname="MyNotebooks.Tests.Core.Presenters.Tests.ManageLoginsPresenterTests" runstate="Runnable" seed="1223451493" result="Passed" start-time="2017-02-06 09:33:37Z" end-time="2017-02-06 09:33:37Z" duration="0.026968" asserts="1" />
                <test-case id="0-1150" name="ManageLoginsPresenter_Should_Set_CanRemoveExternalLogins_To_False" fullname="MyNotebooks.Tests.Core.Presenters.Tests.ManageLoginsPresenterTests.ManageLoginsPresenter_Should_Set_CanRemoveExternalLogins_To_False" methodname="ManageLoginsPresenter_Should_Set_CanRemoveExternalLogins_To_False" classname="MyNotebooks.Tests.Core.Presenters.Tests.ManageLoginsPresenterTests" runstate="Runnable" seed="661334224" result="Passed" start-time="2017-02-06 09:33:37Z" end-time="2017-02-06 09:33:37Z" duration="0.014771" asserts="1" />
                <test-case id="0-1149" name="ManageLoginsPresenter_Should_Set_CanRemoveExternalLogins_To_True" fullname="MyNotebooks.Tests.Core.Presenters.Tests.ManageLoginsPresenterTests.ManageLoginsPresenter_Should_Set_CanRemoveExternalLogins_To_True" methodname="ManageLoginsPresenter_Should_Set_CanRemoveExternalLogins_To_True" classname="MyNotebooks.Tests.Core.Presenters.Tests.ManageLoginsPresenterTests" runstate="Runnable" seed="504129493" result="Passed" start-time="2017-02-06 09:33:37Z" end-time="2017-02-06 09:33:38Z" duration="0.007414" asserts="1" />
                <test-case id="0-1151" name="ManageLoginsPresenter_Should_Set_SuccessMessage_To_StringEmpty" fullname="MyNotebooks.Tests.Core.Presenters.Tests.ManageLoginsPresenterTests.ManageLoginsPresenter_Should_Set_SuccessMessage_To_StringEmpty" methodname="ManageLoginsPresenter_Should_Set_SuccessMessage_To_StringEmpty" classname="MyNotebooks.Tests.Core.Presenters.Tests.ManageLoginsPresenterTests" runstate="Runnable" seed="74749421" result="Passed" start-time="2017-02-06 09:33:38Z" end-time="2017-02-06 09:33:38Z" duration="0.005442" asserts="1" />
                <test-case id="0-1152" name="ManageLoginsPresenter_Should_Set_SuccessMessageVisible_To_False" fullname="MyNotebooks.Tests.Core.Presenters.Tests.ManageLoginsPresenterTests.ManageLoginsPresenter_Should_Set_SuccessMessageVisible_To_False" methodname="ManageLoginsPresenter_Should_Set_SuccessMessageVisible_To_False" classname="MyNotebooks.Tests.Core.Presenters.Tests.ManageLoginsPresenterTests" runstate="Runnable" seed="417010607" result="Passed" start-time="2017-02-06 09:33:38Z" end-time="2017-02-06 09:33:38Z" duration="0.016217" asserts="1" />
              </test-suite>
              <test-suite type="TestFixture" id="0-1153" name="ManageNotebooksPresenterTests" fullname="MyNotebooks.Tests.Core.Presenters.Tests.ManageNotebooksPresenterTests" classname="MyNotebooks.Tests.Core.Presenters.Tests.ManageNotebooksPresenterTests" runstate="Runnable" testcasecount="3" result="Passed" start-time="2017-02-06 09:33:38Z" end-time="2017-02-06 09:33:38Z" duration="0.067078" total="3" passed="3" failed="0" warnings="0" inconclusive="0" skipped="0" asserts="3">
                <test-case id="0-1154" name="ManageNotebooksPresenter_Should_Initialize_Object" fullname="MyNotebooks.Tests.Core.Presenters.Tests.ManageNotebooksPresenterTests.ManageNotebooksPresenter_Should_Initialize_Object" methodname="ManageNotebooksPresenter_Should_Initialize_Object" classname="MyNotebooks.Tests.Core.Presenters.Tests.ManageNotebooksPresenterTests" runstate="Runnable" seed="822465006" result="Passed" start-time="2017-02-06 09:33:38Z" end-time="2017-02-06 09:33:38Z" duration="0.034638" asserts="1" />
                <test-case id="0-1156" name="ManageNotebooksPresenter_Should_Set_GetNotebooks_When_Invokes_Load" fullname="MyNotebooks.Tests.Core.Presenters.Tests.ManageNotebooksPresenterTests.ManageNotebooksPresenter_Should_Set_GetNotebooks_When_Invokes_Load" methodname="ManageNotebooksPresenter_Should_Set_GetNotebooks_When_Invokes_Load" classname="MyNotebooks.Tests.Core.Presenters.Tests.ManageNotebooksPresenterTests" runstate="Runnable" seed="1897896854" result="Passed" start-time="2017-02-06 09:33:38Z" end-time="2017-02-06 09:33:38Z" duration="0.015991" asserts="1" />
                <test-case id="0-1155" name="ManageNotebooksPresenter_Should_SetTitles_When_Invokes_Load" fullname="MyNotebooks.Tests.Core.Presenters.Tests.ManageNotebooksPresenterTests.ManageNotebooksPresenter_Should_SetTitles_When_Invokes_Load" methodname="ManageNotebooksPresenter_Should_SetTitles_When_Invokes_Load" classname="MyNotebooks.Tests.Core.Presenters.Tests.ManageNotebooksPresenterTests" runstate="Runnable" seed="92662029" result="Passed" start-time="2017-02-06 09:33:38Z" end-time="2017-02-06 09:33:38Z" duration="0.005998" asserts="1" />
              </test-suite>
              <test-suite type="TestFixture" id="0-1157" name="ManagePresenterTests" fullname="MyNotebooks.Tests.Core.Presenters.Tests.ManagePresenterTests" classname="MyNotebooks.Tests.Core.Presenters.Tests.ManagePresenterTests" runstate="Runnable" testcasecount="12" result="Passed" start-time="2017-02-06 09:33:38Z" end-time="2017-02-06 09:33:38Z" duration="0.217184" total="12" passed="12" failed="0" warnings="0" inconclusive="0" skipped="0" asserts="12">
                <test-case id="0-1158" name="ManagePresenter_Should_Initialize_A_Object" fullname="MyNotebooks.Tests.Core.Presenters.Tests.ManagePresenterTests.ManagePresenter_Should_Initialize_A_Object" methodname="ManagePresenter_Should_Initialize_A_Object" classname="MyNotebooks.Tests.Core.Presenters.Tests.ManagePresenterTests" runstate="Runnable" seed="820198305" result="Passed" start-time="2017-02-06 09:33:38Z" end-time="2017-02-06 09:33:38Z" duration="0.028353" asserts="1" />
                <test-case id="0-1160" name="ManagePresenter_Should_Set_ChangePasswordVisible_WhenHasPasswordIsTrue_When_Raise_Load" fullname="MyNotebooks.Tests.Core.Presenters.Tests.ManagePresenterTests.ManagePresenter_Should_Set_ChangePasswordVisible_WhenHasPasswordIsTrue_When_Raise_Load" methodname="ManagePresenter_Should_Set_ChangePasswordVisible_WhenHasPasswordIsTrue_When_Raise_Load" classname="MyNotebooks.Tests.Core.Presenters.Tests.ManagePresenterTests" runstate="Runnable" seed="241011782" result="Passed" start-time="2017-02-06 09:33:38Z" end-time="2017-02-06 09:33:38Z" duration="0.026168" asserts="1" />
                <test-case id="0-1161" name="ManagePresenter_Should_Set_ChangePasswordVisibleToFalse_WhenHasPasswordIsFalse_When_Raise_Load" fullname="MyNotebooks.Tests.Core.Presenters.Tests.ManagePresenterTests.ManagePresenter_Should_Set_ChangePasswordVisibleToFalse_WhenHasPasswordIsFalse_When_Raise_Load" methodname="ManagePresenter_Should_Set_ChangePasswordVisibleToFalse_WhenHasPasswordIsFalse_When_Raise_Load" classname="MyNotebooks.Tests.Core.Presenters.Tests.ManagePresenterTests" runstate="Runnable" seed="605363591" result="Passed" start-time="2017-02-06 09:33:38Z" end-time="2017-02-06 09:33:38Z" duration="0.010436" asserts="1" />
                <test-case id="0-1162" name="ManagePresenter_Should_Set_CreatePasswordVisibleToTrue_WhenHasPasswordIsFalse_When_Raise_Load" fullname="MyNotebooks.Tests.Core.Presenters.Tests.ManagePresenterTests.ManagePresenter_Should_Set_CreatePasswordVisibleToTrue_WhenHasPasswordIsFalse_When_Raise_Load" methodname="ManagePresenter_Should_Set_CreatePasswordVisibleToTrue_WhenHasPasswordIsFalse_When_Raise_Load" classname="MyNotebooks.Tests.Core.Presenters.Tests.ManagePresenterTests" runstate="Runnable" seed="184842464" result="Passed" start-time="2017-02-06 09:33:38Z" end-time="2017-02-06 09:33:38Z" duration="0.010119" asserts="1" />
                <test-case id="0-1168" name="ManagePresenter_Should_Set_SuccessMsg_When_RequestQueryMessageIsAddPhoneNumberSuccess_When_Raise_Load" fullname="MyNotebooks.Tests.Core.Presenters.Tests.ManagePresenterTests.ManagePresenter_Should_Set_SuccessMsg_When_RequestQueryMessageIsAddPhoneNumberSuccess_When_Raise_Load" methodname="ManagePresenter_Should_Set_SuccessMsg_When_RequestQueryMessageIsAddPhoneNumberSuccess_When_Raise_Load" classname="MyNotebooks.Tests.Core.Presenters.Tests.ManagePresenterTests" runstate="Runnable" seed="1739548638" result="Passed" start-time="2017-02-06 09:33:38Z" end-time="2017-02-06 09:33:38Z" duration="0.011798" asserts="1" />
                <test-case id="0-1165" name="ManagePresenter_Should_Set_SuccessMsg_When_RequestQueryMessageIsChangePwdSuccess_When_Raise_Load" fullname="MyNotebooks.Tests.Core.Presenters.Tests.ManagePresenterTests.ManagePresenter_Should_Set_SuccessMsg_When_RequestQueryMessageIsChangePwdSuccess_When_Raise_Load" methodname="ManagePresenter_Should_Set_SuccessMsg_When_RequestQueryMessageIsChangePwdSuccess_When_Raise_Load" classname="MyNotebooks.Tests.Core.Presenters.Tests.ManagePresenterTests" runstate="Runnable" seed="1344927964" result="Passed" start-time="2017-02-06 09:33:38Z" end-time="2017-02-06 09:33:38Z" duration="0.010618" asserts="1" />
                <test-case id="0-1167" name="ManagePresenter_Should_Set_SuccessMsg_When_RequestQueryMessageIsRemoveLoginSuccess_When_Raise_Load" fullname="MyNotebooks.Tests.Core.Presenters.Tests.ManagePresenterTests.ManagePresenter_Should_Set_SuccessMsg_When_RequestQueryMessageIsRemoveLoginSuccess_When_Raise_Load" methodname="ManagePresenter_Should_Set_SuccessMsg_When_RequestQueryMessageIsRemoveLoginSuccess_When_Raise_Load" classname="MyNotebooks.Tests.Core.Presenters.Tests.ManagePresenterTests" runstate="Runnable" seed="1522025390" result="Passed" start-time="2017-02-06 09:33:38Z" end-time="2017-02-06 09:33:38Z" duration="0.010649" asserts="1" />
                <test-case id="0-1169" name="ManagePresenter_Should_Set_SuccessMsg_When_RequestQueryMessageIsRemovePhoneNumberSuccess_When_Raise_Load" fullname="MyNotebooks.Tests.Core.Presenters.Tests.ManagePresenterTests.ManagePresenter_Should_Set_SuccessMsg_When_RequestQueryMessageIsRemovePhoneNumberSuccess_When_Raise_Load" methodname="ManagePresenter_Should_Set_SuccessMsg_When_RequestQueryMessageIsRemovePhoneNumberSuccess_When_Raise_Load" classname="MyNotebooks.Tests.Core.Presenters.Tests.ManagePresenterTests" runstate="Runnable" seed="1129389203" result="Passed" start-time="2017-02-06 09:33:38Z" end-time="2017-02-06 09:33:38Z" duration="0.010438" asserts="1" />
                <test-case id="0-1166" name="ManagePresenter_Should_Set_SuccessMsg_When_RequestQueryMessageIsSetPwdSuccess_When_Raise_Load" fullname="MyNotebooks.Tests.Core.Presenters.Tests.ManagePresenterTests.ManagePresenter_Should_Set_SuccessMsg_When_RequestQueryMessageIsSetPwdSuccess_When_Raise_Load" methodname="ManagePresenter_Should_Set_SuccessMsg_When_RequestQueryMessageIsSetPwdSuccess_When_Raise_Load" classname="MyNotebooks.Tests.Core.Presenters.Tests.ManagePresenterTests" runstate="Runnable" seed="1832713702" result="Passed" start-time="2017-02-06 09:33:38Z" end-time="2017-02-06 09:33:38Z" duration="0.012451" asserts="1" />
                <test-case id="0-1163" name="ManagePresenter_Should_Set_SuccessMsgVisibleToFalse_When_RequestQueryMessageIsNull_When_Raise_Load" fullname="MyNotebooks.Tests.Core.Presenters.Tests.ManagePresenterTests.ManagePresenter_Should_Set_SuccessMsgVisibleToFalse_When_RequestQueryMessageIsNull_When_Raise_Load" methodname="ManagePresenter_Should_Set_SuccessMsgVisibleToFalse_When_RequestQueryMessageIsNull_When_Raise_Load" classname="MyNotebooks.Tests.Core.Presenters.Tests.ManagePresenterTests" runstate="Runnable" seed="820524819" result="Passed" start-time="2017-02-06 09:33:38Z" end-time="2017-02-06 09:33:38Z" duration="0.014723" asserts="1" />
                <test-case id="0-1164" name="ManagePresenter_Should_Set_SuccessMsgVisibleToTrue_When_RequestQueryMessageIsNotNull_When_Raise_Load" fullname="MyNotebooks.Tests.Core.Presenters.Tests.ManagePresenterTests.ManagePresenter_Should_Set_SuccessMsgVisibleToTrue_When_RequestQueryMessageIsNotNull_When_Raise_Load" methodname="ManagePresenter_Should_Set_SuccessMsgVisibleToTrue_When_RequestQueryMessageIsNotNull_When_Raise_Load" classname="MyNotebooks.Tests.Core.Presenters.Tests.ManagePresenterTests" runstate="Runnable" seed="1973586503" result="Passed" start-time="2017-02-06 09:33:38Z" end-time="2017-02-06 09:33:38Z" duration="0.010676" asserts="1" />
                <test-case id="0-1159" name="ManagePresenter_Should_SetLoginsCount_When_Raise_Load" fullname="MyNotebooks.Tests.Core.Presenters.Tests.ManagePresenterTests.ManagePresenter_Should_SetLoginsCount_When_Raise_Load" methodname="ManagePresenter_Should_SetLoginsCount_When_Raise_Load" classname="MyNotebooks.Tests.Core.Presenters.Tests.ManagePresenterTests" runstate="Runnable" seed="1998106985" result="Passed" start-time="2017-02-06 09:33:38Z" end-time="2017-02-06 09:33:38Z" duration="0.017214" asserts="1" />
              </test-suite>
              <test-suite type="TestFixture" id="0-1170" name="NotebookPresenterTests" fullname="MyNotebooks.Tests.Core.Presenters.Tests.NotebookPresenterTests" classname="MyNotebooks.Tests.Core.Presenters.Tests.NotebookPresenterTests" runstate="Runnable" testcasecount="15" result="Passed" start-time="2017-02-06 09:33:38Z" end-time="2017-02-06 09:33:38Z" duration="0.189160" total="15" passed="15" failed="0" warnings="0" inconclusive="0" skipped="0" asserts="12">
                <test-case id="0-1172" name="NotebookPresenter_Constructor_Should_Call_Service_Initialize" fullname="MyNotebooks.Tests.Core.Presenters.Tests.NotebookPresenterTests.NotebookPresenter_Constructor_Should_Call_Service_Initialize" methodname="NotebookPresenter_Constructor_Should_Call_Service_Initialize" classname="MyNotebooks.Tests.Core.Presenters.Tests.NotebookPresenterTests" runstate="Runnable" seed="1305438917" result="Passed" start-time="2017-02-06 09:33:38Z" end-time="2017-02-06 09:33:38Z" duration="0.038045" asserts="0" />
                <test-suite type="ParameterizedMethod" id="0-1176" name="NotebookPresenter_Constructor_Should_Set_Service_Subject" fullname="MyNotebooks.Tests.Core.Presenters.Tests.NotebookPresenterTests.NotebookPresenter_Constructor_Should_Set_Service_Subject" classname="MyNotebooks.Tests.Core.Presenters.Tests.NotebookPresenterTests" runstate="Runnable" testcasecount="3" result="Passed" start-time="2017-02-06 09:33:38Z" end-time="2017-02-06 09:33:38Z" duration="0.028061" total="3" passed="3" failed="0" warnings="0" inconclusive="0" skipped="0" asserts="3">
                  <test-case id="0-1173" name="NotebookPresenter_Constructor_Should_Set_Service_Subject(&quot;Informatics&quot;)" fullname="MyNotebooks.Tests.Core.Presenters.Tests.NotebookPresenterTests.NotebookPresenter_Constructor_Should_Set_Service_Subject(&quot;Informatics&quot;)" methodname="NotebookPresenter_Constructor_Should_Set_Service_Subject" classname="MyNotebooks.Tests.Core.Presenters.Tests.NotebookPresenterTests" runstate="Runnable" seed="577146372" result="Passed" start-time="2017-02-06 09:33:38Z" end-time="2017-02-06 09:33:38Z" duration="0.007068" asserts="1" />
                  <test-case id="0-1174" name="NotebookPresenter_Constructor_Should_Set_Service_Subject(&quot;IT&quot;)" fullname="MyNotebooks.Tests.Core.Presenters.Tests.NotebookPresenterTests.NotebookPresenter_Constructor_Should_Set_Service_Subject(&quot;IT&quot;)" methodname="NotebookPresenter_Constructor_Should_Set_Service_Subject" classname="MyNotebooks.Tests.Core.Presenters.Tests.NotebookPresenterTests" runstate="Runnable" seed="2086281374" result="Passed" start-time="2017-02-06 09:33:38Z" end-time="2017-02-06 09:33:38Z" duration="0.004424" asserts="1" />
                  <test-case id="0-1175" name="NotebookPresenter_Constructor_Should_Set_Service_Subject(&quot;Math&quot;)" fullname="MyNotebooks.Tests.Core.Presenters.Tests.NotebookPresenterTests.NotebookPresenter_Constructor_Should_Set_Service_Subject(&quot;Math&quot;)" methodname="NotebookPresenter_Constructor_Should_Set_Service_Subject" classname="MyNotebooks.Tests.Core.Presenters.Tests.NotebookPresenterTests" runstate="Runnable" seed="1586639521" result="Passed" start-time="2017-02-06 09:33:38Z" end-time="2017-02-06 09:33:38Z" duration="0.004225" asserts="1" />
                </test-suite>
                <test-suite type="ParameterizedMethod" id="0-1179" name="NotebookPresenter_Constructor_Should_Set_Service_Type" fullname="MyNotebooks.Tests.Core.Presenters.Tests.NotebookPresenterTests.NotebookPresenter_Constructor_Should_Set_Service_Type" classname="MyNotebooks.Tests.Core.Presenters.Tests.NotebookPresenterTests" runstate="Runnable" testcasecount="2" result="Passed" start-time="2017-02-06 09:33:38Z" end-time="2017-02-06 09:33:38Z" duration="0.015038" total="2" passed="2" failed="0" warnings="0" inconclusive="0" skipped="0" asserts="2">
                  <test-case id="0-1177" name="NotebookPresenter_Constructor_Should_Set_Service_Type(&quot;Classwork&quot;)" fullname="MyNotebooks.Tests.Core.Presenters.Tests.NotebookPresenterTests.NotebookPresenter_Constructor_Should_Set_Service_Type(&quot;Classwork&quot;)" methodname="NotebookPresenter_Constructor_Should_Set_Service_Type" classname="MyNotebooks.Tests.Core.Presenters.Tests.NotebookPresenterTests" runstate="Runnable" seed="546467299" result="Passed" start-time="2017-02-06 09:33:38Z" end-time="2017-02-06 09:33:38Z" duration="0.004421" asserts="1" />
                  <test-case id="0-1178" name="NotebookPresenter_Constructor_Should_Set_Service_Type(&quot;Homework&quot;)" fullname="MyNotebooks.Tests.Core.Presenters.Tests.NotebookPresenterTests.NotebookPresenter_Constructor_Should_Set_Service_Type(&quot;Homework&quot;)" methodname="NotebookPresenter_Constructor_Should_Set_Service_Type" classname="MyNotebooks.Tests.Core.Presenters.Tests.NotebookPresenterTests" runstate="Runnable" seed="274221222" result="Passed" start-time="2017-02-06 09:33:38Z" end-time="2017-02-06 09:33:38Z" duration="0.003338" asserts="1" />
                </test-suite>
                <test-suite type="ParameterizedMethod" id="0-1183" name="NotebookPresenter_Constructor_Should_Set_Service_Username" fullname="MyNotebooks.Tests.Core.Presenters.Tests.NotebookPresenterTests.NotebookPresenter_Constructor_Should_Set_Service_Username" classname="MyNotebooks.Tests.Core.Presenters.Tests.NotebookPresenterTests" runstate="Runnable" testcasecount="3" result="Passed" start-time="2017-02-06 09:33:38Z" end-time="2017-02-06 09:33:38Z" duration="0.022399" total="3" passed="3" failed="0" warnings="0" inconclusive="0" skipped="0" asserts="3">
                  <test-case id="0-1180" name="NotebookPresenter_Constructor_Should_Set_Service_Username(&quot;Pesho&quot;)" fullname="MyNotebooks.Tests.Core.Presenters.Tests.NotebookPresenterTests.NotebookPresenter_Constructor_Should_Set_Service_Username(&quot;Pesho&quot;)" methodname="NotebookPresenter_Constructor_Should_Set_Service_Username" classname="MyNotebooks.Tests.Core.Presenters.Tests.NotebookPresenterTests" runstate="Runnable" seed="430149254" result="Passed" start-time="2017-02-06 09:33:38Z" end-time="2017-02-06 09:33:38Z" duration="0.004902" asserts="1" />
                  <test-case id="0-1181" name="NotebookPresenter_Constructor_Should_Set_Service_Username(&quot;Gosho&quot;)" fullname="MyNotebooks.Tests.Core.Presenters.Tests.NotebookPresenterTests.NotebookPresenter_Constructor_Should_Set_Service_Username(&quot;Gosho&quot;)" methodname="NotebookPresenter_Constructor_Should_Set_Service_Username" classname="MyNotebooks.Tests.Core.Presenters.Tests.NotebookPresenterTests" runstate="Runnable" seed="1488759190" result="Passed" start-time="2017-02-06 09:33:38Z" end-time="2017-02-06 09:33:38Z" duration="0.003630" asserts="1" />
                  <test-case id="0-1182" name="NotebookPresenter_Constructor_Should_Set_Service_Username(&quot;Stamat&quot;)" fullname="MyNotebooks.Tests.Core.Presenters.Tests.NotebookPresenterTests.NotebookPresenter_Constructor_Should_Set_Service_Username(&quot;Stamat&quot;)" methodname="NotebookPresenter_Constructor_Should_Set_Service_Username" classname="MyNotebooks.Tests.Core.Presenters.Tests.NotebookPresenterTests" runstate="Runnable" seed="1502010413" result="Passed" start-time="2017-02-06 09:33:38Z" end-time="2017-02-06 09:33:38Z" duration="0.003412" asserts="1" />
                </test-suite>
                <test-case id="0-1188" name="NotebookPresenter_Raise_Load_Should_Call_GetContent" fullname="MyNotebooks.Tests.Core.Presenters.Tests.NotebookPresenterTests.NotebookPresenter_Raise_Load_Should_Call_GetContent" methodname="NotebookPresenter_Raise_Load_Should_Call_GetContent" classname="MyNotebooks.Tests.Core.Presenters.Tests.NotebookPresenterTests" runstate="Runnable" seed="592464746" result="Passed" start-time="2017-02-06 09:33:38Z" end-time="2017-02-06 09:33:38Z" duration="0.013741" asserts="0" />
                <test-suite type="ParameterizedMethod" id="0-1187" name="NotebookPresenter_Raise_Load_Should_Call_Presenter_Load" fullname="MyNotebooks.Tests.Core.Presenters.Tests.NotebookPresenterTests.NotebookPresenter_Raise_Load_Should_Call_Presenter_Load" classname="MyNotebooks.Tests.Core.Presenters.Tests.NotebookPresenterTests" runstate="Runnable" testcasecount="3" result="Passed" start-time="2017-02-06 09:33:38Z" end-time="2017-02-06 09:33:38Z" duration="0.030046" total="3" passed="3" failed="0" warnings="0" inconclusive="0" skipped="0" asserts="3">
                  <test-case id="0-1184" name="NotebookPresenter_Raise_Load_Should_Call_Presenter_Load(&quot;TestCase1&quot;)" fullname="MyNotebooks.Tests.Core.Presenters.Tests.NotebookPresenterTests.NotebookPresenter_Raise_Load_Should_Call_Presenter_Load(&quot;TestCase1&quot;)" methodname="NotebookPresenter_Raise_Load_Should_Call_Presenter_Load" classname="MyNotebooks.Tests.Core.Presenters.Tests.NotebookPresenterTests" runstate="Runnable" seed="1370772303" result="Passed" start-time="2017-02-06 09:33:38Z" end-time="2017-02-06 09:33:38Z" duration="0.007558" asserts="1" />
                  <test-case id="0-1185" name="NotebookPresenter_Raise_Load_Should_Call_Presenter_Load(&quot;TestCase2&quot;)" fullname="MyNotebooks.Tests.Core.Presenters.Tests.NotebookPresenterTests.NotebookPresenter_Raise_Load_Should_Call_Presenter_Load(&quot;TestCase2&quot;)" methodname="NotebookPresenter_Raise_Load_Should_Call_Presenter_Load" classname="MyNotebooks.Tests.Core.Presenters.Tests.NotebookPresenterTests" runstate="Runnable" seed="306987847" result="Passed" start-time="2017-02-06 09:33:38Z" end-time="2017-02-06 09:33:38Z" duration="0.005807" asserts="1" />
                  <test-case id="0-1186" name="NotebookPresenter_Raise_Load_Should_Call_Presenter_Load(&quot;TestCase3&quot;)" fullname="MyNotebooks.Tests.Core.Presenters.Tests.NotebookPresenterTests.NotebookPresenter_Raise_Load_Should_Call_Presenter_Load(&quot;TestCase3&quot;)" methodname="NotebookPresenter_Raise_Load_Should_Call_Presenter_Load" classname="MyNotebooks.Tests.Core.Presenters.Tests.NotebookPresenterTests" runstate="Runnable" seed="265939900" result="Passed" start-time="2017-02-06 09:33:38Z" end-time="2017-02-06 09:33:38Z" duration="0.006226" asserts="1" />
                </test-suite>
                <test-case id="0-1189" name="NotebookPresenter_Raise_Load_Should_Call_Presenter_SaveChanges" fullname="MyNotebooks.Tests.Core.Presenters.Tests.NotebookPresenterTests.NotebookPresenter_Raise_Load_Should_Call_Presenter_SaveChanges" methodname="NotebookPresenter_Raise_Load_Should_Call_Presenter_SaveChanges" classname="MyNotebooks.Tests.Core.Presenters.Tests.NotebookPresenterTests" runstate="Runnable" seed="1379128809" result="Passed" start-time="2017-02-06 09:33:38Z" end-time="2017-02-06 09:33:38Z" duration="0.008900" asserts="0" />
                <test-case id="0-1171" name="NotebookPresenter_Should_Initialize_A_Object" fullname="MyNotebooks.Tests.Core.Presenters.Tests.NotebookPresenterTests.NotebookPresenter_Should_Initialize_A_Object" methodname="NotebookPresenter_Should_Initialize_A_Object" classname="MyNotebooks.Tests.Core.Presenters.Tests.NotebookPresenterTests" runstate="Runnable" seed="200575791" result="Passed" start-time="2017-02-06 09:33:38Z" end-time="2017-02-06 09:33:38Z" duration="0.000635" asserts="1" />
              </test-suite>
              <test-suite type="TestFixture" id="0-1190" name="RegistrationPresenterTests" fullname="MyNotebooks.Tests.Core.Presenters.Tests.RegistrationPresenterTests" classname="MyNotebooks.Tests.Core.Presenters.Tests.RegistrationPresenterTests" runstate="Runnable" testcasecount="6" result="Passed" start-time="2017-02-06 09:33:38Z" end-time="2017-02-06 09:33:38Z" duration="0.163138" total="6" passed="6" failed="0" warnings="0" inconclusive="0" skipped="0" asserts="2">
                <test-case id="0-1192" name="RegistrationPresenter_Should_Call_AddRoleToUser_When_Successfuly_Register_A_User" fullname="MyNotebooks.Tests.Core.Presenters.Tests.RegistrationPresenterTests.RegistrationPresenter_Should_Call_AddRoleToUser_When_Successfuly_Register_A_User" methodname="RegistrationPresenter_Should_Call_AddRoleToUser_When_Successfuly_Register_A_User" classname="MyNotebooks.Tests.Core.Presenters.Tests.RegistrationPresenterTests" runstate="Runnable" seed="1372908093" result="Passed" start-time="2017-02-06 09:33:38Z" end-time="2017-02-06 09:33:38Z" duration="0.057280" asserts="0" />
                <test-case id="0-1195" name="RegistrationPresenter_Should_Call_Redirect_When_Successfuly_Register_A_User" fullname="MyNotebooks.Tests.Core.Presenters.Tests.RegistrationPresenterTests.RegistrationPresenter_Should_Call_Redirect_When_Successfuly_Register_A_User" methodname="RegistrationPresenter_Should_Call_Redirect_When_Successfuly_Register_A_User" classname="MyNotebooks.Tests.Core.Presenters.Tests.RegistrationPresenterTests" runstate="Runnable" seed="75586257" result="Passed" start-time="2017-02-06 09:33:38Z" end-time="2017-02-06 09:33:38Z" duration="0.018276" asserts="0" />
                <test-case id="0-1193" name="RegistrationPresenter_Should_Call_SaveFile_When_Successfuly_Register_A_User" fullname="MyNotebooks.Tests.Core.Presenters.Tests.RegistrationPresenterTests.RegistrationPresenter_Should_Call_SaveFile_When_Successfuly_Register_A_User" methodname="RegistrationPresenter_Should_Call_SaveFile_When_Successfuly_Register_A_User" classname="MyNotebooks.Tests.Core.Presenters.Tests.RegistrationPresenterTests" runstate="Runnable" seed="1915019808" result="Passed" start-time="2017-02-06 09:33:38Z" end-time="2017-02-06 09:33:38Z" duration="0.021882" asserts="0" />
                <test-case id="0-1196" name="RegistrationPresenter_Should_Call_Set_ErrorMessageText_When_NotSuccessfuly_Register_A_User" fullname="MyNotebooks.Tests.Core.Presenters.Tests.RegistrationPresenterTests.RegistrationPresenter_Should_Call_Set_ErrorMessageText_When_NotSuccessfuly_Register_A_User" methodname="RegistrationPresenter_Should_Call_Set_ErrorMessageText_When_NotSuccessfuly_Register_A_User" classname="MyNotebooks.Tests.Core.Presenters.Tests.RegistrationPresenterTests" runstate="Runnable" seed="1574520999" result="Passed" start-time="2017-02-06 09:33:38Z" end-time="2017-02-06 09:33:38Z" duration="0.019173" asserts="1" />
                <test-case id="0-1194" name="RegistrationPresenter_Should_Call_SignIn_When_Successfuly_Register_A_User" fullname="MyNotebooks.Tests.Core.Presenters.Tests.RegistrationPresenterTests.RegistrationPresenter_Should_Call_SignIn_When_Successfuly_Register_A_User" methodname="RegistrationPresenter_Should_Call_SignIn_When_Successfuly_Register_A_User" classname="MyNotebooks.Tests.Core.Presenters.Tests.RegistrationPresenterTests" runstate="Runnable" seed="1610037632" result="Passed" start-time="2017-02-06 09:33:38Z" end-time="2017-02-06 09:33:38Z" duration="0.023914" asserts="0" />
                <test-case id="0-1191" name="RegistrationPresenter_Should_Initialize_A_Object" fullname="MyNotebooks.Tests.Core.Presenters.Tests.RegistrationPresenterTests.RegistrationPresenter_Should_Initialize_A_Object" methodname="RegistrationPresenter_Should_Initialize_A_Object" classname="MyNotebooks.Tests.Core.Presenters.Tests.RegistrationPresenterTests" runstate="Runnable" seed="19534317" result="Passed" start-time="2017-02-06 09:33:38Z" end-time="2017-02-06 09:33:38Z" duration="0.000811" asserts="1" />
              </test-suite>
              <test-suite type="TestFixture" id="0-1197" name="TeacherPresenterTests" fullname="MyNotebooks.Tests.Core.Presenters.Tests.TeacherPresenterTests" classname="MyNotebooks.Tests.Core.Presenters.Tests.TeacherPresenterTests" runstate="Runnable" testcasecount="8" result="Passed" start-time="2017-02-06 09:33:38Z" end-time="2017-02-06 09:33:38Z" duration="0.157371" total="8" passed="8" failed="0" warnings="0" inconclusive="0" skipped="0" asserts="4">
                <test-case id="0-1204" name="TeacherPresenter_Should_CallAdd_When_Raise_AddTeacher" fullname="MyNotebooks.Tests.Core.Presenters.Tests.TeacherPresenterTests.TeacherPresenter_Should_CallAdd_When_Raise_AddTeacher" methodname="TeacherPresenter_Should_CallAdd_When_Raise_AddTeacher" classname="MyNotebooks.Tests.Core.Presenters.Tests.TeacherPresenterTests" runstate="Runnable" seed="2001063702" result="Passed" start-time="2017-02-06 09:33:38Z" end-time="2017-02-06 09:33:38Z" duration="0.052373" asserts="0" />
                <test-case id="0-1203" name="TeacherPresenter_Should_CallFind_When_Raise_AddTeacher" fullname="MyNotebooks.Tests.Core.Presenters.Tests.TeacherPresenterTests.TeacherPresenter_Should_CallFind_When_Raise_AddTeacher" methodname="TeacherPresenter_Should_CallFind_When_Raise_AddTeacher" classname="MyNotebooks.Tests.Core.Presenters.Tests.TeacherPresenterTests" runstate="Runnable" seed="583084446" result="Passed" start-time="2017-02-06 09:33:38Z" end-time="2017-02-06 09:33:38Z" duration="0.021342" asserts="0" />
                <test-case id="0-1202" name="TeacherPresenter_Should_CallFind_When_Raise_Load" fullname="MyNotebooks.Tests.Core.Presenters.Tests.TeacherPresenterTests.TeacherPresenter_Should_CallFind_When_Raise_Load" methodname="TeacherPresenter_Should_CallFind_When_Raise_Load" classname="MyNotebooks.Tests.Core.Presenters.Tests.TeacherPresenterTests" runstate="Runnable" seed="1139403013" result="Passed" start-time="2017-02-06 09:33:38Z" end-time="2017-02-06 09:33:38Z" duration="0.011674" asserts="0" />
                <test-case id="0-1201" name="TeacherPresenter_Should_CallSetDropdown_When_Raise_Load" fullname="MyNotebooks.Tests.Core.Presenters.Tests.TeacherPresenterTests.TeacherPresenter_Should_CallSetDropdown_When_Raise_Load" methodname="TeacherPresenter_Should_CallSetDropdown_When_Raise_Load" classname="MyNotebooks.Tests.Core.Presenters.Tests.TeacherPresenterTests" runstate="Runnable" seed="132224138" result="Passed" start-time="2017-02-06 09:33:38Z" end-time="2017-02-06 09:33:38Z" duration="0.010659" asserts="0" />
                <test-case id="0-1198" name="TeacherPresenter_Should_Initialize_A_Object" fullname="MyNotebooks.Tests.Core.Presenters.Tests.TeacherPresenterTests.TeacherPresenter_Should_Initialize_A_Object" methodname="TeacherPresenter_Should_Initialize_A_Object" classname="MyNotebooks.Tests.Core.Presenters.Tests.TeacherPresenterTests" runstate="Runnable" seed="1129806905" result="Passed" start-time="2017-02-06 09:33:38Z" end-time="2017-02-06 09:33:38Z" duration="0.000783" asserts="1" />
                <test-case id="0-1205" name="TeacherPresenter_Should_SetGetRelationships_When_Raise_AddTeacher" fullname="MyNotebooks.Tests.Core.Presenters.Tests.TeacherPresenterTests.TeacherPresenter_Should_SetGetRelationships_When_Raise_AddTeacher" methodname="TeacherPresenter_Should_SetGetRelationships_When_Raise_AddTeacher" classname="MyNotebooks.Tests.Core.Presenters.Tests.TeacherPresenterTests" runstate="Runnable" seed="628779730" result="Passed" start-time="2017-02-06 09:33:38Z" end-time="2017-02-06 09:33:38Z" duration="0.014714" asserts="1" />
                <test-case id="0-1200" name="TeacherPresenter_Should_SetGetRelationships_When_Raise_Load" fullname="MyNotebooks.Tests.Core.Presenters.Tests.TeacherPresenterTests.TeacherPresenter_Should_SetGetRelationships_When_Raise_Load" methodname="TeacherPresenter_Should_SetGetRelationships_When_Raise_Load" classname="MyNotebooks.Tests.Core.Presenters.Tests.TeacherPresenterTests" runstate="Runnable" seed="662470495" result="Passed" start-time="2017-02-06 09:33:38Z" end-time="2017-02-06 09:33:38Z" duration="0.008409" asserts="1" />
                <test-case id="0-1199" name="TeacherPresenter_Should_SetTitles_When_Raise_Load" fullname="MyNotebooks.Tests.Core.Presenters.Tests.TeacherPresenterTests.TeacherPresenter_Should_SetTitles_When_Raise_Load" methodname="TeacherPresenter_Should_SetTitles_When_Raise_Load" classname="MyNotebooks.Tests.Core.Presenters.Tests.TeacherPresenterTests" runstate="Runnable" seed="599678555" result="Passed" start-time="2017-02-06 09:33:38Z" end-time="2017-02-06 09:33:38Z" duration="0.007481" asserts="1" />
              </test-suite>
            </test-suite>
          </test-suite>
        </test-suite>
        <test-suite type="TestSuite" id="0-1213" name="Data" fullname="MyNotebooks.Tests.Data" runstate="Runnable" testcasecount="29" result="Passed" start-time="2017-02-06 09:33:36Z" end-time="2017-02-06 09:33:39Z" duration="2.908822" total="29" passed="29" failed="0" warnings="0" inconclusive="0" skipped="0" asserts="18">
          <test-suite type="TestSuite" id="0-1214" name="Tests" fullname="MyNotebooks.Tests.Data.Tests" runstate="Runnable" testcasecount="29" result="Passed" start-time="2017-02-06 09:33:36Z" end-time="2017-02-06 09:33:39Z" duration="2.904079" total="29" passed="29" failed="0" warnings="0" inconclusive="0" skipped="0" asserts="18">
            <test-suite type="TestSuite" id="0-1215" name="AccountServices" fullname="MyNotebooks.Tests.Data.Tests.AccountServices" runstate="Runnable" testcasecount="13" result="Passed" start-time="2017-02-06 09:33:36Z" end-time="2017-02-06 09:33:39Z" duration="2.684908" total="13" passed="13" failed="0" warnings="0" inconclusive="0" skipped="0" asserts="4">
              <test-suite type="TestFixture" id="0-1115" name="UserServiceTests" fullname="MyNotebooks.Tests.Data.Tests.AccountServices.UserServiceTests" classname="MyNotebooks.Tests.Data.Tests.AccountServices.UserServiceTests" runstate="Runnable" testcasecount="13" result="Passed" start-time="2017-02-06 09:33:38Z" end-time="2017-02-06 09:33:39Z" duration="0.540403" total="13" passed="13" failed="0" warnings="0" inconclusive="0" skipped="0" asserts="4">
                <test-case id="0-1123" name="UserService_CallAddClaimToUser_Should_Call_Repo_AddClaimToUser" fullname="MyNotebooks.Tests.Data.Tests.AccountServices.UserServiceTests.UserService_CallAddClaimToUser_Should_Call_Repo_AddClaimToUser" methodname="UserService_CallAddClaimToUser_Should_Call_Repo_AddClaimToUser" classname="MyNotebooks.Tests.Data.Tests.AccountServices.UserServiceTests" runstate="Runnable" seed="2112449116" result="Passed" start-time="2017-02-06 09:33:38Z" end-time="2017-02-06 09:33:39Z" duration="0.398306" asserts="0" />
                <test-case id="0-1124" name="UserService_CallAddClaimToUser_Should_Call_UnitOfWork_Commit" fullname="MyNotebooks.Tests.Data.Tests.AccountServices.UserServiceTests.UserService_CallAddClaimToUser_Should_Call_UnitOfWork_Commit" methodname="UserService_CallAddClaimToUser_Should_Call_UnitOfWork_Commit" classname="MyNotebooks.Tests.Data.Tests.AccountServices.UserServiceTests" runstate="Runnable" seed="857574543" result="Passed" start-time="2017-02-06 09:33:39Z" end-time="2017-02-06 09:33:39Z" duration="0.007966" asserts="0" />
                <test-case id="0-1125" name="UserService_CallAddClaimToUser_Should_Return_True" fullname="MyNotebooks.Tests.Data.Tests.AccountServices.UserServiceTests.UserService_CallAddClaimToUser_Should_Return_True" methodname="UserService_CallAddClaimToUser_Should_Return_True" classname="MyNotebooks.Tests.Data.Tests.AccountServices.UserServiceTests" runstate="Runnable" seed="891635949" result="Passed" start-time="2017-02-06 09:33:39Z" end-time="2017-02-06 09:33:39Z" duration="0.007375" asserts="1" />
                <test-case id="0-1121" name="UserService_CallAddRoleToUser_Should_Call_Repo_AddClaimToUser" fullname="MyNotebooks.Tests.Data.Tests.AccountServices.UserServiceTests.UserService_CallAddRoleToUser_Should_Call_Repo_AddClaimToUser" methodname="UserService_CallAddRoleToUser_Should_Call_Repo_AddClaimToUser" classname="MyNotebooks.Tests.Data.Tests.AccountServices.UserServiceTests" runstate="Runnable" seed="1219648431" result="Passed" start-time="2017-02-06 09:33:39Z" end-time="2017-02-06 09:33:39Z" duration="0.008567" asserts="0" />
                <test-case id="0-1120" name="UserService_CallAddRoleToUser_Should_Call_Repo_AddRoleToUser" fullname="MyNotebooks.Tests.Data.Tests.AccountServices.UserServiceTests.UserService_CallAddRoleToUser_Should_Call_Repo_AddRoleToUser" methodname="UserService_CallAddRoleToUser_Should_Call_Repo_AddRoleToUser" classname="MyNotebooks.Tests.Data.Tests.AccountServices.UserServiceTests" runstate="Runnable" seed="1221318737" result="Passed" start-time="2017-02-06 09:33:39Z" end-time="2017-02-06 09:33:39Z" duration="0.007440" asserts="0" />
                <test-case id="0-1122" name="UserService_CallAddRoleToUser_Should_Call_UnitOfWOrk_Commit" fullname="MyNotebooks.Tests.Data.Tests.AccountServices.UserServiceTests.UserService_CallAddRoleToUser_Should_Call_UnitOfWOrk_Commit" methodname="UserService_CallAddRoleToUser_Should_Call_UnitOfWOrk_Commit" classname="MyNotebooks.Tests.Data.Tests.AccountServices.UserServiceTests" runstate="Runnable" seed="287793295" result="Passed" start-time="2017-02-06 09:33:39Z" end-time="2017-02-06 09:33:39Z" duration="0.009651" asserts="0" />
                <test-case id="0-1126" name="UserService_CallContainsClaim_Should_Call_AddClaimToUser" fullname="MyNotebooks.Tests.Data.Tests.AccountServices.UserServiceTests.UserService_CallContainsClaim_Should_Call_AddClaimToUser" methodname="UserService_CallContainsClaim_Should_Call_AddClaimToUser" classname="MyNotebooks.Tests.Data.Tests.AccountServices.UserServiceTests" runstate="Runnable" seed="1882034486" result="Passed" start-time="2017-02-06 09:33:39Z" end-time="2017-02-06 09:33:39Z" duration="0.011420" asserts="0" />
                <test-suite type="ParameterizedMethod" id="0-1129" name="UserService_CallContainsClaim_Should_ReturnCorrect_AddClaimToUser" fullname="MyNotebooks.Tests.Data.Tests.AccountServices.UserServiceTests.UserService_CallContainsClaim_Should_ReturnCorrect_AddClaimToUser" classname="MyNotebooks.Tests.Data.Tests.AccountServices.UserServiceTests" runstate="Runnable" testcasecount="2" result="Passed" start-time="2017-02-06 09:33:39Z" end-time="2017-02-06 09:33:39Z" duration="0.027046" total="2" passed="2" failed="0" warnings="0" inconclusive="0" skipped="0" asserts="2">
                  <test-case id="0-1127" name="UserService_CallContainsClaim_Should_ReturnCorrect_AddClaimToUser(True)" fullname="MyNotebooks.Tests.Data.Tests.AccountServices.UserServiceTests.UserService_CallContainsClaim_Should_ReturnCorrect_AddClaimToUser(True)" methodname="UserService_CallContainsClaim_Should_ReturnCorrect_AddClaimToUser" classname="MyNotebooks.Tests.Data.Tests.AccountServices.UserServiceTests" runstate="Runnable" seed="375610782" result="Passed" start-time="2017-02-06 09:33:39Z" end-time="2017-02-06 09:33:39Z" duration="0.012774" asserts="1" />
                  <test-case id="0-1128" name="UserService_CallContainsClaim_Should_ReturnCorrect_AddClaimToUser(False)" fullname="MyNotebooks.Tests.Data.Tests.AccountServices.UserServiceTests.UserService_CallContainsClaim_Should_ReturnCorrect_AddClaimToUser(False)" methodname="UserService_CallContainsClaim_Should_ReturnCorrect_AddClaimToUser" classname="MyNotebooks.Tests.Data.Tests.AccountServices.UserServiceTests" runstate="Runnable" seed="889275841" result="Passed" start-time="2017-02-06 09:33:39Z" end-time="2017-02-06 09:33:39Z" duration="0.007435" asserts="1" />
                </test-suite>
                <test-case id="0-1119" name="UserService_CallFind_Should_Call_Repo_Find" fullname="MyNotebooks.Tests.Data.Tests.AccountServices.UserServiceTests.UserService_CallFind_Should_Call_Repo_Find" methodname="UserService_CallFind_Should_Call_Repo_Find" classname="MyNotebooks.Tests.Data.Tests.AccountServices.UserServiceTests" runstate="Runnable" seed="1878942257" result="Passed" start-time="2017-02-06 09:33:39Z" end-time="2017-02-06 09:33:39Z" duration="0.008198" asserts="0" />
                <test-case id="0-1117" name="UserService_Initialization_Should_Call_Repo_SetDbContext" fullname="MyNotebooks.Tests.Data.Tests.AccountServices.UserServiceTests.UserService_Initialization_Should_Call_Repo_SetDbContext" methodname="UserService_Initialization_Should_Call_Repo_SetDbContext" classname="MyNotebooks.Tests.Data.Tests.AccountServices.UserServiceTests" runstate="Runnable" seed="343999025" result="Passed" start-time="2017-02-06 09:33:39Z" end-time="2017-02-06 09:33:39Z" duration="0.003767" asserts="0" />
                <test-case id="0-1118" name="UserService_Initialization_Should_Call_UnitOfWork_SetDbContext" fullname="MyNotebooks.Tests.Data.Tests.AccountServices.UserServiceTests.UserService_Initialization_Should_Call_UnitOfWork_SetDbContext" methodname="UserService_Initialization_Should_Call_UnitOfWork_SetDbContext" classname="MyNotebooks.Tests.Data.Tests.AccountServices.UserServiceTests" runstate="Runnable" seed="1299600364" result="Passed" start-time="2017-02-06 09:33:39Z" end-time="2017-02-06 09:33:39Z" duration="0.005449" asserts="0" />
                <test-case id="0-1116" name="UserService_Should_Initialize_A_Object" fullname="MyNotebooks.Tests.Data.Tests.AccountServices.UserServiceTests.UserService_Should_Initialize_A_Object" methodname="UserService_Should_Initialize_A_Object" classname="MyNotebooks.Tests.Data.Tests.AccountServices.UserServiceTests" runstate="Runnable" seed="758775355" result="Passed" start-time="2017-02-06 09:33:39Z" end-time="2017-02-06 09:33:39Z" duration="0.000831" asserts="1" />
              </test-suite>
            </test-suite>
            <test-suite type="TestFixture" id="0-1093" name="EfUnitOfWorkTests" fullname="MyNotebooks.Tests.Data.Tests.EfUnitOfWorkTests" classname="MyNotebooks.Tests.Data.Tests.EfUnitOfWorkTests" runstate="Runnable" testcasecount="3" result="Passed" start-time="2017-02-06 09:33:39Z" end-time="2017-02-06 09:33:39Z" duration="0.023035" total="3" passed="3" failed="0" warnings="0" inconclusive="0" skipped="0" asserts="3">
              <test-case id="0-1094" name="EfUnitOfWork_Should_Initialize_A_Object" fullname="MyNotebooks.Tests.Data.Tests.EfUnitOfWorkTests.EfUnitOfWork_Should_Initialize_A_Object" methodname="EfUnitOfWork_Should_Initialize_A_Object" classname="MyNotebooks.Tests.Data.Tests.EfUnitOfWorkTests" runstate="Runnable" seed="1606560953" result="Passed" start-time="2017-02-06 09:33:39Z" end-time="2017-02-06 09:33:39Z" duration="0.000822" asserts="1" />
              <test-case id="0-1095" name="EfUnitOfWork_Should_Throw_When_Not_SetContext_and_call_Commit" fullname="MyNotebooks.Tests.Data.Tests.EfUnitOfWorkTests.EfUnitOfWork_Should_Throw_When_Not_SetContext_and_call_Commit" methodname="EfUnitOfWork_Should_Throw_When_Not_SetContext_and_call_Commit" classname="MyNotebooks.Tests.Data.Tests.EfUnitOfWorkTests" runstate="Runnable" seed="1517349650" result="Passed" start-time="2017-02-06 09:33:39Z" end-time="2017-02-06 09:33:39Z" duration="0.010177" asserts="1" />
              <test-case id="0-1096" name="EfUnitOfWork_Should_Throw_When_Not_SetContext_and_call_Dispose" fullname="MyNotebooks.Tests.Data.Tests.EfUnitOfWorkTests.EfUnitOfWork_Should_Throw_When_Not_SetContext_and_call_Dispose" methodname="EfUnitOfWork_Should_Throw_When_Not_SetContext_and_call_Dispose" classname="MyNotebooks.Tests.Data.Tests.EfUnitOfWorkTests" runstate="Runnable" seed="1558595702" result="Passed" start-time="2017-02-06 09:33:39Z" end-time="2017-02-06 09:33:39Z" duration="0.001395" asserts="1" />
            </test-suite>
            <test-suite type="TestFixture" id="0-1097" name="NotebooksRepositoryTests" fullname="MyNotebooks.Tests.Data.Tests.NotebooksRepositoryTests" classname="MyNotebooks.Tests.Data.Tests.NotebooksRepositoryTests" runstate="Runnable" testcasecount="9" result="Passed" start-time="2017-02-06 09:33:39Z" end-time="2017-02-06 09:33:39Z" duration="0.153140" total="9" passed="9" failed="0" warnings="0" inconclusive="0" skipped="0" asserts="7">
              <test-case id="0-1101" name="NotebooksRepository_Should_Call_ContextAdd_When_Call_Add" fullname="MyNotebooks.Tests.Data.Tests.NotebooksRepositoryTests.NotebooksRepository_Should_Call_ContextAdd_When_Call_Add" methodname="NotebooksRepository_Should_Call_ContextAdd_When_Call_Add" classname="MyNotebooks.Tests.Data.Tests.NotebooksRepositoryTests" runstate="Runnable" seed="2095116852" result="Passed" start-time="2017-02-06 09:33:39Z" end-time="2017-02-06 09:33:39Z" duration="0.077579" asserts="0" />
              <test-case id="0-1102" name="NotebooksRepository_Should_Call_Delete_When_Call_Delete" fullname="MyNotebooks.Tests.Data.Tests.NotebooksRepositoryTests.NotebooksRepository_Should_Call_Delete_When_Call_Delete" methodname="NotebooksRepository_Should_Call_Delete_When_Call_Delete" classname="MyNotebooks.Tests.Data.Tests.NotebooksRepositoryTests" runstate="Runnable" seed="2137088022" result="Passed" start-time="2017-02-06 09:33:39Z" end-time="2017-02-06 09:33:39Z" duration="0.007117" asserts="0" />
              <test-case id="0-1098" name="NotebooksRepository_Should_Initialize_A_Object" fullname="MyNotebooks.Tests.Data.Tests.NotebooksRepositoryTests.NotebooksRepository_Should_Initialize_A_Object" methodname="NotebooksRepository_Should_Initialize_A_Object" classname="MyNotebooks.Tests.Data.Tests.NotebooksRepositoryTests" runstate="Runnable" seed="444943439" result="Passed" start-time="2017-02-06 09:33:39Z" end-time="2017-02-06 09:33:39Z" duration="0.000326" asserts="1" />
              <test-case id="0-1099" name="NotebooksRepository_Should_Not_Throw_When_SetContext" fullname="MyNotebooks.Tests.Data.Tests.NotebooksRepositoryTests.NotebooksRepository_Should_Not_Throw_When_SetContext" methodname="NotebooksRepository_Should_Not_Throw_When_SetContext" classname="MyNotebooks.Tests.Data.Tests.NotebooksRepositoryTests" runstate="Runnable" seed="570376930" result="Passed" start-time="2017-02-06 09:33:39Z" end-time="2017-02-06 09:33:39Z" duration="0.003320" asserts="1" />
              <test-case id="0-1100" name="NotebooksRepository_Should_Throw_Exception" fullname="MyNotebooks.Tests.Data.Tests.NotebooksRepositoryTests.NotebooksRepository_Should_Throw_Exception" methodname="NotebooksRepository_Should_Throw_Exception" classname="MyNotebooks.Tests.Data.Tests.NotebooksRepositoryTests" runstate="Runnable" seed="317018869" result="Passed" start-time="2017-02-06 09:33:39Z" end-time="2017-02-06 09:33:39Z" duration="0.005784" asserts="1" />
              <test-suite type="ParameterizedMethod" id="0-1105" name="NotebooksRepository_Should_UpdateContent_When_Call_Update" fullname="MyNotebooks.Tests.Data.Tests.NotebooksRepositoryTests.NotebooksRepository_Should_UpdateContent_When_Call_Update" classname="MyNotebooks.Tests.Data.Tests.NotebooksRepositoryTests" runstate="Runnable" testcasecount="2" result="Passed" start-time="2017-02-06 09:33:39Z" end-time="2017-02-06 09:33:39Z" duration="0.016039" total="2" passed="2" failed="0" warnings="0" inconclusive="0" skipped="0" asserts="2">
                <test-case id="0-1103" name="NotebooksRepository_Should_UpdateContent_When_Call_Update(&quot;test1&quot;)" fullname="MyNotebooks.Tests.Data.Tests.NotebooksRepositoryTests.NotebooksRepository_Should_UpdateContent_When_Call_Update(&quot;test1&quot;)" methodname="NotebooksRepository_Should_UpdateContent_When_Call_Update" classname="MyNotebooks.Tests.Data.Tests.NotebooksRepositoryTests" runstate="Runnable" seed="860720631" result="Passed" start-time="2017-02-06 09:33:39Z" end-time="2017-02-06 09:33:39Z" duration="0.004741" asserts="1" />
                <test-case id="0-1104" name="NotebooksRepository_Should_UpdateContent_When_Call_Update(&quot;test2&quot;)" fullname="MyNotebooks.Tests.Data.Tests.NotebooksRepositoryTests.NotebooksRepository_Should_UpdateContent_When_Call_Update(&quot;test2&quot;)" methodname="NotebooksRepository_Should_UpdateContent_When_Call_Update" classname="MyNotebooks.Tests.Data.Tests.NotebooksRepositoryTests" runstate="Runnable" seed="364909505" result="Passed" start-time="2017-02-06 09:33:39Z" end-time="2017-02-06 09:33:39Z" duration="0.004865" asserts="1" />
              </test-suite>
              <test-suite type="ParameterizedMethod" id="0-1108" name="NotebooksRepository_Should_UpdateContent_When_Call_Update_With_Object" fullname="MyNotebooks.Tests.Data.Tests.NotebooksRepositoryTests.NotebooksRepository_Should_UpdateContent_When_Call_Update_With_Object" classname="MyNotebooks.Tests.Data.Tests.NotebooksRepositoryTests" runstate="Runnable" testcasecount="2" result="Passed" start-time="2017-02-06 09:33:39Z" end-time="2017-02-06 09:33:39Z" duration="0.017038" total="2" passed="2" failed="0" warnings="0" inconclusive="0" skipped="0" asserts="2">
                <test-case id="0-1106" name="NotebooksRepository_Should_UpdateContent_When_Call_Update_With_Object(&quot;test1&quot;)" fullname="MyNotebooks.Tests.Data.Tests.NotebooksRepositoryTests.NotebooksRepository_Should_UpdateContent_When_Call_Update_With_Object(&quot;test1&quot;)" methodname="NotebooksRepository_Should_UpdateContent_When_Call_Update_With_Object" classname="MyNotebooks.Tests.Data.Tests.NotebooksRepositoryTests" runstate="Runnable" seed="165354368" result="Passed" start-time="2017-02-06 09:33:39Z" end-time="2017-02-06 09:33:39Z" duration="0.005783" asserts="1" />
                <test-case id="0-1107" name="NotebooksRepository_Should_UpdateContent_When_Call_Update_With_Object(&quot;test2&quot;)" fullname="MyNotebooks.Tests.Data.Tests.NotebooksRepositoryTests.NotebooksRepository_Should_UpdateContent_When_Call_Update_With_Object(&quot;test2&quot;)" methodname="NotebooksRepository_Should_UpdateContent_When_Call_Update_With_Object" classname="MyNotebooks.Tests.Data.Tests.NotebooksRepositoryTests" runstate="Runnable" seed="688081676" result="Passed" start-time="2017-02-06 09:33:39Z" end-time="2017-02-06 09:33:39Z" duration="0.004749" asserts="1" />
              </test-suite>
            </test-suite>
            <test-suite type="TestFixture" id="0-1109" name="RelationshipsRepositoryTests" fullname="MyNotebooks.Tests.Data.Tests.RelationshipsRepositoryTests" classname="MyNotebooks.Tests.Data.Tests.RelationshipsRepositoryTests" runstate="Runnable" testcasecount="3" result="Passed" start-time="2017-02-06 09:33:39Z" end-time="2017-02-06 09:33:39Z" duration="0.019042" total="3" passed="3" failed="0" warnings="0" inconclusive="0" skipped="0" asserts="3">
              <test-case id="0-1110" name="RelationshipRepository_Should_Initialize_A_Object" fullname="MyNotebooks.Tests.Data.Tests.RelationshipsRepositoryTests.RelationshipRepository_Should_Initialize_A_Object" methodname="RelationshipRepository_Should_Initialize_A_Object" classname="MyNotebooks.Tests.Data.Tests.RelationshipsRepositoryTests" runstate="Runnable" seed="1697425741" result="Passed" start-time="2017-02-06 09:33:39Z" end-time="2017-02-06 09:33:39Z" duration="0.001027" asserts="1" />
              <test-case id="0-1111" name="RelationshipRepository_Should_Set_DbContext" fullname="MyNotebooks.Tests.Data.Tests.RelationshipsRepositoryTests.RelationshipRepository_Should_Set_DbContext" methodname="RelationshipRepository_Should_Set_DbContext" classname="MyNotebooks.Tests.Data.Tests.RelationshipsRepositoryTests" runstate="Runnable" seed="786064217" result="Passed" start-time="2017-02-06 09:33:39Z" end-time="2017-02-06 09:33:39Z" duration="0.001460" asserts="1" />
              <test-case id="0-1112" name="RelationshipsRepository_Should_Throw_Exception" fullname="MyNotebooks.Tests.Data.Tests.RelationshipsRepositoryTests.RelationshipsRepository_Should_Throw_Exception" methodname="RelationshipsRepository_Should_Throw_Exception" classname="MyNotebooks.Tests.Data.Tests.RelationshipsRepositoryTests" runstate="Runnable" seed="977561522" result="Passed" start-time="2017-02-06 09:33:39Z" end-time="2017-02-06 09:33:39Z" duration="0.004728" asserts="1" />
            </test-suite>
            <test-suite type="TestFixture" id="0-1113" name="UserRepositoryTests" fullname="MyNotebooks.Tests.Data.Tests.UserRepositoryTests" classname="MyNotebooks.Tests.Data.Tests.UserRepositoryTests" runstate="Runnable" testcasecount="1" result="Passed" start-time="2017-02-06 09:33:39Z" end-time="2017-02-06 09:33:39Z" duration="0.004027" total="1" passed="1" failed="0" warnings="0" inconclusive="0" skipped="0" asserts="1">
              <test-case id="0-1114" name="UserRepository_Should_Initialize_A_Object" fullname="MyNotebooks.Tests.Data.Tests.UserRepositoryTests.UserRepository_Should_Initialize_A_Object" methodname="UserRepository_Should_Initialize_A_Object" classname="MyNotebooks.Tests.Data.Tests.UserRepositoryTests" runstate="Runnable" seed="1922691009" result="Passed" start-time="2017-02-06 09:33:39Z" end-time="2017-02-06 09:33:39Z" duration="0.000774" asserts="1" />
            </test-suite>
          </test-suite>
        </test-suite>
        <test-suite type="TestSuite" id="0-1211" name="DataModels" fullname="MyNotebooks.Tests.DataModels" runstate="Runnable" testcasecount="34" result="Passed" start-time="2017-02-06 09:33:36Z" end-time="2017-02-06 09:33:39Z" duration="3.103212" total="34" passed="34" failed="0" warnings="0" inconclusive="0" skipped="0" asserts="34">
          <test-suite type="TestSuite" id="0-1212" name="Tests" fullname="MyNotebooks.Tests.DataModels.Tests" runstate="Runnable" testcasecount="34" result="Passed" start-time="2017-02-06 09:33:36Z" end-time="2017-02-06 09:33:39Z" duration="3.099211" total="34" passed="34" failed="0" warnings="0" inconclusive="0" skipped="0" asserts="34">
            <test-suite type="TestFixture" id="0-1045" name="NotebookTests" fullname="MyNotebooks.Tests.DataModels.Tests.NotebookTests" classname="MyNotebooks.Tests.DataModels.Tests.NotebookTests" runstate="Runnable" testcasecount="14" result="Passed" start-time="2017-02-06 09:33:39Z" end-time="2017-02-06 09:33:39Z" duration="0.079075" total="14" passed="14" failed="0" warnings="0" inconclusive="0" skipped="0" asserts="14">
              <test-case id="0-1046" name="Notebook_Should_Initialize_A_Object" fullname="MyNotebooks.Tests.DataModels.Tests.NotebookTests.Notebook_Should_Initialize_A_Object" methodname="Notebook_Should_Initialize_A_Object" classname="MyNotebooks.Tests.DataModels.Tests.NotebookTests" runstate="Runnable" seed="1353125351" result="Passed" start-time="2017-02-06 09:33:39Z" end-time="2017-02-06 09:33:39Z" duration="0.000300" asserts="1" />
              <test-suite type="ParameterizedMethod" id="0-1064" name="Notebook_Should_Set_Content" fullname="MyNotebooks.Tests.DataModels.Tests.NotebookTests.Notebook_Should_Set_Content" classname="MyNotebooks.Tests.DataModels.Tests.NotebookTests" runstate="Runnable" testcasecount="3" result="Passed" start-time="2017-02-06 09:33:39Z" end-time="2017-02-06 09:33:39Z" duration="0.012031" total="3" passed="3" failed="0" warnings="0" inconclusive="0" skipped="0" asserts="3">
                <test-case id="0-1061" name="Notebook_Should_Set_Content(&quot;Testing content&quot;)" fullname="MyNotebooks.Tests.DataModels.Tests.NotebookTests.Notebook_Should_Set_Content(&quot;Testing content&quot;)" methodname="Notebook_Should_Set_Content" classname="MyNotebooks.Tests.DataModels.Tests.NotebookTests" runstate="Runnable" seed="1870251708" result="Passed" start-time="2017-02-06 09:33:39Z" end-time="2017-02-06 09:33:39Z" duration="0.000957" asserts="1" />
                <test-case id="0-1062" name="Notebook_Should_Set_Content(&quot;Hello world&quot;)" fullname="MyNotebooks.Tests.DataModels.Tests.NotebookTests.Notebook_Should_Set_Content(&quot;Hello world&quot;)" methodname="Notebook_Should_Set_Content" classname="MyNotebooks.Tests.DataModels.Tests.NotebookTests" runstate="Runnable" seed="726160067" result="Passed" start-time="2017-02-06 09:33:39Z" end-time="2017-02-06 09:33:39Z" duration="0.000140" asserts="1" />
                <test-case id="0-1063" name="Notebook_Should_Set_Content(&quot;Notebook content&quot;)" fullname="MyNotebooks.Tests.DataModels.Tests.NotebookTests.Notebook_Should_Set_Content(&quot;Notebook content&quot;)" methodname="Notebook_Should_Set_Content" classname="MyNotebooks.Tests.DataModels.Tests.NotebookTests" runstate="Runnable" seed="947535054" result="Passed" start-time="2017-02-06 09:33:39Z" end-time="2017-02-06 09:33:39Z" duration="0.000115" asserts="1" />
              </test-suite>
              <test-suite type="ParameterizedMethod" id="0-1050" name="Notebook_Should_Set_Id" fullname="MyNotebooks.Tests.DataModels.Tests.NotebookTests.Notebook_Should_Set_Id" classname="MyNotebooks.Tests.DataModels.Tests.NotebookTests" runstate="Runnable" testcasecount="3" result="Passed" start-time="2017-02-06 09:33:39Z" end-time="2017-02-06 09:33:39Z" duration="0.013027" total="3" passed="3" failed="0" warnings="0" inconclusive="0" skipped="0" asserts="3">
                <test-case id="0-1047" name="Notebook_Should_Set_Id(1)" fullname="MyNotebooks.Tests.DataModels.Tests.NotebookTests.Notebook_Should_Set_Id(1)" methodname="Notebook_Should_Set_Id" classname="MyNotebooks.Tests.DataModels.Tests.NotebookTests" runstate="Runnable" seed="438840750" result="Passed" start-time="2017-02-06 09:33:39Z" end-time="2017-02-06 09:33:39Z" duration="0.001017" asserts="1" />
                <test-case id="0-1048" name="Notebook_Should_Set_Id(2)" fullname="MyNotebooks.Tests.DataModels.Tests.NotebookTests.Notebook_Should_Set_Id(2)" methodname="Notebook_Should_Set_Id" classname="MyNotebooks.Tests.DataModels.Tests.NotebookTests" runstate="Runnable" seed="585297144" result="Passed" start-time="2017-02-06 09:33:39Z" end-time="2017-02-06 09:33:39Z" duration="0.000135" asserts="1" />
                <test-case id="0-1049" name="Notebook_Should_Set_Id(100)" fullname="MyNotebooks.Tests.DataModels.Tests.NotebookTests.Notebook_Should_Set_Id(100)" methodname="Notebook_Should_Set_Id" classname="MyNotebooks.Tests.DataModels.Tests.NotebookTests" runstate="Runnable" seed="1122247463" result="Passed" start-time="2017-02-06 09:33:39Z" end-time="2017-02-06 09:33:39Z" duration="0.000087" asserts="1" />
              </test-suite>
              <test-suite type="ParameterizedMethod" id="0-1057" name="Notebook_Should_Set_Subject" fullname="MyNotebooks.Tests.DataModels.Tests.NotebookTests.Notebook_Should_Set_Subject" classname="MyNotebooks.Tests.DataModels.Tests.NotebookTests" runstate="Runnable" testcasecount="3" result="Passed" start-time="2017-02-06 09:33:39Z" end-time="2017-02-06 09:33:39Z" duration="0.012032" total="3" passed="3" failed="0" warnings="0" inconclusive="0" skipped="0" asserts="3">
                <test-case id="0-1054" name="Notebook_Should_Set_Subject(&quot;Math&quot;)" fullname="MyNotebooks.Tests.DataModels.Tests.NotebookTests.Notebook_Should_Set_Subject(&quot;Math&quot;)" methodname="Notebook_Should_Set_Subject" classname="MyNotebooks.Tests.DataModels.Tests.NotebookTests" runstate="Runnable" seed="1898554984" result="Passed" start-time="2017-02-06 09:33:39Z" end-time="2017-02-06 09:33:39Z" duration="0.000310" asserts="1" />
                <test-case id="0-1055" name="Notebook_Should_Set_Subject(&quot;Informatics&quot;)" fullname="MyNotebooks.Tests.DataModels.Tests.NotebookTests.Notebook_Should_Set_Subject(&quot;Informatics&quot;)" methodname="Notebook_Should_Set_Subject" classname="MyNotebooks.Tests.DataModels.Tests.NotebookTests" runstate="Runnable" seed="1508230901" result="Passed" start-time="2017-02-06 09:33:39Z" end-time="2017-02-06 09:33:39Z" duration="0.000115" asserts="1" />
                <test-case id="0-1056" name="Notebook_Should_Set_Subject(&quot;IT&quot;)" fullname="MyNotebooks.Tests.DataModels.Tests.NotebookTests.Notebook_Should_Set_Subject(&quot;IT&quot;)" methodname="Notebook_Should_Set_Subject" classname="MyNotebooks.Tests.DataModels.Tests.NotebookTests" runstate="Runnable" seed="1380594904" result="Passed" start-time="2017-02-06 09:33:39Z" end-time="2017-02-06 09:33:39Z" duration="0.000093" asserts="1" />
              </test-suite>
              <test-suite type="ParameterizedMethod" id="0-1060" name="Notebook_Should_Set_Type" fullname="MyNotebooks.Tests.DataModels.Tests.NotebookTests.Notebook_Should_Set_Type" classname="MyNotebooks.Tests.DataModels.Tests.NotebookTests" runstate="Runnable" testcasecount="2" result="Passed" start-time="2017-02-06 09:33:39Z" end-time="2017-02-06 09:33:39Z" duration="0.009028" total="2" passed="2" failed="0" warnings="0" inconclusive="0" skipped="0" asserts="2">
                <test-case id="0-1058" name="Notebook_Should_Set_Type(&quot;Classwork&quot;)" fullname="MyNotebooks.Tests.DataModels.Tests.NotebookTests.Notebook_Should_Set_Type(&quot;Classwork&quot;)" methodname="Notebook_Should_Set_Type" classname="MyNotebooks.Tests.DataModels.Tests.NotebookTests" runstate="Runnable" seed="1444706452" result="Passed" start-time="2017-02-06 09:33:39Z" end-time="2017-02-06 09:33:39Z" duration="0.001052" asserts="1" />
                <test-case id="0-1059" name="Notebook_Should_Set_Type(&quot;Homework&quot;)" fullname="MyNotebooks.Tests.DataModels.Tests.NotebookTests.Notebook_Should_Set_Type(&quot;Homework&quot;)" methodname="Notebook_Should_Set_Type" classname="MyNotebooks.Tests.DataModels.Tests.NotebookTests" runstate="Runnable" seed="1353275938" result="Passed" start-time="2017-02-06 09:33:39Z" end-time="2017-02-06 09:33:39Z" duration="0.000120" asserts="1" />
              </test-suite>
              <test-suite type="ParameterizedMethod" id="0-1053" name="Notebook_Should_Set_Username" fullname="MyNotebooks.Tests.DataModels.Tests.NotebookTests.Notebook_Should_Set_Username" classname="MyNotebooks.Tests.DataModels.Tests.NotebookTests" runstate="Runnable" testcasecount="2" result="Passed" start-time="2017-02-06 09:33:39Z" end-time="2017-02-06 09:33:39Z" duration="0.009440" total="2" passed="2" failed="0" warnings="0" inconclusive="0" skipped="0" asserts="2">
                <test-case id="0-1051" name="Notebook_Should_Set_Username(&quot;Gosho&quot;)" fullname="MyNotebooks.Tests.DataModels.Tests.NotebookTests.Notebook_Should_Set_Username(&quot;Gosho&quot;)" methodname="Notebook_Should_Set_Username" classname="MyNotebooks.Tests.DataModels.Tests.NotebookTests" runstate="Runnable" seed="658110260" result="Passed" start-time="2017-02-06 09:33:39Z" end-time="2017-02-06 09:33:39Z" duration="0.001000" asserts="1" />
                <test-case id="0-1052" name="Notebook_Should_Set_Username(&quot;Pesho&quot;)" fullname="MyNotebooks.Tests.DataModels.Tests.NotebookTests.Notebook_Should_Set_Username(&quot;Pesho&quot;)" methodname="Notebook_Should_Set_Username" classname="MyNotebooks.Tests.DataModels.Tests.NotebookTests" runstate="Runnable" seed="609814069" result="Passed" start-time="2017-02-06 09:33:39Z" end-time="2017-02-06 09:33:39Z" duration="0.000092" asserts="1" />
              </test-suite>
            </test-suite>
            <test-suite type="TestFixture" id="0-1065" name="RelationshipTests" fullname="MyNotebooks.Tests.DataModels.Tests.RelationshipTests" classname="MyNotebooks.Tests.DataModels.Tests.RelationshipTests" runstate="Runnable" testcasecount="13" result="Passed" start-time="2017-02-06 09:33:39Z" end-time="2017-02-06 09:33:39Z" duration="0.070075" total="13" passed="13" failed="0" warnings="0" inconclusive="0" skipped="0" asserts="13">
              <test-case id="0-1066" name="Relationship_Should_Initialize_A_Object" fullname="MyNotebooks.Tests.DataModels.Tests.RelationshipTests.Relationship_Should_Initialize_A_Object" methodname="Relationship_Should_Initialize_A_Object" classname="MyNotebooks.Tests.DataModels.Tests.RelationshipTests" runstate="Runnable" seed="267539760" result="Passed" start-time="2017-02-06 09:33:39Z" end-time="2017-02-06 09:33:39Z" duration="0.000293" asserts="1" />
              <test-suite type="ParameterizedMethod" id="0-1070" name="Relationship_Should_Set_Id" fullname="MyNotebooks.Tests.DataModels.Tests.RelationshipTests.Relationship_Should_Set_Id" classname="MyNotebooks.Tests.DataModels.Tests.RelationshipTests" runstate="Runnable" testcasecount="3" result="Passed" start-time="2017-02-06 09:33:39Z" end-time="2017-02-06 09:33:39Z" duration="0.013029" total="3" passed="3" failed="0" warnings="0" inconclusive="0" skipped="0" asserts="3">
                <test-case id="0-1067" name="Relationship_Should_Set_Id(1)" fullname="MyNotebooks.Tests.DataModels.Tests.RelationshipTests.Relationship_Should_Set_Id(1)" methodname="Relationship_Should_Set_Id" classname="MyNotebooks.Tests.DataModels.Tests.RelationshipTests" runstate="Runnable" seed="1164493359" result="Passed" start-time="2017-02-06 09:33:39Z" end-time="2017-02-06 09:33:39Z" duration="0.001046" asserts="1" />
                <test-case id="0-1068" name="Relationship_Should_Set_Id(2)" fullname="MyNotebooks.Tests.DataModels.Tests.RelationshipTests.Relationship_Should_Set_Id(2)" methodname="Relationship_Should_Set_Id" classname="MyNotebooks.Tests.DataModels.Tests.RelationshipTests" runstate="Runnable" seed="921580169" result="Passed" start-time="2017-02-06 09:33:39Z" end-time="2017-02-06 09:33:39Z" duration="0.000137" asserts="1" />
                <test-case id="0-1069" name="Relationship_Should_Set_Id(3)" fullname="MyNotebooks.Tests.DataModels.Tests.RelationshipTests.Relationship_Should_Set_Id(3)" methodname="Relationship_Should_Set_Id" classname="MyNotebooks.Tests.DataModels.Tests.RelationshipTests" runstate="Runnable" seed="964612885" result="Passed" start-time="2017-02-06 09:33:39Z" end-time="2017-02-06 09:33:39Z" duration="0.000089" asserts="1" />
              </test-suite>
[...]
              </test-suite>
              <test-suite type="ParameterizedMethod" id="0-1029" name="NotebookService_Should_Call_Update_When_SaveContent" fullname="MyNotebooks.Tests.Services.Tests.NotebookServiceTests.NotebookService_Should_Call_Update_When_SaveContent" classname="MyNotebooks.Tests.Services.Tests.NotebookServiceTests" runstate="Runnable" testcasecount="1" result="Passed" start-time="2017-02-06 09:33:39Z" end-time="2017-02-06 09:33:39Z" duration="0.012030" total="1" passed="1" failed="0" warnings="0" inconclusive="0" skipped="0" asserts="0">
                <test-case id="0-1028" name="NotebookService_Should_Call_Update_When_SaveContent(&quot;Test&quot;)" fullname="MyNotebooks.Tests.Services.Tests.NotebookServiceTests.NotebookService_Should_Call_Update_When_SaveContent(&quot;Test&quot;)" methodname="NotebookService_Should_Call_Update_When_SaveContent" classname="MyNotebooks.Tests.Services.Tests.NotebookServiceTests" runstate="Runnable" seed="1711344273" result="Passed" start-time="2017-02-06 09:33:39Z" end-time="2017-02-06 09:33:39Z" duration="0.008617" asserts="0" />
              </test-suite>
              <test-suite type="ParameterizedMethod" id="0-1033" name="NotebookService_Should_Get_Content_When_Call_GetContent" fullname="MyNotebooks.Tests.Services.Tests.NotebookServiceTests.NotebookService_Should_Get_Content_When_Call_GetContent" classname="MyNotebooks.Tests.Services.Tests.NotebookServiceTests" runstate="Runnable" testcasecount="1" result="Passed" start-time="2017-02-06 09:33:39Z" end-time="2017-02-06 09:33:39Z" duration="0.008024" total="1" passed="1" failed="0" warnings="0" inconclusive="0" skipped="0" asserts="1">
                <test-case id="0-1032" name="NotebookService_Should_Get_Content_When_Call_GetContent(&quot;Test&quot;)" fullname="MyNotebooks.Tests.Services.Tests.NotebookServiceTests.NotebookService_Should_Get_Content_When_Call_GetContent(&quot;Test&quot;)" methodname="NotebookService_Should_Get_Content_When_Call_GetContent" classname="MyNotebooks.Tests.Services.Tests.NotebookServiceTests" runstate="Runnable" seed="177651311" result="Passed" start-time="2017-02-06 09:33:39Z" end-time="2017-02-06 09:33:39Z" duration="0.004183" asserts="1" />
              </test-suite>
              <test-suite type="ParameterizedMethod" id="0-1019" name="NotebookService_Should_return_Notebook_After_Initialization" fullname="MyNotebooks.Tests.Services.Tests.NotebookServiceTests.NotebookService_Should_return_Notebook_After_Initialization" classname="MyNotebooks.Tests.Services.Tests.NotebookServiceTests" runstate="Runnable" testcasecount="1" result="Passed" start-time="2017-02-06 09:33:39Z" end-time="2017-02-06 09:33:39Z" duration="0.010030" total="1" passed="1" failed="0" warnings="0" inconclusive="0" skipped="0" asserts="1">
                <test-case id="0-1018" name="NotebookService_Should_return_Notebook_After_Initialization(&quot;Test&quot;)" fullname="MyNotebooks.Tests.Services.Tests.NotebookServiceTests.NotebookService_Should_return_Notebook_After_Initialization(&quot;Test&quot;)" methodname="NotebookService_Should_return_Notebook_After_Initialization" classname="MyNotebooks.Tests.Services.Tests.NotebookServiceTests" runstate="Runnable" seed="191087474" result="Passed" start-time="2017-02-06 09:33:39Z" end-time="2017-02-06 09:33:39Z" duration="0.006666" asserts="1" />
              </test-suite>
              <test-case id="0-1016" name="NotebookService_Should_ReturnNull_When_Try_To_Get_Notebook_Before_Initialization" fullname="MyNotebooks.Tests.Services.Tests.NotebookServiceTests.NotebookService_Should_ReturnNull_When_Try_To_Get_Notebook_Before_Initialization" methodname="NotebookService_Should_ReturnNull_When_Try_To_Get_Notebook_Before_Initialization" classname="MyNotebooks.Tests.Services.Tests.NotebookServiceTests" runstate="Runnable" seed="1257984691" result="Passed" start-time="2017-02-06 09:33:39Z" end-time="2017-02-06 09:33:39Z" duration="0.000847" asserts="1" />
              <test-suite type="ParameterizedMethod" id="0-1023" name="NotebookService_Should_Set_Notebook_After_Initialization" fullname="MyNotebooks.Tests.Services.Tests.NotebookServiceTests.NotebookService_Should_Set_Notebook_After_Initialization" classname="MyNotebooks.Tests.Services.Tests.NotebookServiceTests" runstate="Runnable" testcasecount="3" result="Passed" start-time="2017-02-06 09:33:39Z" end-time="2017-02-06 09:33:39Z" duration="0.023044" total="3" passed="3" failed="0" warnings="0" inconclusive="0" skipped="0" asserts="12">
                <test-case id="0-1020" name="NotebookService_Should_Set_Notebook_After_Initialization(&quot;Test&quot;)" fullname="MyNotebooks.Tests.Services.Tests.NotebookServiceTests.NotebookService_Should_Set_Notebook_After_Initialization(&quot;Test&quot;)" methodname="NotebookService_Should_Set_Notebook_After_Initialization" classname="MyNotebooks.Tests.Services.Tests.NotebookServiceTests" runstate="Runnable" seed="146479437" result="Passed" start-time="2017-02-06 09:33:39Z" end-time="2017-02-06 09:33:39Z" duration="0.006226" asserts="4" />
                <test-case id="0-1021" name="NotebookService_Should_Set_Notebook_After_Initialization(&quot;Test1&quot;)" fullname="MyNotebooks.Tests.Services.Tests.NotebookServiceTests.NotebookService_Should_Set_Notebook_After_Initialization(&quot;Test1&quot;)" methodname="NotebookService_Should_Set_Notebook_After_Initialization" classname="MyNotebooks.Tests.Services.Tests.NotebookServiceTests" runstate="Runnable" seed="2061332238" result="Passed" start-time="2017-02-06 09:33:39Z" end-time="2017-02-06 09:33:39Z" duration="0.003100" asserts="4" />
                <test-case id="0-1022" name="NotebookService_Should_Set_Notebook_After_Initialization(&quot;Test2&quot;)" fullname="MyNotebooks.Tests.Services.Tests.NotebookServiceTests.NotebookService_Should_Set_Notebook_After_Initialization(&quot;Test2&quot;)" methodname="NotebookService_Should_Set_Notebook_After_Initialization" classname="MyNotebooks.Tests.Services.Tests.NotebookServiceTests" runstate="Runnable" seed="370306334" result="Passed" start-time="2017-02-06 09:33:39Z" end-time="2017-02-06 09:33:39Z" duration="0.002129" asserts="4" />
              </test-suite>
              <test-suite type="ParameterizedMethod" id="0-1007" name="NotebookService_Should_Set_Subject_Successfully" fullname="MyNotebooks.Tests.Services.Tests.NotebookServiceTests.NotebookService_Should_Set_Subject_Successfully" classname="MyNotebooks.Tests.Services.Tests.NotebookServiceTests" runstate="Runnable" testcasecount="4" result="Passed" start-time="2017-02-06 09:33:39Z" end-time="2017-02-06 09:33:39Z" duration="0.017654" total="4" passed="4" failed="0" warnings="0" inconclusive="0" skipped="0" asserts="4">
                <test-case id="0-1003" name="NotebookService_Should_Set_Subject_Successfully(&quot;Informatics&quot;)" fullname="MyNotebooks.Tests.Services.Tests.NotebookServiceTests.NotebookService_Should_Set_Subject_Successfully(&quot;Informatics&quot;)" methodname="NotebookService_Should_Set_Subject_Successfully" classname="MyNotebooks.Tests.Services.Tests.NotebookServiceTests" runstate="Runnable" seed="2080086935" result="Passed" start-time="2017-02-06 09:33:39Z" end-time="2017-02-06 09:33:39Z" duration="0.001508" asserts="1" />
                <test-case id="0-1004" name="NotebookService_Should_Set_Subject_Successfully(&quot;Math&quot;)" fullname="MyNotebooks.Tests.Services.Tests.NotebookServiceTests.NotebookService_Should_Set_Subject_Successfully(&quot;Math&quot;)" methodname="NotebookService_Should_Set_Subject_Successfully" classname="MyNotebooks.Tests.Services.Tests.NotebookServiceTests" runstate="Runnable" seed="277242463" result="Passed" start-time="2017-02-06 09:33:39Z" end-time="2017-02-06 09:33:39Z" duration="0.000326" asserts="1" />
                <test-case id="0-1005" name="NotebookService_Should_Set_Subject_Successfully(&quot;IT&quot;)" fullname="MyNotebooks.Tests.Services.Tests.NotebookServiceTests.NotebookService_Should_Set_Subject_Successfully(&quot;IT&quot;)" methodname="NotebookService_Should_Set_Subject_Successfully" classname="MyNotebooks.Tests.Services.Tests.NotebookServiceTests" runstate="Runnable" seed="1689423963" result="Passed" start-time="2017-02-06 09:33:39Z" end-time="2017-02-06 09:33:39Z" duration="0.000363" asserts="1" />
                <test-case id="0-1006" name="NotebookService_Should_Set_Subject_Successfully(&quot;Biology&quot;)" fullname="MyNotebooks.Tests.Services.Tests.NotebookServiceTests.NotebookService_Should_Set_Subject_Successfully(&quot;Biology&quot;)" methodname="NotebookService_Should_Set_Subject_Successfully" classname="MyNotebooks.Tests.Services.Tests.NotebookServiceTests" runstate="Runnable" seed="902941914" result="Passed" start-time="2017-02-06 09:33:39Z" end-time="2017-02-06 09:33:39Z" duration="0.000259" asserts="1" />
              </test-suite>
              <test-suite type="ParameterizedMethod" id="0-1010" name="NotebookService_Should_Set_Subject_Type" fullname="MyNotebooks.Tests.Services.Tests.NotebookServiceTests.NotebookService_Should_Set_Subject_Type" classname="MyNotebooks.Tests.Services.Tests.NotebookServiceTests" runstate="Runnable" testcasecount="2" result="Passed" start-time="2017-02-06 09:33:39Z" end-time="2017-02-06 09:33:40Z" duration="0.009025" total="2" passed="2" failed="0" warnings="0" inconclusive="0" skipped="0" asserts="2">
                <test-case id="0-1008" name="NotebookService_Should_Set_Subject_Type(&quot;Classwork&quot;)" fullname="MyNotebooks.Tests.Services.Tests.NotebookServiceTests.NotebookService_Should_Set_Subject_Type(&quot;Classwork&quot;)" methodname="NotebookService_Should_Set_Subject_Type" classname="MyNotebooks.Tests.Services.Tests.NotebookServiceTests" runstate="Runnable" seed="878302773" result="Passed" start-time="2017-02-06 09:33:39Z" end-time="2017-02-06 09:33:39Z" duration="0.001495" asserts="1" />
                <test-case id="0-1009" name="NotebookService_Should_Set_Subject_Type(&quot;Homework&quot;)" fullname="MyNotebooks.Tests.Services.Tests.NotebookServiceTests.NotebookService_Should_Set_Subject_Type(&quot;Homework&quot;)" methodname="NotebookService_Should_Set_Subject_Type" classname="MyNotebooks.Tests.Services.Tests.NotebookServiceTests" runstate="Runnable" seed="561462575" result="Passed" start-time="2017-02-06 09:33:39Z" end-time="2017-02-06 09:33:39Z" duration="0.000353" asserts="1" />
              </test-suite>
              <test-suite type="ParameterizedMethod" id="0-1015" name="NotebookService_Should_Set_Username_Successfully" fullname="MyNotebooks.Tests.Services.Tests.NotebookServiceTests.NotebookService_Should_Set_Username_Successfully" classname="MyNotebooks.Tests.Services.Tests.NotebookServiceTests" runstate="Runnable" testcasecount="4" result="Passed" start-time="2017-02-06 09:33:40Z" end-time="2017-02-06 09:33:40Z" duration="0.017036" total="4" passed="4" failed="0" warnings="0" inconclusive="0" skipped="0" asserts="4">
                <test-case id="0-1011" name="NotebookService_Should_Set_Username_Successfully(&quot;Gosho&quot;)" fullname="MyNotebooks.Tests.Services.Tests.NotebookServiceTests.NotebookService_Should_Set_Username_Successfully(&quot;Gosho&quot;)" methodname="NotebookService_Should_Set_Username_Successfully" classname="MyNotebooks.Tests.Services.Tests.NotebookServiceTests" runstate="Runnable" seed="1394901600" result="Passed" start-time="2017-02-06 09:33:40Z" end-time="2017-02-06 09:33:40Z" duration="0.001728" asserts="1" />
                <test-case id="0-1012" name="NotebookService_Should_Set_Username_Successfully(&quot;Pesho&quot;)" fullname="MyNotebooks.Tests.Services.Tests.NotebookServiceTests.NotebookService_Should_Set_Username_Successfully(&quot;Pesho&quot;)" methodname="NotebookService_Should_Set_Username_Successfully" classname="MyNotebooks.Tests.Services.Tests.NotebookServiceTests" runstate="Runnable" seed="2036851553" result="Passed" start-time="2017-02-06 09:33:40Z" end-time="2017-02-06 09:33:40Z" duration="0.000361" asserts="1" />
                <test-case id="0-1013" name="NotebookService_Should_Set_Username_Successfully(&quot;Stamat&quot;)" fullname="MyNotebooks.Tests.Services.Tests.NotebookServiceTests.NotebookService_Should_Set_Username_Successfully(&quot;Stamat&quot;)" methodname="NotebookService_Should_Set_Username_Successfully" classname="MyNotebooks.Tests.Services.Tests.NotebookServiceTests" runstate="Runnable" seed="1518661687" result="Passed" start-time="2017-02-06 09:33:40Z" end-time="2017-02-06 09:33:40Z" duration="0.000260" asserts="1" />
                <test-case id="0-1014" name="NotebookService_Should_Set_Username_Successfully(&quot;Ivan&quot;)" fullname="MyNotebooks.Tests.Services.Tests.NotebookServiceTests.NotebookService_Should_Set_Username_Successfully(&quot;Ivan&quot;)" methodname="NotebookService_Should_Set_Username_Successfully" classname="MyNotebooks.Tests.Services.Tests.NotebookServiceTests" runstate="Runnable" seed="45503889" result="Passed" start-time="2017-02-06 09:33:40Z" end-time="2017-02-06 09:33:40Z" duration="0.000493" asserts="1" />
              </test-suite>
              <test-case id="0-1017" name="NotebookService_Should_Throw_When_Try_To_Get_Content_Before_Initialization" fullname="MyNotebooks.Tests.Services.Tests.NotebookServiceTests.NotebookService_Should_Throw_When_Try_To_Get_Content_Before_Initialization" methodname="NotebookService_Should_Throw_When_Try_To_Get_Content_Before_Initialization" classname="MyNotebooks.Tests.Services.Tests.NotebookServiceTests" runstate="Runnable" seed="1902812819" result="Passed" start-time="2017-02-06 09:33:40Z" end-time="2017-02-06 09:33:40Z" duration="0.001075" asserts="1" />
            </test-suite>
            <test-suite type="TestFixture" id="0-1034" name="RelationshipServiceTests" fullname="MyNotebooks.Tests.Services.Tests.RelationshipServiceTests" classname="MyNotebooks.Tests.Services.Tests.RelationshipServiceTests" runstate="Runnable" testcasecount="10" result="Passed" start-time="2017-02-06 09:33:40Z" end-time="2017-02-06 09:33:40Z" duration="0.102111" total="10" passed="10" failed="0" warnings="0" inconclusive="0" skipped="0" asserts="1">
              <test-case id="0-1036" name="RelationshipService_Repo_Should_Call_SetContext" fullname="MyNotebooks.Tests.Services.Tests.RelationshipServiceTests.RelationshipService_Repo_Should_Call_SetContext" methodname="RelationshipService_Repo_Should_Call_SetContext" classname="MyNotebooks.Tests.Services.Tests.RelationshipServiceTests" runstate="Runnable" seed="453747724" result="Passed" start-time="2017-02-06 09:33:40Z" end-time="2017-02-06 09:33:40Z" duration="0.023318" asserts="0" />
              <test-case id="0-1037" name="RelationshipService_Should_Call_RepoAdd_When_Call_ServiceAdd" fullname="MyNotebooks.Tests.Services.Tests.RelationshipServiceTests.RelationshipService_Should_Call_RepoAdd_When_Call_ServiceAdd" methodname="RelationshipService_Should_Call_RepoAdd_When_Call_ServiceAdd" classname="MyNotebooks.Tests.Services.Tests.RelationshipServiceTests" runstate="Runnable" seed="1993837367" result="Passed" start-time="2017-02-06 09:33:40Z" end-time="2017-02-06 09:33:40Z" duration="0.003947" asserts="0" />
              <test-case id="0-1039" name="RelationshipService_Should_Call_RepoDelete_When_Call_ServiceDelete" fullname="MyNotebooks.Tests.Services.Tests.RelationshipServiceTests.RelationshipService_Should_Call_RepoDelete_When_Call_ServiceDelete" methodname="RelationshipService_Should_Call_RepoDelete_When_Call_ServiceDelete" classname="MyNotebooks.Tests.Services.Tests.RelationshipServiceTests" runstate="Runnable" seed="1799403822" result="Passed" start-time="2017-02-06 09:33:40Z" end-time="2017-02-06 09:33:40Z" duration="0.004219" asserts="0" />
              <test-case id="0-1041" name="RelationshipService_Should_Call_RepoFind1_When_Call_ServiceFind1" fullname="MyNotebooks.Tests.Services.Tests.RelationshipServiceTests.RelationshipService_Should_Call_RepoFind1_When_Call_ServiceFind1" methodname="RelationshipService_Should_Call_RepoFind1_When_Call_ServiceFind1" classname="MyNotebooks.Tests.Services.Tests.RelationshipServiceTests" runstate="Runnable" seed="2013536751" result="Passed" start-time="2017-02-06 09:33:40Z" end-time="2017-02-06 09:33:40Z" duration="0.006519" asserts="0" />
              <test-case id="0-1044" name="RelationshipService_Should_Call_RepoFind1Teacher_When_Call_ServiceFind1Teacher" fullname="MyNotebooks.Tests.Services.Tests.RelationshipServiceTests.RelationshipService_Should_Call_RepoFind1Teacher_When_Call_ServiceFind1Teacher" methodname="RelationshipService_Should_Call_RepoFind1Teacher_When_Call_ServiceFind1Teacher" classname="MyNotebooks.Tests.Services.Tests.RelationshipServiceTests" runstate="Runnable" seed="464645905" result="Passed" start-time="2017-02-06 09:33:40Z" end-time="2017-02-06 09:33:40Z" duration="0.005424" asserts="0" />
              <test-case id="0-1042" name="RelationshipService_Should_Call_RepoFind2_When_Call_ServiceFind2" fullname="MyNotebooks.Tests.Services.Tests.RelationshipServiceTests.RelationshipService_Should_Call_RepoFind2_When_Call_ServiceFind2" methodname="RelationshipService_Should_Call_RepoFind2_When_Call_ServiceFind2" classname="MyNotebooks.Tests.Services.Tests.RelationshipServiceTests" runstate="Runnable" seed="489437830" result="Passed" start-time="2017-02-06 09:33:40Z" end-time="2017-02-06 09:33:40Z" duration="0.006539" asserts="0" />
              <test-case id="0-1043" name="RelationshipService_Should_Call_RepoFind3_When_Call_ServiceFind3" fullname="MyNotebooks.Tests.Services.Tests.RelationshipServiceTests.RelationshipService_Should_Call_RepoFind3_When_Call_ServiceFind3" methodname="RelationshipService_Should_Call_RepoFind3_When_Call_ServiceFind3" classname="MyNotebooks.Tests.Services.Tests.RelationshipServiceTests" runstate="Runnable" seed="679501017" result="Passed" start-time="2017-02-06 09:33:40Z" end-time="2017-02-06 09:33:40Z" duration="0.008463" asserts="0" />
              <test-case id="0-1038" name="RelationshipService_Should_Call_UOWCommit_When_Call_ServiceAdd" fullname="MyNotebooks.Tests.Services.Tests.RelationshipServiceTests.RelationshipService_Should_Call_UOWCommit_When_Call_ServiceAdd" methodname="RelationshipService_Should_Call_UOWCommit_When_Call_ServiceAdd" classname="MyNotebooks.Tests.Services.Tests.RelationshipServiceTests" runstate="Runnable" seed="1638220339" result="Passed" start-time="2017-02-06 09:33:40Z" end-time="2017-02-06 09:33:40Z" duration="0.003892" asserts="0" />
              <test-case id="0-1040" name="RelationshipService_Should_Call_UOWCommit_When_Call_ServiceDelete" fullname="MyNotebooks.Tests.Services.Tests.RelationshipServiceTests.RelationshipService_Should_Call_UOWCommit_When_Call_ServiceDelete" methodname="RelationshipService_Should_Call_UOWCommit_When_Call_ServiceDelete" classname="MyNotebooks.Tests.Services.Tests.RelationshipServiceTests" runstate="Runnable" seed="401205222" result="Passed" start-time="2017-02-06 09:33:40Z" end-time="2017-02-06 09:33:40Z" duration="0.003893" asserts="0" />
              <test-case id="0-1035" name="RelationshipService_Should_Set_Parameters" fullname="MyNotebooks.Tests.Services.Tests.RelationshipServiceTests.RelationshipService_Should_Set_Parameters" methodname="RelationshipService_Should_Set_Parameters" classname="MyNotebooks.Tests.Services.Tests.RelationshipServiceTests" runstate="Runnable" seed="311541596" result="Passed" start-time="2017-02-06 09:33:40Z" end-time="2017-02-06 09:33:40Z" duration="0.000769" asserts="1" />
            </test-suite>
          </test-suite>
        </test-suite>
      </test-suite>
    </test-suite>
  </test-suite>
</test-run>