<?xml version="1.0" encoding="utf-8" standalone="no"?>
<test-run id="2" testcasecount="176" result="Passed" total="176" passed="176" failed="0" inconclusive="0" skipped="0" asserts="144" engine-version="3.6.0.0" clr-version="4.0.30319.42000" start-time="2017-02-07 03:11:19Z" end-time="2017-02-07 03:11:28Z" duration="9.134618">
  <command-line><![CDATA[..\\..\\..\\packages\\NUnit.ConsoleRunner.3.6.0\\tools\\nunit3-console.exe  MyNotebooks.Tests.dll]]></command-line>
  <test-suite type="Assembly" id="0-1229" name="MyNotebooks.Tests.dll" fullname="F:\ASP.NET\Official-MyNotebooks\MyNotebooks\MyNotebooks\MyNotebooks\MyNotebooks.Tests\bin\Debug\MyNotebooks.Tests.dll" runstate="Runnable" testcasecount="176" result="Passed" start-time="2017-02-07 03:11:23Z" end-time="2017-02-07 03:11:28Z" duration="4.416136" total="176" passed="176" failed="0" warnings="0" inconclusive="0" skipped="0" asserts="144">
    <environment framework-version="3.6.0.0" clr-version="4.0.30319.42000" os-version="Microsoft Windows NT 6.3.9600.0" platform="Win32NT" cwd="F:\ASP.NET\Official-MyNotebooks\MyNotebooks\MyNotebooks\MyNotebooks\MyNotebooks.Tests\bin\Debug" machine-name="DAVID" user="dsm2001" user-domain="david" culture="en-US" uiculture="en-US" os-architecture="x64" />
    <settings>
      <setting name="DisposeRunners" value="True" />
      <setting name="WorkDirectory" value="F:\ASP.NET\Official-MyNotebooks\MyNotebooks\MyNotebooks\MyNotebooks\MyNotebooks.Tests\bin\Debug" />
      <setting name="ImageRuntimeVersion" value="4.0.30319" />
      <setting name="ImageTargetFrameworkName" value=".NETFramework,Version=v4.5.2" />
      <setting name="ImageRequiresX86" value="False" />
      <setting name="ImageRequiresDefaultAppDomainAssemblyResolver" value="False" />
      <setting name="NumberOfTestWorkers" value="4" />
    </settings>
    <properties>
      <property name="_PID" value="2760" />
      <property name="_APPDOMAIN" value="domain-" />
    </properties>
    <test-suite type="TestSuite" id="0-1230" name="MyNotebooks" fullname="MyNotebooks" runstate="Runnable" testcasecount="176" result="Passed" start-time="2017-02-07 03:11:23Z" end-time="2017-02-07 03:11:28Z" duration="4.383112" total="176" passed="176" failed="0" warnings="0" inconclusive="0" skipped="0" asserts="144">
      <test-suite type="TestSuite" id="0-1231" name="Tests" fullname="MyNotebooks.Tests" runstate="Runnable" testcasecount="176" result="Passed" start-time="2017-02-07 03:11:23Z" end-time="2017-02-07 03:11:28Z" duration="4.379124" total="176" passed="176" failed="0" warnings="0" inconclusive="0" skipped="0" asserts="144">
        <test-suite type="TestSuite" id="0-1239" name="Core" fullname="MyNotebooks.Tests.Core" runstate="Runnable" testcasecount="72" result="Passed" start-time="2017-02-07 03:11:23Z" end-time="2017-02-07 03:11:26Z" duration="2.712184" total="72" passed="72" failed="0" warnings="0" inconclusive="0" skipped="0" asserts="60">
          <test-suite type="TestSuite" id="0-1242" name="Models" fullname="MyNotebooks.Tests.Core.Models" runstate="Runnable" testcasecount="1" result="Passed" start-time="2017-02-07 03:11:23Z" end-time="2017-02-07 03:11:23Z" duration="0.100120" total="1" passed="1" failed="0" warnings="0" inconclusive="0" skipped="0" asserts="1">
            <test-suite type="TestSuite" id="0-1243" name="Tests" fullname="MyNotebooks.Tests.Core.Models.Tests" runstate="Runnable" testcasecount="1" result="Passed" start-time="2017-02-07 03:11:23Z" end-time="2017-02-07 03:11:23Z" duration="0.096202" total="1" passed="1" failed="0" warnings="0" inconclusive="0" skipped="0" asserts="1">
              <test-suite type="TestFixture" id="0-1227" name="NotebookModelTests" fullname="MyNotebooks.Tests.Core.Models.Tests.NotebookModelTests" classname="MyNotebooks.Tests.Core.Models.Tests.NotebookModelTests" runstate="Runnable" testcasecount="1" result="Passed" start-time="2017-02-07 03:11:23Z" end-time="2017-02-07 03:11:23Z" duration="0.067217" total="1" passed="1" failed="0" warnings="0" inconclusive="0" skipped="0" asserts="1">
                <test-case id="0-1228" name="NotebookModel_Should_Set_Notebook" fullname="MyNotebooks.Tests.Core.Models.Tests.NotebookModelTests.NotebookModel_Should_Set_Notebook" methodname="NotebookModel_Should_Set_Notebook" classname="MyNotebooks.Tests.Core.Models.Tests.NotebookModelTests" runstate="Runnable" seed="1536048266" result="Passed" start-time="2017-02-07 03:11:23Z" end-time="2017-02-07 03:11:23Z" duration="0.041590" asserts="1" />
              </test-suite>
            </test-suite>
          </test-suite>
          <test-suite type="TestSuite" id="0-1240" name="Presenters" fullname="MyNotebooks.Tests.Core.Presenters" runstate="Runnable" testcasecount="71" result="Passed" start-time="2017-02-07 03:11:23Z" end-time="2017-02-07 03:11:26Z" duration="2.697928" total="71" passed="71" failed="0" warnings="0" inconclusive="0" skipped="0" asserts="59">
            <test-suite type="TestSuite" id="0-1241" name="Tests" fullname="MyNotebooks.Tests.Core.Presenters.Tests" runstate="Runnable" testcasecount="71" result="Passed" start-time="2017-02-07 03:11:23Z" end-time="2017-02-07 03:11:26Z" duration="2.694114" total="71" passed="71" failed="0" warnings="0" inconclusive="0" skipped="0" asserts="59">
              <test-suite type="TestFixture" id="0-1139" name="DefaultPresenterTests" fullname="MyNotebooks.Tests.Core.Presenters.Tests.DefaultPresenterTests" classname="MyNotebooks.Tests.Core.Presenters.Tests.DefaultPresenterTests" runstate="Runnable" testcasecount="10" result="Passed" start-time="2017-02-07 03:11:23Z" end-time="2017-02-07 03:11:25Z" duration="1.264922" total="10" passed="10" failed="0" warnings="0" inconclusive="0" skipped="0" asserts="10">
                <test-case id="0-1140" name="DefaultPresenter_Should_Initialize_A_Object" fullname="MyNotebooks.Tests.Core.Presenters.Tests.DefaultPresenterTests.DefaultPresenter_Should_Initialize_A_Object" methodname="DefaultPresenter_Should_Initialize_A_Object" classname="MyNotebooks.Tests.Core.Presenters.Tests.DefaultPresenterTests" runstate="Runnable" seed="1558873235" result="Passed" start-time="2017-02-07 03:11:23Z" end-time="2017-02-07 03:11:24Z" duration="0.799078" asserts="1" />
                <test-case id="0-1149" name="DefaultPresenter_Should_Set_AboutVisibleToFalseWhenLoggedLikeStudent_When_ViewLoad_Is_Raised" fullname="MyNotebooks.Tests.Core.Presenters.Tests.DefaultPresenterTests.DefaultPresenter_Should_Set_AboutVisibleToFalseWhenLoggedLikeStudent_When_ViewLoad_Is_Raised" methodname="DefaultPresenter_Should_Set_AboutVisibleToFalseWhenLoggedLikeStudent_When_ViewLoad_Is_Raised" classname="MyNotebooks.Tests.Core.Presenters.Tests.DefaultPresenterTests" runstate="Runnable" seed="2032938544" result="Passed" start-time="2017-02-07 03:11:24Z" end-time="2017-02-07 03:11:25Z" duration="0.342923" asserts="1" />
                <test-case id="0-1146" name="DefaultPresenter_Should_Set_AboutVisibleToTrueWhenLoggedLikeTeacher_When_ViewLoad_Is_Raised" fullname="MyNotebooks.Tests.Core.Presenters.Tests.DefaultPresenterTests.DefaultPresenter_Should_Set_AboutVisibleToTrueWhenLoggedLikeTeacher_When_ViewLoad_Is_Raised" methodname="DefaultPresenter_Should_Set_AboutVisibleToTrueWhenLoggedLikeTeacher_When_ViewLoad_Is_Raised" classname="MyNotebooks.Tests.Core.Presenters.Tests.DefaultPresenterTests" runstate="Runnable" seed="230243062" result="Passed" start-time="2017-02-07 03:11:25Z" end-time="2017-02-07 03:11:25Z" duration="0.012502" asserts="1" />
                <test-case id="0-1144" name="DefaultPresenter_Should_Set_AboutVisibleToTrueWhenNotLogged_When_ViewLoad_Is_Raised" fullname="MyNotebooks.Tests.Core.Presenters.Tests.DefaultPresenterTests.DefaultPresenter_Should_Set_AboutVisibleToTrueWhenNotLogged_When_ViewLoad_Is_Raised" methodname="DefaultPresenter_Should_Set_AboutVisibleToTrueWhenNotLogged_When_ViewLoad_Is_Raised" classname="MyNotebooks.Tests.Core.Presenters.Tests.DefaultPresenterTests" runstate="Runnable" seed="1713412602" result="Passed" start-time="2017-02-07 03:11:25Z" end-time="2017-02-07 03:11:25Z" duration="0.014766" asserts="1" />
                <test-case id="0-1142" name="DefaultPresenter_Should_Set_GetImages_When_ViewLoad_Is_Raised" fullname="MyNotebooks.Tests.Core.Presenters.Tests.DefaultPresenterTests.DefaultPresenter_Should_Set_GetImages_When_ViewLoad_Is_Raised" methodname="DefaultPresenter_Should_Set_GetImages_When_ViewLoad_Is_Raised" classname="MyNotebooks.Tests.Core.Presenters.Tests.DefaultPresenterTests" runstate="Runnable" seed="1410202096" result="Passed" start-time="2017-02-07 03:11:25Z" end-time="2017-02-07 03:11:25Z" duration="0.008041" asserts="1" />
                <test-case id="0-1143" name="DefaultPresenter_Should_Set_GetNotebooks_When_ViewLoad_Is_Raised" fullname="MyNotebooks.Tests.Core.Presenters.Tests.DefaultPresenterTests.DefaultPresenter_Should_Set_GetNotebooks_When_ViewLoad_Is_Raised" methodname="DefaultPresenter_Should_Set_GetNotebooks_When_ViewLoad_Is_Raised" classname="MyNotebooks.Tests.Core.Presenters.Tests.DefaultPresenterTests" runstate="Runnable" seed="740986341" result="Passed" start-time="2017-02-07 03:11:25Z" end-time="2017-02-07 03:11:25Z" duration="0.009557" asserts="1" />
                <test-case id="0-1145" name="DefaultPresenter_Should_Set_NotebooksVisibleToFalseWhenNotLogged_When_ViewLoad_Is_Raised" fullname="MyNotebooks.Tests.Core.Presenters.Tests.DefaultPresenterTests.DefaultPresenter_Should_Set_NotebooksVisibleToFalseWhenNotLogged_When_ViewLoad_Is_Raised" methodname="DefaultPresenter_Should_Set_NotebooksVisibleToFalseWhenNotLogged_When_ViewLoad_Is_Raised" classname="MyNotebooks.Tests.Core.Presenters.Tests.DefaultPresenterTests" runstate="Runnable" seed="1103843736" result="Passed" start-time="2017-02-07 03:11:25Z" end-time="2017-02-07 03:11:25Z" duration="0.010120" asserts="1" />
                <test-case id="0-1147" name="DefaultPresenter_Should_Set_NotebookVisibleToFalseWhenLoggedLikeTeacher_When_ViewLoad_Is_Raised" fullname="MyNotebooks.Tests.Core.Presenters.Tests.DefaultPresenterTests.DefaultPresenter_Should_Set_NotebookVisibleToFalseWhenLoggedLikeTeacher_When_ViewLoad_Is_Raised" methodname="DefaultPresenter_Should_Set_NotebookVisibleToFalseWhenLoggedLikeTeacher_When_ViewLoad_Is_Raised" classname="MyNotebooks.Tests.Core.Presenters.Tests.DefaultPresenterTests" runstate="Runnable" seed="755084859" result="Passed" start-time="2017-02-07 03:11:25Z" end-time="2017-02-07 03:11:25Z" duration="0.009234" asserts="1" />
                <test-case id="0-1148" name="DefaultPresenter_Should_Set_NotebookVisibleToTrueWhenLoggedLikeStudent_When_ViewLoad_Is_Raised" fullname="MyNotebooks.Tests.Core.Presenters.Tests.DefaultPresenterTests.DefaultPresenter_Should_Set_NotebookVisibleToTrueWhenLoggedLikeStudent_When_ViewLoad_Is_Raised" methodname="DefaultPresenter_Should_Set_NotebookVisibleToTrueWhenLoggedLikeStudent_When_ViewLoad_Is_Raised" classname="MyNotebooks.Tests.Core.Presenters.Tests.DefaultPresenterTests" runstate="Runnable" seed="306112671" result="Passed" start-time="2017-02-07 03:11:25Z" end-time="2017-02-07 03:11:25Z" duration="0.011985" asserts="1" />
                <test-case id="0-1141" name="DefaultPresenter_Should_Set_NumberOfNotebooks_When_ViewLoad_Is_Raised" fullname="MyNotebooks.Tests.Core.Presenters.Tests.DefaultPresenterTests.DefaultPresenter_Should_Set_NumberOfNotebooks_When_ViewLoad_Is_Raised" methodname="DefaultPresenter_Should_Set_NumberOfNotebooks_When_ViewLoad_Is_Raised" classname="MyNotebooks.Tests.Core.Presenters.Tests.DefaultPresenterTests" runstate="Runnable" seed="1661561915" result="Passed" start-time="2017-02-07 03:11:25Z" end-time="2017-02-07 03:11:25Z" duration="0.008116" asserts="1" />
              </test-suite>
              <test-suite type="TestFixture" id="0-1150" name="LoginPresenterTests" fullname="MyNotebooks.Tests.Core.Presenters.Tests.LoginPresenterTests" classname="MyNotebooks.Tests.Core.Presenters.Tests.LoginPresenterTests" runstate="Runnable" testcasecount="5" result="Passed" start-time="2017-02-07 03:11:25Z" end-time="2017-02-07 03:11:25Z" duration="0.209372" total="5" passed="5" failed="0" warnings="0" inconclusive="0" skipped="0" asserts="4">
                <test-case id="0-1153" name="LoginPresenter_Should_Call_Success_When_RiseLoginUser_And_LoginSuccess" fullname="MyNotebooks.Tests.Core.Presenters.Tests.LoginPresenterTests.LoginPresenter_Should_Call_Success_When_RiseLoginUser_And_LoginSuccess" methodname="LoginPresenter_Should_Call_Success_When_RiseLoginUser_And_LoginSuccess" classname="MyNotebooks.Tests.Core.Presenters.Tests.LoginPresenterTests" runstate="Runnable" seed="644439473" result="Passed" start-time="2017-02-07 03:11:25Z" end-time="2017-02-07 03:11:25Z" duration="0.123111" asserts="0" />
                <test-case id="0-1151" name="LoginPresenter_Should_Initialize_A_Object" fullname="MyNotebooks.Tests.Core.Presenters.Tests.LoginPresenterTests.LoginPresenter_Should_Initialize_A_Object" methodname="LoginPresenter_Should_Initialize_A_Object" classname="MyNotebooks.Tests.Core.Presenters.Tests.LoginPresenterTests" runstate="Runnable" seed="749107518" result="Passed" start-time="2017-02-07 03:11:25Z" end-time="2017-02-07 03:11:25Z" duration="0.001867" asserts="1" />
                <test-case id="0-1154" name="LoginPresenter_Should_Set_ErrorMessage_When_RiseLoginUser_And_LoginNotSuccess" fullname="MyNotebooks.Tests.Core.Presenters.Tests.LoginPresenterTests.LoginPresenter_Should_Set_ErrorMessage_When_RiseLoginUser_And_LoginNotSuccess" methodname="LoginPresenter_Should_Set_ErrorMessage_When_RiseLoginUser_And_LoginNotSuccess" classname="MyNotebooks.Tests.Core.Presenters.Tests.LoginPresenterTests" runstate="Runnable" seed="169067269" result="Passed" start-time="2017-02-07 03:11:25Z" end-time="2017-02-07 03:11:25Z" duration="0.024848" asserts="1" />
                <test-case id="0-1155" name="LoginPresenter_Should_Set_ErrorMessageVisible_When_RiseLoginUser_And_LoginNotSuccess" fullname="MyNotebooks.Tests.Core.Presenters.Tests.LoginPresenterTests.LoginPresenter_Should_Set_ErrorMessageVisible_When_RiseLoginUser_And_LoginNotSuccess" methodname="LoginPresenter_Should_Set_ErrorMessageVisible_When_RiseLoginUser_And_LoginNotSuccess" classname="MyNotebooks.Tests.Core.Presenters.Tests.LoginPresenterTests" runstate="Runnable" seed="1237463419" result="Passed" start-time="2017-02-07 03:11:25Z" end-time="2017-02-07 03:11:25Z" duration="0.029269" asserts="1" />
                <test-case id="0-1152" name="LoginPresenter_Should_Set_NavigateUrl_When_Initialize" fullname="MyNotebooks.Tests.Core.Presenters.Tests.LoginPresenterTests.LoginPresenter_Should_Set_NavigateUrl_When_Initialize" methodname="LoginPresenter_Should_Set_NavigateUrl_When_Initialize" classname="MyNotebooks.Tests.Core.Presenters.Tests.LoginPresenterTests" runstate="Runnable" seed="1840179496" result="Passed" start-time="2017-02-07 03:11:25Z" end-time="2017-02-07 03:11:25Z" duration="0.008088" asserts="1" />
              </test-suite>
              <test-suite type="TestFixture" id="0-1156" name="ManageLoginsPresenterTests" fullname="MyNotebooks.Tests.Core.Presenters.Tests.ManageLoginsPresenterTests" classname="MyNotebooks.Tests.Core.Presenters.Tests.ManageLoginsPresenterTests" runstate="Runnable" testcasecount="5" result="Passed" start-time="2017-02-07 03:11:25Z" end-time="2017-02-07 03:11:25Z" duration="0.097069" total="5" passed="5" failed="0" warnings="0" inconclusive="0" skipped="0" asserts="5">
                <test-case id="0-1157" name="ManageLoginsPresenter_Should_Initialize_A_Object" fullname="MyNotebooks.Tests.Core.Presenters.Tests.ManageLoginsPresenterTests.ManageLoginsPresenter_Should_Initialize_A_Object" methodname="ManageLoginsPresenter_Should_Initialize_A_Object" classname="MyNotebooks.Tests.Core.Presenters.Tests.ManageLoginsPresenterTests" runstate="Runnable" seed="199564948" result="Passed" start-time="2017-02-07 03:11:25Z" end-time="2017-02-07 03:11:25Z" duration="0.029680" asserts="1" />
                <test-case id="0-1159" name="ManageLoginsPresenter_Should_Set_CanRemoveExternalLogins_To_False" fullname="MyNotebooks.Tests.Core.Presenters.Tests.ManageLoginsPresenterTests.ManageLoginsPresenter_Should_Set_CanRemoveExternalLogins_To_False" methodname="ManageLoginsPresenter_Should_Set_CanRemoveExternalLogins_To_False" classname="MyNotebooks.Tests.Core.Presenters.Tests.ManageLoginsPresenterTests" runstate="Runnable" seed="1399118191" result="Passed" start-time="2017-02-07 03:11:25Z" end-time="2017-02-07 03:11:25Z" duration="0.017690" asserts="1" />
                <test-case id="0-1158" name="ManageLoginsPresenter_Should_Set_CanRemoveExternalLogins_To_True" fullname="MyNotebooks.Tests.Core.Presenters.Tests.ManageLoginsPresenterTests.ManageLoginsPresenter_Should_Set_CanRemoveExternalLogins_To_True" methodname="ManageLoginsPresenter_Should_Set_CanRemoveExternalLogins_To_True" classname="MyNotebooks.Tests.Core.Presenters.Tests.ManageLoginsPresenterTests" runstate="Runnable" seed="380246628" result="Passed" start-time="2017-02-07 03:11:25Z" end-time="2017-02-07 03:11:25Z" duration="0.007645" asserts="1" />
                <test-case id="0-1160" name="ManageLoginsPresenter_Should_Set_SuccessMessage_To_StringEmpty" fullname="MyNotebooks.Tests.Core.Presenters.Tests.ManageLoginsPresenterTests.ManageLoginsPresenter_Should_Set_SuccessMessage_To_StringEmpty" methodname="ManageLoginsPresenter_Should_Set_SuccessMessage_To_StringEmpty" classname="MyNotebooks.Tests.Core.Presenters.Tests.ManageLoginsPresenterTests" runstate="Runnable" seed="931690959" result="Passed" start-time="2017-02-07 03:11:25Z" end-time="2017-02-07 03:11:25Z" duration="0.007535" asserts="1" />
                <test-case id="0-1161" name="ManageLoginsPresenter_Should_Set_SuccessMessageVisible_To_False" fullname="MyNotebooks.Tests.Core.Presenters.Tests.ManageLoginsPresenterTests.ManageLoginsPresenter_Should_Set_SuccessMessageVisible_To_False" methodname="ManageLoginsPresenter_Should_Set_SuccessMessageVisible_To_False" classname="MyNotebooks.Tests.Core.Presenters.Tests.ManageLoginsPresenterTests" runstate="Runnable" seed="604508004" result="Passed" start-time="2017-02-07 03:11:25Z" end-time="2017-02-07 03:11:25Z" duration="0.007742" asserts="1" />
              </test-suite>
              <test-suite type="TestFixture" id="0-1162" name="ManageNotebooksPresenterTests" fullname="MyNotebooks.Tests.Core.Presenters.Tests.ManageNotebooksPresenterTests" classname="MyNotebooks.Tests.Core.Presenters.Tests.ManageNotebooksPresenterTests" runstate="Runnable" testcasecount="5" result="Passed" start-time="2017-02-07 03:11:25Z" end-time="2017-02-07 03:11:25Z" duration="0.104109" total="5" passed="5" failed="0" warnings="0" inconclusive="0" skipped="0" asserts="5">
                <test-case id="0-1163" name="ManageNotebooksPresenter_Should_Initialize_Object" fullname="MyNotebooks.Tests.Core.Presenters.Tests.ManageNotebooksPresenterTests.ManageNotebooksPresenter_Should_Initialize_Object" methodname="ManageNotebooksPresenter_Should_Initialize_Object" classname="MyNotebooks.Tests.Core.Presenters.Tests.ManageNotebooksPresenterTests" runstate="Runnable" seed="1670240932" result="Passed" start-time="2017-02-07 03:11:25Z" end-time="2017-02-07 03:11:25Z" duration="0.038135" asserts="1" />
                <test-case id="0-1165" name="ManageNotebooksPresenter_Should_Set_GetNotebooks_When_Invokes_Load" fullname="MyNotebooks.Tests.Core.Presenters.Tests.ManageNotebooksPresenterTests.ManageNotebooksPresenter_Should_Set_GetNotebooks_When_Invokes_Load" methodname="ManageNotebooksPresenter_Should_Set_GetNotebooks_When_Invokes_Load" classname="MyNotebooks.Tests.Core.Presenters.Tests.ManageNotebooksPresenterTests" runstate="Runnable" seed="207587024" result="Passed" start-time="2017-02-07 03:11:25Z" end-time="2017-02-07 03:11:25Z" duration="0.018197" asserts="1" />
                <test-case id="0-1164" name="ManageNotebooksPresenter_Should_SetTitles_When_Invokes_Load" fullname="MyNotebooks.Tests.Core.Presenters.Tests.ManageNotebooksPresenterTests.ManageNotebooksPresenter_Should_SetTitles_When_Invokes_Load" methodname="ManageNotebooksPresenter_Should_SetTitles_When_Invokes_Load" classname="MyNotebooks.Tests.Core.Presenters.Tests.ManageNotebooksPresenterTests" runstate="Runnable" seed="1696640948" result="Passed" start-time="2017-02-07 03:11:25Z" end-time="2017-02-07 03:11:25Z" duration="0.006444" asserts="1" />
                <test-suite type="ParameterizedMethod" id="0-1168" name="ManageNotebooksPresenter_Should_Translate_When_Call_Translate" fullname="MyNotebooks.Tests.Core.Presenters.Tests.ManageNotebooksPresenterTests.ManageNotebooksPresenter_Should_Translate_When_Call_Translate" classname="MyNotebooks.Tests.Core.Presenters.Tests.ManageNotebooksPresenterTests" runstate="Runnable" testcasecount="2" result="Passed" start-time="2017-02-07 03:11:25Z" end-time="2017-02-07 03:11:25Z" duration="0.026052" total="2" passed="2" failed="0" warnings="0" inconclusive="0" skipped="0" asserts="2">
                  <test-case id="0-1166" name="ManageNotebooksPresenter_Should_Translate_When_Call_Translate(&quot;English&quot;,&quot;Английски език&quot;)" fullname="MyNotebooks.Tests.Core.Presenters.Tests.ManageNotebooksPresenterTests.ManageNotebooksPresenter_Should_Translate_When_Call_Translate(&quot;English&quot;,&quot;Английски език&quot;)" methodname="ManageNotebooksPresenter_Should_Translate_When_Call_Translate" classname="MyNotebooks.Tests.Core.Presenters.Tests.ManageNotebooksPresenterTests" runstate="Runnable" seed="593958905" result="Passed" start-time="2017-02-07 03:11:25Z" end-time="2017-02-07 03:11:25Z" duration="0.012054" asserts="1" />
                  <test-case id="0-1167" name="ManageNotebooksPresenter_Should_Translate_When_Call_Translate(&quot;Music&quot;,&quot;Музика&quot;)" fullname="MyNotebooks.Tests.Core.Presenters.Tests.ManageNotebooksPresenterTests.ManageNotebooksPresenter_Should_Translate_When_Call_Translate(&quot;Music&quot;,&quot;Музика&quot;)" methodname="ManageNotebooksPresenter_Should_Translate_When_Call_Translate" classname="MyNotebooks.Tests.Core.Presenters.Tests.ManageNotebooksPresenterTests" runstate="Runnable" seed="2109138116" result="Passed" start-time="2017-02-07 03:11:25Z" end-time="2017-02-07 03:11:25Z" duration="0.006088" asserts="1" />
                </test-suite>
              </test-suite>
              <test-suite type="TestFixture" id="0-1169" name="ManagePasswordPresenterTests" fullname="MyNotebooks.Tests.Core.Presenters.Tests.ManagePasswordPresenterTests" classname="MyNotebooks.Tests.Core.Presenters.Tests.ManagePasswordPresenterTests" runstate="Runnable" testcasecount="1" result="Passed" start-time="2017-02-07 03:11:25Z" end-time="2017-02-07 03:11:25Z" duration="0.019042" total="1" passed="1" failed="0" warnings="0" inconclusive="0" skipped="0" asserts="1">
                <test-case id="0-1170" name="ManagePasswordPresenter_Should_Initialize_A_Object" fullname="MyNotebooks.Tests.Core.Presenters.Tests.ManagePasswordPresenterTests.ManagePasswordPresenter_Should_Initialize_A_Object" methodname="ManagePasswordPresenter_Should_Initialize_A_Object" classname="MyNotebooks.Tests.Core.Presenters.Tests.ManagePasswordPresenterTests" runstate="Runnable" seed="2040158324" result="Passed" start-time="2017-02-07 03:11:25Z" end-time="2017-02-07 03:11:25Z" duration="0.015917" asserts="1" />
              </test-suite>
              <test-suite type="TestFixture" id="0-1171" name="ManagePresenterTests" fullname="MyNotebooks.Tests.Core.Presenters.Tests.ManagePresenterTests" classname="MyNotebooks.Tests.Core.Presenters.Tests.ManagePresenterTests" runstate="Runnable" testcasecount="12" result="Passed" start-time="2017-02-07 03:11:25Z" end-time="2017-02-07 03:11:25Z" duration="0.243204" total="12" passed="12" failed="0" warnings="0" inconclusive="0" skipped="0" asserts="12">
                <test-case id="0-1172" name="ManagePresenter_Should_Initialize_A_Object" fullname="MyNotebooks.Tests.Core.Presenters.Tests.ManagePresenterTests.ManagePresenter_Should_Initialize_A_Object" methodname="ManagePresenter_Should_Initialize_A_Object" classname="MyNotebooks.Tests.Core.Presenters.Tests.ManagePresenterTests" runstate="Runnable" seed="804916828" result="Passed" start-time="2017-02-07 03:11:25Z" end-time="2017-02-07 03:11:25Z" duration="0.040120" asserts="1" />
                <test-case id="0-1174" name="ManagePresenter_Should_Set_ChangePasswordVisible_WhenHasPasswordIsTrue_When_Raise_Load" fullname="MyNotebooks.Tests.Core.Presenters.Tests.ManagePresenterTests.ManagePresenter_Should_Set_ChangePasswordVisible_WhenHasPasswordIsTrue_When_Raise_Load" methodname="ManagePresenter_Should_Set_ChangePasswordVisible_WhenHasPasswordIsTrue_When_Raise_Load" classname="MyNotebooks.Tests.Core.Presenters.Tests.ManagePresenterTests" runstate="Runnable" seed="45067314" result="Passed" start-time="2017-02-07 03:11:25Z" end-time="2017-02-07 03:11:25Z" duration="0.031228" asserts="1" />
                <test-case id="0-1175" name="ManagePresenter_Should_Set_ChangePasswordVisibleToFalse_WhenHasPasswordIsFalse_When_Raise_Load" fullname="MyNotebooks.Tests.Core.Presenters.Tests.ManagePresenterTests.ManagePresenter_Should_Set_ChangePasswordVisibleToFalse_WhenHasPasswordIsFalse_When_Raise_Load" methodname="ManagePresenter_Should_Set_ChangePasswordVisibleToFalse_WhenHasPasswordIsFalse_When_Raise_Load" classname="MyNotebooks.Tests.Core.Presenters.Tests.ManagePresenterTests" runstate="Runnable" seed="610321112" result="Passed" start-time="2017-02-07 03:11:25Z" end-time="2017-02-07 03:11:25Z" duration="0.012170" asserts="1" />
                <test-case id="0-1176" name="ManagePresenter_Should_Set_CreatePasswordVisibleToTrue_WhenHasPasswordIsFalse_When_Raise_Load" fullname="MyNotebooks.Tests.Core.Presenters.Tests.ManagePresenterTests.ManagePresenter_Should_Set_CreatePasswordVisibleToTrue_WhenHasPasswordIsFalse_When_Raise_Load" methodname="ManagePresenter_Should_Set_CreatePasswordVisibleToTrue_WhenHasPasswordIsFalse_When_Raise_Load" classname="MyNotebooks.Tests.Core.Presenters.Tests.ManagePresenterTests" runstate="Runnable" seed="984502183" result="Passed" start-time="2017-02-07 03:11:25Z" end-time="2017-02-07 03:11:25Z" duration="0.012715" asserts="1" />
                <test-case id="0-1182" name="ManagePresenter_Should_Set_SuccessMsg_When_RequestQueryMessageIsAddPhoneNumberSuccess_When_Raise_Load" fullname="MyNotebooks.Tests.Core.Presenters.Tests.ManagePresenterTests.ManagePresenter_Should_Set_SuccessMsg_When_RequestQueryMessageIsAddPhoneNumberSuccess_When_Raise_Load" methodname="ManagePresenter_Should_Set_SuccessMsg_When_RequestQueryMessageIsAddPhoneNumberSuccess_When_Raise_Load" classname="MyNotebooks.Tests.Core.Presenters.Tests.ManagePresenterTests" runstate="Runnable" seed="1283310020" result="Passed" start-time="2017-02-07 03:11:25Z" end-time="2017-02-07 03:11:25Z" duration="0.013514" asserts="1" />
                <test-case id="0-1179" name="ManagePresenter_Should_Set_SuccessMsg_When_RequestQueryMessageIsChangePwdSuccess_When_Raise_Load" fullname="MyNotebooks.Tests.Core.Presenters.Tests.ManagePresenterTests.ManagePresenter_Should_Set_SuccessMsg_When_RequestQueryMessageIsChangePwdSuccess_When_Raise_Load" methodname="ManagePresenter_Should_Set_SuccessMsg_When_RequestQueryMessageIsChangePwdSuccess_When_Raise_Load" classname="MyNotebooks.Tests.Core.Presenters.Tests.ManagePresenterTests" runstate="Runnable" seed="1114461095" result="Passed" start-time="2017-02-07 03:11:25Z" end-time="2017-02-07 03:11:25Z" duration="0.011859" asserts="1" />
                <test-case id="0-1181" name="ManagePresenter_Should_Set_SuccessMsg_When_RequestQueryMessageIsRemoveLoginSuccess_When_Raise_Load" fullname="MyNotebooks.Tests.Core.Presenters.Tests.ManagePresenterTests.ManagePresenter_Should_Set_SuccessMsg_When_RequestQueryMessageIsRemoveLoginSuccess_When_Raise_Load" methodname="ManagePresenter_Should_Set_SuccessMsg_When_RequestQueryMessageIsRemoveLoginSuccess_When_Raise_Load" classname="MyNotebooks.Tests.Core.Presenters.Tests.ManagePresenterTests" runstate="Runnable" seed="1251152219" result="Passed" start-time="2017-02-07 03:11:25Z" end-time="2017-02-07 03:11:25Z" duration="0.012463" asserts="1" />
                <test-case id="0-1183" name="ManagePresenter_Should_Set_SuccessMsg_When_RequestQueryMessageIsRemovePhoneNumberSuccess_When_Raise_Load" fullname="MyNotebooks.Tests.Core.Presenters.Tests.ManagePresenterTests.ManagePresenter_Should_Set_SuccessMsg_When_RequestQueryMessageIsRemovePhoneNumberSuccess_When_Raise_Load" methodname="ManagePresenter_Should_Set_SuccessMsg_When_RequestQueryMessageIsRemovePhoneNumberSuccess_When_Raise_Load" classname="MyNotebooks.Tests.Core.Presenters.Tests.ManagePresenterTests" runstate="Runnable" seed="2080719262" result="Passed" start-time="2017-02-07 03:11:25Z" end-time="2017-02-07 03:11:25Z" duration="0.011724" asserts="1" />
                <test-case id="0-1180" name="ManagePresenter_Should_Set_SuccessMsg_When_RequestQueryMessageIsSetPwdSuccess_When_Raise_Load" fullname="MyNotebooks.Tests.Core.Presenters.Tests.ManagePresenterTests.ManagePresenter_Should_Set_SuccessMsg_When_RequestQueryMessageIsSetPwdSuccess_When_Raise_Load" methodname="ManagePresenter_Should_Set_SuccessMsg_When_RequestQueryMessageIsSetPwdSuccess_When_Raise_Load" classname="MyNotebooks.Tests.Core.Presenters.Tests.ManagePresenterTests" runstate="Runnable" seed="453362335" result="Passed" start-time="2017-02-07 03:11:25Z" end-time="2017-02-07 03:11:25Z" duration="0.011807" asserts="1" />
                <test-case id="0-1177" name="ManagePresenter_Should_Set_SuccessMsgVisibleToFalse_When_RequestQueryMessageIsNull_When_Raise_Load" fullname="MyNotebooks.Tests.Core.Presenters.Tests.ManagePresenterTests.ManagePresenter_Should_Set_SuccessMsgVisibleToFalse_When_RequestQueryMessageIsNull_When_Raise_Load" methodname="ManagePresenter_Should_Set_SuccessMsgVisibleToFalse_When_RequestQueryMessageIsNull_When_Raise_Load" classname="MyNotebooks.Tests.Core.Presenters.Tests.ManagePresenterTests" runstate="Runnable" seed="913344971" result="Passed" start-time="2017-02-07 03:11:25Z" end-time="2017-02-07 03:11:25Z" duration="0.012857" asserts="1" />
                <test-case id="0-1178" name="ManagePresenter_Should_Set_SuccessMsgVisibleToTrue_When_RequestQueryMessageIsNotNull_When_Raise_Load" fullname="MyNotebooks.Tests.Core.Presenters.Tests.ManagePresenterTests.ManagePresenter_Should_Set_SuccessMsgVisibleToTrue_When_RequestQueryMessageIsNotNull_When_Raise_Load" methodname="ManagePresenter_Should_Set_SuccessMsgVisibleToTrue_When_RequestQueryMessageIsNotNull_When_Raise_Load" classname="MyNotebooks.Tests.Core.Presenters.Tests.ManagePresenterTests" runstate="Runnable" seed="1455861826" result="Passed" start-time="2017-02-07 03:11:25Z" end-time="2017-02-07 03:11:25Z" duration="0.016408" asserts="1" />
                <test-case id="0-1173" name="ManagePresenter_Should_SetLoginsCount_When_Raise_Load" fullname="MyNotebooks.Tests.Core.Presenters.Tests.ManagePresenterTests.ManagePresenter_Should_SetLoginsCount_When_Raise_Load" methodname="ManagePresenter_Should_SetLoginsCount_When_Raise_Load" classname="MyNotebooks.Tests.Core.Presenters.Tests.ManagePresenterTests" runstate="Runnable" seed="796971856" result="Passed" start-time="2017-02-07 03:11:25Z" end-time="2017-02-07 03:11:25Z" duration="0.012101" asserts="1" />
              </test-suite>
              <test-suite type="TestFixture" id="0-1184" name="NotebookPresenterTests" fullname="MyNotebooks.Tests.Core.Presenters.Tests.NotebookPresenterTests" classname="MyNotebooks.Tests.Core.Presenters.Tests.NotebookPresenterTests" runstate="Runnable" testcasecount="15" result="Passed" start-time="2017-02-07 03:11:25Z" end-time="2017-02-07 03:11:26Z" duration="0.208528" total="15" passed="15" failed="0" warnings="0" inconclusive="0" skipped="0" asserts="12">
                <test-case id="0-1186" name="NotebookPresenter_Constructor_Should_Call_Service_Initialize" fullname="MyNotebooks.Tests.Core.Presenters.Tests.NotebookPresenterTests.NotebookPresenter_Constructor_Should_Call_Service_Initialize" methodname="NotebookPresenter_Constructor_Should_Call_Service_Initialize" classname="MyNotebooks.Tests.Core.Presenters.Tests.NotebookPresenterTests" runstate="Runnable" seed="124963488" result="Passed" start-time="2017-02-07 03:11:25Z" end-time="2017-02-07 03:11:25Z" duration="0.039733" asserts="0" />
                <test-suite type="ParameterizedMethod" id="0-1190" name="NotebookPresenter_Constructor_Should_Set_Service_Subject" fullname="MyNotebooks.Tests.Core.Presenters.Tests.NotebookPresenterTests.NotebookPresenter_Constructor_Should_Set_Service_Subject" classname="MyNotebooks.Tests.Core.Presenters.Tests.NotebookPresenterTests" runstate="Runnable" testcasecount="3" result="Passed" start-time="2017-02-07 03:11:25Z" end-time="2017-02-07 03:11:26Z" duration="0.028053" total="3" passed="3" failed="0" warnings="0" inconclusive="0" skipped="0" asserts="3">
                  <test-case id="0-1187" name="NotebookPresenter_Constructor_Should_Set_Service_Subject(&quot;Informatics&quot;)" fullname="MyNotebooks.Tests.Core.Presenters.Tests.NotebookPresenterTests.NotebookPresenter_Constructor_Should_Set_Service_Subject(&quot;Informatics&quot;)" methodname="NotebookPresenter_Constructor_Should_Set_Service_Subject" classname="MyNotebooks.Tests.Core.Presenters.Tests.NotebookPresenterTests" runstate="Runnable" seed="295412745" result="Passed" start-time="2017-02-07 03:11:25Z" end-time="2017-02-07 03:11:26Z" duration="0.008548" asserts="1" />
                  <test-case id="0-1188" name="NotebookPresenter_Constructor_Should_Set_Service_Subject(&quot;IT&quot;)" fullname="MyNotebooks.Tests.Core.Presenters.Tests.NotebookPresenterTests.NotebookPresenter_Constructor_Should_Set_Service_Subject(&quot;IT&quot;)" methodname="NotebookPresenter_Constructor_Should_Set_Service_Subject" classname="MyNotebooks.Tests.Core.Presenters.Tests.NotebookPresenterTests" runstate="Runnable" seed="332995977" result="Passed" start-time="2017-02-07 03:11:26Z" end-time="2017-02-07 03:11:26Z" duration="0.004919" asserts="1" />
                  <test-case id="0-1189" name="NotebookPresenter_Constructor_Should_Set_Service_Subject(&quot;Math&quot;)" fullname="MyNotebooks.Tests.Core.Presenters.Tests.NotebookPresenterTests.NotebookPresenter_Constructor_Should_Set_Service_Subject(&quot;Math&quot;)" methodname="NotebookPresenter_Constructor_Should_Set_Service_Subject" classname="MyNotebooks.Tests.Core.Presenters.Tests.NotebookPresenterTests" runstate="Runnable" seed="459239802" result="Passed" start-time="2017-02-07 03:11:26Z" end-time="2017-02-07 03:11:26Z" duration="0.004062" asserts="1" />
                </test-suite>
                <test-suite type="ParameterizedMethod" id="0-1193" name="NotebookPresenter_Constructor_Should_Set_Service_Type" fullname="MyNotebooks.Tests.Core.Presenters.Tests.NotebookPresenterTests.NotebookPresenter_Constructor_Should_Set_Service_Type" classname="MyNotebooks.Tests.Core.Presenters.Tests.NotebookPresenterTests" runstate="Runnable" testcasecount="2" result="Passed" start-time="2017-02-07 03:11:26Z" end-time="2017-02-07 03:11:26Z" duration="0.018040" total="2" passed="2" failed="0" warnings="0" inconclusive="0" skipped="0" asserts="2">
                  <test-case id="0-1191" name="NotebookPresenter_Constructor_Should_Set_Service_Type(&quot;Classwork&quot;)" fullname="MyNotebooks.Tests.Core.Presenters.Tests.NotebookPresenterTests.NotebookPresenter_Constructor_Should_Set_Service_Type(&quot;Classwork&quot;)" methodname="NotebookPresenter_Constructor_Should_Set_Service_Type" classname="MyNotebooks.Tests.Core.Presenters.Tests.NotebookPresenterTests" runstate="Runnable" seed="379899986" result="Passed" start-time="2017-02-07 03:11:26Z" end-time="2017-02-07 03:11:26Z" duration="0.006274" asserts="1" />
                  <test-case id="0-1192" name="NotebookPresenter_Constructor_Should_Set_Service_Type(&quot;Homework&quot;)" fullname="MyNotebooks.Tests.Core.Presenters.Tests.NotebookPresenterTests.NotebookPresenter_Constructor_Should_Set_Service_Type(&quot;Homework&quot;)" methodname="NotebookPresenter_Constructor_Should_Set_Service_Type" classname="MyNotebooks.Tests.Core.Presenters.Tests.NotebookPresenterTests" runstate="Runnable" seed="252180927" result="Passed" start-time="2017-02-07 03:11:26Z" end-time="2017-02-07 03:11:26Z" duration="0.003996" asserts="1" />
                </test-suite>
                <test-suite type="ParameterizedMethod" id="0-1197" name="NotebookPresenter_Constructor_Should_Set_Service_Username" fullname="MyNotebooks.Tests.Core.Presenters.Tests.NotebookPresenterTests.NotebookPresenter_Constructor_Should_Set_Service_Username" classname="MyNotebooks.Tests.Core.Presenters.Tests.NotebookPresenterTests" runstate="Runnable" testcasecount="3" result="Passed" start-time="2017-02-07 03:11:26Z" end-time="2017-02-07 03:11:26Z" duration="0.027045" total="3" passed="3" failed="0" warnings="0" inconclusive="0" skipped="0" asserts="3">
                  <test-case id="0-1194" name="NotebookPresenter_Constructor_Should_Set_Service_Username(&quot;Pesho&quot;)" fullname="MyNotebooks.Tests.Core.Presenters.Tests.NotebookPresenterTests.NotebookPresenter_Constructor_Should_Set_Service_Username(&quot;Pesho&quot;)" methodname="NotebookPresenter_Constructor_Should_Set_Service_Username" classname="MyNotebooks.Tests.Core.Presenters.Tests.NotebookPresenterTests" runstate="Runnable" seed="1570109465" result="Passed" start-time="2017-02-07 03:11:26Z" end-time="2017-02-07 03:11:26Z" duration="0.005634" asserts="1" />
                  <test-case id="0-1195" name="NotebookPresenter_Constructor_Should_Set_Service_Username(&quot;Gosho&quot;)" fullname="MyNotebooks.Tests.Core.Presenters.Tests.NotebookPresenterTests.NotebookPresenter_Constructor_Should_Set_Service_Username(&quot;Gosho&quot;)" methodname="NotebookPresenter_Constructor_Should_Set_Service_Username" classname="MyNotebooks.Tests.Core.Presenters.Tests.NotebookPresenterTests" runstate="Runnable" seed="1667510677" result="Passed" start-time="2017-02-07 03:11:26Z" end-time="2017-02-07 03:11:26Z" duration="0.005214" asserts="1" />
                  <test-case id="0-1196" name="NotebookPresenter_Constructor_Should_Set_Service_Username(&quot;Stamat&quot;)" fullname="MyNotebooks.Tests.Core.Presenters.Tests.NotebookPresenterTests.NotebookPresenter_Constructor_Should_Set_Service_Username(&quot;Stamat&quot;)" methodname="NotebookPresenter_Constructor_Should_Set_Service_Username" classname="MyNotebooks.Tests.Core.Presenters.Tests.NotebookPresenterTests" runstate="Runnable" seed="370442041" result="Passed" start-time="2017-02-07 03:11:26Z" end-time="2017-02-07 03:11:26Z" duration="0.005119" asserts="1" />
                </test-suite>
                <test-case id="0-1202" name="NotebookPresenter_Raise_Load_Should_Call_GetContent" fullname="MyNotebooks.Tests.Core.Presenters.Tests.NotebookPresenterTests.NotebookPresenter_Raise_Load_Should_Call_GetContent" methodname="NotebookPresenter_Raise_Load_Should_Call_GetContent" classname="MyNotebooks.Tests.Core.Presenters.Tests.NotebookPresenterTests" runstate="Runnable" seed="1491015781" result="Passed" start-time="2017-02-07 03:11:26Z" end-time="2017-02-07 03:11:26Z" duration="0.022603" asserts="0" />
                <test-suite type="ParameterizedMethod" id="0-1201" name="NotebookPresenter_Raise_Load_Should_Call_Presenter_Load" fullname="MyNotebooks.Tests.Core.Presenters.Tests.NotebookPresenterTests.NotebookPresenter_Raise_Load_Should_Call_Presenter_Load" classname="MyNotebooks.Tests.Core.Presenters.Tests.NotebookPresenterTests" runstate="Runnable" testcasecount="3" result="Passed" start-time="2017-02-07 03:11:26Z" end-time="2017-02-07 03:11:26Z" duration="0.032046" total="3" passed="3" failed="0" warnings="0" inconclusive="0" skipped="0" asserts="3">
                  <test-case id="0-1198" name="NotebookPresenter_Raise_Load_Should_Call_Presenter_Load(&quot;TestCase1&quot;)" fullname="MyNotebooks.Tests.Core.Presenters.Tests.NotebookPresenterTests.NotebookPresenter_Raise_Load_Should_Call_Presenter_Load(&quot;TestCase1&quot;)" methodname="NotebookPresenter_Raise_Load_Should_Call_Presenter_Load" classname="MyNotebooks.Tests.Core.Presenters.Tests.NotebookPresenterTests" runstate="Runnable" seed="1371079105" result="Passed" start-time="2017-02-07 03:11:26Z" end-time="2017-02-07 03:11:26Z" duration="0.008777" asserts="1" />
                  <test-case id="0-1199" name="NotebookPresenter_Raise_Load_Should_Call_Presenter_Load(&quot;TestCase2&quot;)" fullname="MyNotebooks.Tests.Core.Presenters.Tests.NotebookPresenterTests.NotebookPresenter_Raise_Load_Should_Call_Presenter_Load(&quot;TestCase2&quot;)" methodname="NotebookPresenter_Raise_Load_Should_Call_Presenter_Load" classname="MyNotebooks.Tests.Core.Presenters.Tests.NotebookPresenterTests" runstate="Runnable" seed="369741285" result="Passed" start-time="2017-02-07 03:11:26Z" end-time="2017-02-07 03:11:26Z" duration="0.005842" asserts="1" />
                  <test-case id="0-1200" name="NotebookPresenter_Raise_Load_Should_Call_Presenter_Load(&quot;TestCase3&quot;)" fullname="MyNotebooks.Tests.Core.Presenters.Tests.NotebookPresenterTests.NotebookPresenter_Raise_Load_Should_Call_Presenter_Load(&quot;TestCase3&quot;)" methodname="NotebookPresenter_Raise_Load_Should_Call_Presenter_Load" classname="MyNotebooks.Tests.Core.Presenters.Tests.NotebookPresenterTests" runstate="Runnable" seed="531024378" result="Passed" start-time="2017-02-07 03:11:26Z" end-time="2017-02-07 03:11:26Z" duration="0.007346" asserts="1" />
                </test-suite>
                <test-case id="0-1203" name="NotebookPresenter_Raise_Load_Should_Call_Presenter_SaveChanges" fullname="MyNotebooks.Tests.Core.Presenters.Tests.NotebookPresenterTests.NotebookPresenter_Raise_Load_Should_Call_Presenter_SaveChanges" methodname="NotebookPresenter_Raise_Load_Should_Call_Presenter_SaveChanges" classname="MyNotebooks.Tests.Core.Presenters.Tests.NotebookPresenterTests" runstate="Runnable" seed="441123356" result="Passed" start-time="2017-02-07 03:11:26Z" end-time="2017-02-07 03:11:26Z" duration="0.008704" asserts="0" />
                <test-case id="0-1185" name="NotebookPresenter_Should_Initialize_A_Object" fullname="MyNotebooks.Tests.Core.Presenters.Tests.NotebookPresenterTests.NotebookPresenter_Should_Initialize_A_Object" methodname="NotebookPresenter_Should_Initialize_A_Object" classname="MyNotebooks.Tests.Core.Presenters.Tests.NotebookPresenterTests" runstate="Runnable" seed="1199705403" result="Passed" start-time="2017-02-07 03:11:26Z" end-time="2017-02-07 03:11:26Z" duration="0.002226" asserts="1" />
              </test-suite>
              <test-suite type="TestFixture" id="0-1204" name="OpenAuthProvidersPresenterTests" fullname="MyNotebooks.Tests.Core.Presenters.Tests.OpenAuthProvidersPresenterTests" classname="MyNotebooks.Tests.Core.Presenters.Tests.OpenAuthProvidersPresenterTests" runstate="Runnable" testcasecount="1" result="Passed" start-time="2017-02-07 03:11:26Z" end-time="2017-02-07 03:11:26Z" duration="0.017038" total="1" passed="1" failed="0" warnings="0" inconclusive="0" skipped="0" asserts="1">
                <test-case id="0-1205" name="OpenAuthProvidersPresenter_Should_Initialize_A_Object" fullname="MyNotebooks.Tests.Core.Presenters.Tests.OpenAuthProvidersPresenterTests.OpenAuthProvidersPresenter_Should_Initialize_A_Object" methodname="OpenAuthProvidersPresenter_Should_Initialize_A_Object" classname="MyNotebooks.Tests.Core.Presenters.Tests.OpenAuthProvidersPresenterTests" runstate="Runnable" seed="1492054287" result="Passed" start-time="2017-02-07 03:11:26Z" end-time="2017-02-07 03:11:26Z" duration="0.013695" asserts="1" />
              </test-suite>
              <test-suite type="TestFixture" id="0-1206" name="RegisterExternalLoginPresenterTests" fullname="MyNotebooks.Tests.Core.Presenters.Tests.RegisterExternalLoginPresenterTests" classname="MyNotebooks.Tests.Core.Presenters.Tests.RegisterExternalLoginPresenterTests" runstate="Runnable" testcasecount="1" result="Passed" start-time="2017-02-07 03:11:26Z" end-time="2017-02-07 03:11:26Z" duration="0.015627" total="1" passed="1" failed="0" warnings="0" inconclusive="0" skipped="0" asserts="1">
                <test-case id="0-1207" name="RegisterExternalLoginPresenter__Should_Initialize_A_Object" fullname="MyNotebooks.Tests.Core.Presenters.Tests.RegisterExternalLoginPresenterTests.RegisterExternalLoginPresenter__Should_Initialize_A_Object" methodname="RegisterExternalLoginPresenter__Should_Initialize_A_Object" classname="MyNotebooks.Tests.Core.Presenters.Tests.RegisterExternalLoginPresenterTests" runstate="Runnable" seed="1552344171" result="Passed" start-time="2017-02-07 03:11:26Z" end-time="2017-02-07 03:11:26Z" duration="0.012345" asserts="1" />
              </test-suite>
              <test-suite type="TestFixture" id="0-1208" name="RegistrationPresenterTests" fullname="MyNotebooks.Tests.Core.Presenters.Tests.RegistrationPresenterTests" classname="MyNotebooks.Tests.Core.Presenters.Tests.RegistrationPresenterTests" runstate="Runnable" testcasecount="6" result="Passed" start-time="2017-02-07 03:11:26Z" end-time="2017-02-07 03:11:26Z" duration="0.177151" total="6" passed="6" failed="0" warnings="0" inconclusive="0" skipped="0" asserts="2">
                <test-case id="0-1210" name="RegistrationPresenter_Should_Call_AddRoleToUser_When_Successfuly_Register_A_User" fullname="MyNotebooks.Tests.Core.Presenters.Tests.RegistrationPresenterTests.RegistrationPresenter_Should_Call_AddRoleToUser_When_Successfuly_Register_A_User" methodname="RegistrationPresenter_Should_Call_AddRoleToUser_When_Successfuly_Register_A_User" classname="MyNotebooks.Tests.Core.Presenters.Tests.RegistrationPresenterTests" runstate="Runnable" seed="315521933" result="Passed" start-time="2017-02-07 03:11:26Z" end-time="2017-02-07 03:11:26Z" duration="0.065041" asserts="0" />
                <test-case id="0-1213" name="RegistrationPresenter_Should_Call_Redirect_When_Successfuly_Register_A_User" fullname="MyNotebooks.Tests.Core.Presenters.Tests.RegistrationPresenterTests.RegistrationPresenter_Should_Call_Redirect_When_Successfuly_Register_A_User" methodname="RegistrationPresenter_Should_Call_Redirect_When_Successfuly_Register_A_User" classname="MyNotebooks.Tests.Core.Presenters.Tests.RegistrationPresenterTests" runstate="Runnable" seed="552771332" result="Passed" start-time="2017-02-07 03:11:26Z" end-time="2017-02-07 03:11:26Z" duration="0.019551" asserts="0" />
                <test-case id="0-1211" name="RegistrationPresenter_Should_Call_SaveFile_When_Successfuly_Register_A_User" fullname="MyNotebooks.Tests.Core.Presenters.Tests.RegistrationPresenterTests.RegistrationPresenter_Should_Call_SaveFile_When_Successfuly_Register_A_User" methodname="RegistrationPresenter_Should_Call_SaveFile_When_Successfuly_Register_A_User" classname="MyNotebooks.Tests.Core.Presenters.Tests.RegistrationPresenterTests" runstate="Runnable" seed="1972804131" result="Passed" start-time="2017-02-07 03:11:26Z" end-time="2017-02-07 03:11:26Z" duration="0.021823" asserts="0" />
                <test-case id="0-1214" name="RegistrationPresenter_Should_Call_Set_ErrorMessageText_When_NotSuccessfuly_Register_A_User" fullname="MyNotebooks.Tests.Core.Presenters.Tests.RegistrationPresenterTests.RegistrationPresenter_Should_Call_Set_ErrorMessageText_When_NotSuccessfuly_Register_A_User" methodname="RegistrationPresenter_Should_Call_Set_ErrorMessageText_When_NotSuccessfuly_Register_A_User" classname="MyNotebooks.Tests.Core.Presenters.Tests.RegistrationPresenterTests" runstate="Runnable" seed="2109598302" result="Passed" start-time="2017-02-07 03:11:26Z" end-time="2017-02-07 03:11:26Z" duration="0.026891" asserts="1" />
                <test-case id="0-1212" name="RegistrationPresenter_Should_Call_SignIn_When_Successfuly_Register_A_User" fullname="MyNotebooks.Tests.Core.Presenters.Tests.RegistrationPresenterTests.RegistrationPresenter_Should_Call_SignIn_When_Successfuly_Register_A_User" methodname="RegistrationPresenter_Should_Call_SignIn_When_Successfuly_Register_A_User" classname="MyNotebooks.Tests.Core.Presenters.Tests.RegistrationPresenterTests" runstate="Runnable" seed="1012653287" result="Passed" start-time="2017-02-07 03:11:26Z" end-time="2017-02-07 03:11:26Z" duration="0.021326" asserts="0" />
                <test-case id="0-1209" name="RegistrationPresenter_Should_Initialize_A_Object" fullname="MyNotebooks.Tests.Core.Presenters.Tests.RegistrationPresenterTests.RegistrationPresenter_Should_Initialize_A_Object" methodname="RegistrationPresenter_Should_Initialize_A_Object" classname="MyNotebooks.Tests.Core.Presenters.Tests.RegistrationPresenterTests" runstate="Runnable" seed="367851373" result="Passed" start-time="2017-02-07 03:11:26Z" end-time="2017-02-07 03:11:26Z" duration="0.000703" asserts="1" />
              </test-suite>
              <test-suite type="TestFixture" id="0-1215" name="TeacherPresenterTests" fullname="MyNotebooks.Tests.Core.Presenters.Tests.TeacherPresenterTests" classname="MyNotebooks.Tests.Core.Presenters.Tests.TeacherPresenterTests" runstate="Runnable" testcasecount="10" result="Passed" start-time="2017-02-07 03:11:26Z" end-time="2017-02-07 03:11:26Z" duration="0.202169" total="10" passed="10" failed="0" warnings="0" inconclusive="0" skipped="0" asserts="6">
                <test-case id="0-1222" name="TeacherPresenter_Should_CallAdd_When_Raise_AddTeacher" fullname="MyNotebooks.Tests.Core.Presenters.Tests.TeacherPresenterTests.TeacherPresenter_Should_CallAdd_When_Raise_AddTeacher" methodname="TeacherPresenter_Should_CallAdd_When_Raise_AddTeacher" classname="MyNotebooks.Tests.Core.Presenters.Tests.TeacherPresenterTests" runstate="Runnable" seed="1458426691" result="Passed" start-time="2017-02-07 03:11:26Z" end-time="2017-02-07 03:11:26Z" duration="0.065540" asserts="0" />
                <test-case id="0-1221" name="TeacherPresenter_Should_CallFind_When_Raise_AddTeacher" fullname="MyNotebooks.Tests.Core.Presenters.Tests.TeacherPresenterTests.TeacherPresenter_Should_CallFind_When_Raise_AddTeacher" methodname="TeacherPresenter_Should_CallFind_When_Raise_AddTeacher" classname="MyNotebooks.Tests.Core.Presenters.Tests.TeacherPresenterTests" runstate="Runnable" seed="1430802939" result="Passed" start-time="2017-02-07 03:11:26Z" end-time="2017-02-07 03:11:26Z" duration="0.017459" asserts="0" />
                <test-case id="0-1220" name="TeacherPresenter_Should_CallFind_When_Raise_Load" fullname="MyNotebooks.Tests.Core.Presenters.Tests.TeacherPresenterTests.TeacherPresenter_Should_CallFind_When_Raise_Load" methodname="TeacherPresenter_Should_CallFind_When_Raise_Load" classname="MyNotebooks.Tests.Core.Presenters.Tests.TeacherPresenterTests" runstate="Runnable" seed="779179505" result="Passed" start-time="2017-02-07 03:11:26Z" end-time="2017-02-07 03:11:26Z" duration="0.015616" asserts="0" />
                <test-case id="0-1219" name="TeacherPresenter_Should_CallSetDropdown_When_Raise_Load" fullname="MyNotebooks.Tests.Core.Presenters.Tests.TeacherPresenterTests.TeacherPresenter_Should_CallSetDropdown_When_Raise_Load" methodname="TeacherPresenter_Should_CallSetDropdown_When_Raise_Load" classname="MyNotebooks.Tests.Core.Presenters.Tests.TeacherPresenterTests" runstate="Runnable" seed="477657811" result="Passed" start-time="2017-02-07 03:11:26Z" end-time="2017-02-07 03:11:26Z" duration="0.010013" asserts="0" />
                <test-suite type="ParameterizedMethod" id="0-1226" name="TeacherPresenter_Should_CallTranslateSubject_When_Raise_Load" fullname="MyNotebooks.Tests.Core.Presenters.Tests.TeacherPresenterTests.TeacherPresenter_Should_CallTranslateSubject_When_Raise_Load" classname="MyNotebooks.Tests.Core.Presenters.Tests.TeacherPresenterTests" runstate="Runnable" testcasecount="2" result="Passed" start-time="2017-02-07 03:11:26Z" end-time="2017-02-07 03:11:26Z" duration="0.023041" total="2" passed="2" failed="0" warnings="0" inconclusive="0" skipped="0" asserts="2">
                  <test-case id="0-1224" name="TeacherPresenter_Should_CallTranslateSubject_When_Raise_Load(&quot;English&quot;,&quot;Английски език&quot;)" fullname="MyNotebooks.Tests.Core.Presenters.Tests.TeacherPresenterTests.TeacherPresenter_Should_CallTranslateSubject_When_Raise_Load(&quot;English&quot;,&quot;Английски език&quot;)" methodname="TeacherPresenter_Should_CallTranslateSubject_When_Raise_Load" classname="MyNotebooks.Tests.Core.Presenters.Tests.TeacherPresenterTests" runstate="Runnable" seed="719103093" result="Passed" start-time="2017-02-07 03:11:26Z" end-time="2017-02-07 03:11:26Z" duration="0.010869" asserts="1" />
                  <test-case id="0-1225" name="TeacherPresenter_Should_CallTranslateSubject_When_Raise_Load(&quot;Music&quot;,&quot;Музика&quot;)" fullname="MyNotebooks.Tests.Core.Presenters.Tests.TeacherPresenterTests.TeacherPresenter_Should_CallTranslateSubject_When_Raise_Load(&quot;Music&quot;,&quot;Музика&quot;)" methodname="TeacherPresenter_Should_CallTranslateSubject_When_Raise_Load" classname="MyNotebooks.Tests.Core.Presenters.Tests.TeacherPresenterTests" runstate="Runnable" seed="1904359115" result="Passed" start-time="2017-02-07 03:11:26Z" end-time="2017-02-07 03:11:26Z" duration="0.005865" asserts="1" />
                </test-suite>
                <test-case id="0-1216" name="TeacherPresenter_Should_Initialize_A_Object" fullname="MyNotebooks.Tests.Core.Presenters.Tests.TeacherPresenterTests.TeacherPresenter_Should_Initialize_A_Object" methodname="TeacherPresenter_Should_Initialize_A_Object" classname="MyNotebooks.Tests.Core.Presenters.Tests.TeacherPresenterTests" runstate="Runnable" seed="1904648792" result="Passed" start-time="2017-02-07 03:11:26Z" end-time="2017-02-07 03:11:26Z" duration="0.000925" asserts="1" />
                <test-case id="0-1223" name="TeacherPresenter_Should_SetGetRelationships_When_Raise_AddTeacher" fullname="MyNotebooks.Tests.Core.Presenters.Tests.TeacherPresenterTests.TeacherPresenter_Should_SetGetRelationships_When_Raise_AddTeacher" methodname="TeacherPresenter_Should_SetGetRelationships_When_Raise_AddTeacher" classname="MyNotebooks.Tests.Core.Presenters.Tests.TeacherPresenterTests" runstate="Runnable" seed="903899936" result="Passed" start-time="2017-02-07 03:11:26Z" end-time="2017-02-07 03:11:26Z" duration="0.015249" asserts="1" />
                <test-case id="0-1218" name="TeacherPresenter_Should_SetGetRelationships_When_Raise_Load" fullname="MyNotebooks.Tests.Core.Presenters.Tests.TeacherPresenterTests.TeacherPresenter_Should_SetGetRelationships_When_Raise_Load" methodname="TeacherPresenter_Should_SetGetRelationships_When_Raise_Load" classname="MyNotebooks.Tests.Core.Presenters.Tests.TeacherPresenterTests" runstate="Runnable" seed="858356051" result="Passed" start-time="2017-02-07 03:11:26Z" end-time="2017-02-07 03:11:26Z" duration="0.009226" asserts="1" />
                <test-case id="0-1217" name="TeacherPresenter_Should_SetTitles_When_Raise_Load" fullname="MyNotebooks.Tests.Core.Presenters.Tests.TeacherPresenterTests.TeacherPresenter_Should_SetTitles_When_Raise_Load" methodname="TeacherPresenter_Should_SetTitles_When_Raise_Load" classname="MyNotebooks.Tests.Core.Presenters.Tests.TeacherPresenterTests" runstate="Runnable" seed="1674762052" result="Passed" start-time="2017-02-07 03:11:26Z" end-time="2017-02-07 03:11:26Z" duration="0.010928" asserts="1" />
              </test-suite>
            </test-suite>
          </test-suite>
        </test-suite>
        <test-suite type="TestSuite" id="0-1236" name="Data" fullname="MyNotebooks.Tests.Data" runstate="Runnable" testcasecount="37" result="Passed" start-time="2017-02-07 03:11:23Z" end-time="2017-02-07 03:11:27Z" duration="3.819716" total="37" passed="37" failed="0" warnings="0" inconclusive="0" skipped="0" asserts="22">
          <test-suite type="TestSuite" id="0-1237" name="Tests" fullname="MyNotebooks.Tests.Data.Tests" runstate="Runnable" testcasecount="37" result="Passed" start-time="2017-02-07 03:11:23Z" end-time="2017-02-07 03:11:27Z" duration="3.815723" total="37" passed="37" failed="0" warnings="0" inconclusive="0" skipped="0" asserts="22">
            <test-suite type="TestSuite" id="0-1238" name="AccountServices" fullname="MyNotebooks.Tests.Data.Tests.AccountServices" runstate="Runnable" testcasecount="13" result="Passed" start-time="2017-02-07 03:11:23Z" end-time="2017-02-07 03:11:27Z" duration="3.374406" total="13" passed="13" failed="0" warnings="0" inconclusive="0" skipped="0" asserts="4">
              <test-suite type="TestFixture" id="0-1124" name="UserServiceTests" fullname="MyNotebooks.Tests.Data.Tests.AccountServices.UserServiceTests" classname="MyNotebooks.Tests.Data.Tests.AccountServices.UserServiceTests" runstate="Runnable" testcasecount="13" result="Passed" start-time="2017-02-07 03:11:26Z" end-time="2017-02-07 03:11:27Z" duration="0.676522" total="13" passed="13" failed="0" warnings="0" inconclusive="0" skipped="0" asserts="4">
                <test-case id="0-1132" name="UserService_CallAddClaimToUser_Should_Call_Repo_AddClaimToUser" fullname="MyNotebooks.Tests.Data.Tests.AccountServices.UserServiceTests.UserService_CallAddClaimToUser_Should_Call_Repo_AddClaimToUser" methodname="UserService_CallAddClaimToUser_Should_Call_Repo_AddClaimToUser" classname="MyNotebooks.Tests.Data.Tests.AccountServices.UserServiceTests" runstate="Runnable" seed="1133775649" result="Passed" start-time="2017-02-07 03:11:26Z" end-time="2017-02-07 03:11:27Z" duration="0.514869" asserts="0" />
                <test-case id="0-1133" name="UserService_CallAddClaimToUser_Should_Call_UnitOfWork_Commit" fullname="MyNotebooks.Tests.Data.Tests.AccountServices.UserServiceTests.UserService_CallAddClaimToUser_Should_Call_UnitOfWork_Commit" methodname="UserService_CallAddClaimToUser_Should_Call_UnitOfWork_Commit" classname="MyNotebooks.Tests.Data.Tests.AccountServices.UserServiceTests" runstate="Runnable" seed="377243610" result="Passed" start-time="2017-02-07 03:11:27Z" end-time="2017-02-07 03:11:27Z" duration="0.014715" asserts="0" />
                <test-case id="0-1134" name="UserService_CallAddClaimToUser_Should_Return_True" fullname="MyNotebooks.Tests.Data.Tests.AccountServices.UserServiceTests.UserService_CallAddClaimToUser_Should_Return_True" methodname="UserService_CallAddClaimToUser_Should_Return_True" classname="MyNotebooks.Tests.Data.Tests.AccountServices.UserServiceTests" runstate="Runnable" seed="1624245783" result="Passed" start-time="2017-02-07 03:11:27Z" end-time="2017-02-07 03:11:27Z" duration="0.011545" asserts="1" />
                <test-case id="0-1130" name="UserService_CallAddRoleToUser_Should_Call_Repo_AddClaimToUser" fullname="MyNotebooks.Tests.Data.Tests.AccountServices.UserServiceTests.UserService_CallAddRoleToUser_Should_Call_Repo_AddClaimToUser" methodname="UserService_CallAddRoleToUser_Should_Call_Repo_AddClaimToUser" classname="MyNotebooks.Tests.Data.Tests.AccountServices.UserServiceTests" runstate="Runnable" seed="155936368" result="Passed" start-time="2017-02-07 03:11:27Z" end-time="2017-02-07 03:11:27Z" duration="0.011565" asserts="0" />
                <test-case id="0-1129" name="UserService_CallAddRoleToUser_Should_Call_Repo_AddRoleToUser" fullname="MyNotebooks.Tests.Data.Tests.AccountServices.UserServiceTests.UserService_CallAddRoleToUser_Should_Call_Repo_AddRoleToUser" methodname="UserService_CallAddRoleToUser_Should_Call_Repo_AddRoleToUser" classname="MyNotebooks.Tests.Data.Tests.AccountServices.UserServiceTests" runstate="Runnable" seed="1630814703" result="Passed" start-time="2017-02-07 03:11:27Z" end-time="2017-02-07 03:11:27Z" duration="0.010581" asserts="0" />
                <test-case id="0-1131" name="UserService_CallAddRoleToUser_Should_Call_UnitOfWOrk_Commit" fullname="MyNotebooks.Tests.Data.Tests.AccountServices.UserServiceTests.UserService_CallAddRoleToUser_Should_Call_UnitOfWOrk_Commit" methodname="UserService_CallAddRoleToUser_Should_Call_UnitOfWOrk_Commit" classname="MyNotebooks.Tests.Data.Tests.AccountServices.UserServiceTests" runstate="Runnable" seed="2032213152" result="Passed" start-time="2017-02-07 03:11:27Z" end-time="2017-02-07 03:11:27Z" duration="0.010684" asserts="0" />
                <test-case id="0-1135" name="UserService_CallContainsClaim_Should_Call_AddClaimToUser" fullname="MyNotebooks.Tests.Data.Tests.AccountServices.UserServiceTests.UserService_CallContainsClaim_Should_Call_AddClaimToUser" methodname="UserService_CallContainsClaim_Should_Call_AddClaimToUser" classname="MyNotebooks.Tests.Data.Tests.AccountServices.UserServiceTests" runstate="Runnable" seed="1246091468" result="Passed" start-time="2017-02-07 03:11:27Z" end-time="2017-02-07 03:11:27Z" duration="0.015317" asserts="0" />
                <test-suite type="ParameterizedMethod" id="0-1138" name="UserService_CallContainsClaim_Should_ReturnCorrect_AddClaimToUser" fullname="MyNotebooks.Tests.Data.Tests.AccountServices.UserServiceTests.UserService_CallContainsClaim_Should_ReturnCorrect_AddClaimToUser" classname="MyNotebooks.Tests.Data.Tests.AccountServices.UserServiceTests" runstate="Runnable" testcasecount="2" result="Passed" start-time="2017-02-07 03:11:27Z" end-time="2017-02-07 03:11:27Z" duration="0.024010" total="2" passed="2" failed="0" warnings="0" inconclusive="0" skipped="0" asserts="2">
                  <test-case id="0-1136" name="UserService_CallContainsClaim_Should_ReturnCorrect_AddClaimToUser(True)" fullname="MyNotebooks.Tests.Data.Tests.AccountServices.UserServiceTests.UserService_CallContainsClaim_Should_ReturnCorrect_AddClaimToUser(True)" methodname="UserService_CallContainsClaim_Should_ReturnCorrect_AddClaimToUser" classname="MyNotebooks.Tests.Data.Tests.AccountServices.UserServiceTests" runstate="Runnable" seed="1028566681" result="Passed" start-time="2017-02-07 03:11:27Z" end-time="2017-02-07 03:11:27Z" duration="0.010697" asserts="1" />
                  <test-case id="0-1137" name="UserService_CallContainsClaim_Should_ReturnCorrect_AddClaimToUser(False)" fullname="MyNotebooks.Tests.Data.Tests.AccountServices.UserServiceTests.UserService_CallContainsClaim_Should_ReturnCorrect_AddClaimToUser(False)" methodname="UserService_CallContainsClaim_Should_ReturnCorrect_AddClaimToUser" classname="MyNotebooks.Tests.Data.Tests.AccountServices.UserServiceTests" runstate="Runnable" seed="204004650" result="Passed" start-time="2017-02-07 03:11:27Z" end-time="2017-02-07 03:11:27Z" duration="0.006496" asserts="1" />
                </test-suite>
                <test-case id="0-1128" name="UserService_CallFind_Should_Call_Repo_Find" fullname="MyNotebooks.Tests.Data.Tests.AccountServices.UserServiceTests.UserService_CallFind_Should_Call_Repo_Find" methodname="UserService_CallFind_Should_Call_Repo_Find" classname="MyNotebooks.Tests.Data.Tests.AccountServices.UserServiceTests" runstate="Runnable" seed="442983376" result="Passed" start-time="2017-02-07 03:11:27Z" end-time="2017-02-07 03:11:27Z" duration="0.008509" asserts="0" />
                <test-case id="0-1126" name="UserService_Initialization_Should_Call_Repo_SetDbContext" fullname="MyNotebooks.Tests.Data.Tests.AccountServices.UserServiceTests.UserService_Initialization_Should_Call_Repo_SetDbContext" methodname="UserService_Initialization_Should_Call_Repo_SetDbContext" classname="MyNotebooks.Tests.Data.Tests.AccountServices.UserServiceTests" runstate="Runnable" seed="1425212349" result="Passed" start-time="2017-02-07 03:11:27Z" end-time="2017-02-07 03:11:27Z" duration="0.004086" asserts="0" />
                <test-case id="0-1127" name="UserService_Initialization_Should_Call_UnitOfWork_SetDbContext" fullname="MyNotebooks.Tests.Data.Tests.AccountServices.UserServiceTests.UserService_Initialization_Should_Call_UnitOfWork_SetDbContext" methodname="UserService_Initialization_Should_Call_UnitOfWork_SetDbContext" classname="MyNotebooks.Tests.Data.Tests.AccountServices.UserServiceTests" runstate="Runnable" seed="1677299392" result="Passed" start-time="2017-02-07 03:11:27Z" end-time="2017-02-07 03:11:27Z" duration="0.003940" asserts="0" />
                <test-case id="0-1125" name="UserService_Should_Initialize_A_Object" fullname="MyNotebooks.Tests.Data.Tests.AccountServices.UserServiceTests.UserService_Should_Initialize_A_Object" methodname="UserService_Should_Initialize_A_Object" classname="MyNotebooks.Tests.Data.Tests.AccountServices.UserServiceTests" runstate="Runnable" seed="135736791" result="Passed" start-time="2017-02-07 03:11:27Z" end-time="2017-02-07 03:11:27Z" duration="0.002329" asserts="1" />
              </test-suite>
            </test-suite>
            <test-suite type="TestFixture" id="0-1093" name="EfUnitOfWorkTests" fullname="MyNotebooks.Tests.Data.Tests.EfUnitOfWorkTests" classname="MyNotebooks.Tests.Data.Tests.EfUnitOfWorkTests" runstate="Runnable" testcasecount="5" result="Passed" start-time="2017-02-07 03:11:27Z" end-time="2017-02-07 03:11:27Z" duration="0.113108" total="5" passed="5" failed="0" warnings="0" inconclusive="0" skipped="0" asserts="4">
              <test-case id="0-1098" name="EfUnitOfWork_Commit_Should_Call_SaveChanges" fullname="MyNotebooks.Tests.Data.Tests.EfUnitOfWorkTests.EfUnitOfWork_Commit_Should_Call_SaveChanges" methodname="EfUnitOfWork_Commit_Should_Call_SaveChanges" classname="MyNotebooks.Tests.Data.Tests.EfUnitOfWorkTests" runstate="Runnable" seed="1632985796" result="Passed" start-time="2017-02-07 03:11:27Z" end-time="2017-02-07 03:11:27Z" duration="0.076327" asserts="0" />
              <test-case id="0-1094" name="EfUnitOfWork_Should_Initialize_A_Object" fullname="MyNotebooks.Tests.Data.Tests.EfUnitOfWorkTests.EfUnitOfWork_Should_Initialize_A_Object" methodname="EfUnitOfWork_Should_Initialize_A_Object" classname="MyNotebooks.Tests.Data.Tests.EfUnitOfWorkTests" runstate="Runnable" seed="21834656" result="Passed" start-time="2017-02-07 03:11:27Z" end-time="2017-02-07 03:11:27Z" duration="0.000370" asserts="1" />
              <test-case id="0-1097" name="EfUnitOfWork_Should_Not_Throw_When_Set_Context" fullname="MyNotebooks.Tests.Data.Tests.EfUnitOfWorkTests.EfUnitOfWork_Should_Not_Throw_When_Set_Context" methodname="EfUnitOfWork_Should_Not_Throw_When_Set_Context" classname="MyNotebooks.Tests.Data.Tests.EfUnitOfWorkTests" runstate="Runnable" seed="1679246596" result="Passed" start-time="2017-02-07 03:11:27Z" end-time="2017-02-07 03:11:27Z" duration="0.005844" asserts="1" />
              <test-case id="0-1095" name="EfUnitOfWork_Should_Throw_When_Not_SetContext_and_call_Commit" fullname="MyNotebooks.Tests.Data.Tests.EfUnitOfWorkTests.EfUnitOfWork_Should_Throw_When_Not_SetContext_and_call_Commit" methodname="EfUnitOfWork_Should_Throw_When_Not_SetContext_and_call_Commit" classname="MyNotebooks.Tests.Data.Tests.EfUnitOfWorkTests" runstate="Runnable" seed="1937599899" result="Passed" start-time="2017-02-07 03:11:27Z" end-time="2017-02-07 03:11:27Z" duration="0.009808" asserts="1" />
              <test-case id="0-1096" name="EfUnitOfWork_Should_Throw_When_Not_SetContext_and_call_Dispose" fullname="MyNotebooks.Tests.Data.Tests.EfUnitOfWorkTests.EfUnitOfWork_Should_Throw_When_Not_SetContext_and_call_Dispose" methodname="EfUnitOfWork_Should_Throw_When_Not_SetContext_and_call_Dispose" classname="MyNotebooks.Tests.Data.Tests.EfUnitOfWorkTests" runstate="Runnable" seed="429456228" result="Passed" start-time="2017-02-07 03:11:27Z" end-time="2017-02-07 03:11:27Z" duration="0.002290" asserts="1" />
            </test-suite>
            <test-suite type="TestFixture" id="0-1099" name="NotebooksDbContextTests" fullname="MyNotebooks.Tests.Data.Tests.NotebooksDbContextTests" classname="MyNotebooks.Tests.Data.Tests.NotebooksDbContextTests" runstate="Runnable" testcasecount="1" result="Passed" start-time="2017-02-07 03:11:27Z" end-time="2017-02-07 03:11:27Z" duration="0.008032" total="1" passed="1" failed="0" warnings="0" inconclusive="0" skipped="0" asserts="1">
              <test-case id="0-1100" name="NotebooksDbContext_Should_Create" fullname="MyNotebooks.Tests.Data.Tests.NotebooksDbContextTests.NotebooksDbContext_Should_Create" methodname="NotebooksDbContext_Should_Create" classname="MyNotebooks.Tests.Data.Tests.NotebooksDbContextTests" runstate="Runnable" seed="515398872" result="Passed" start-time="2017-02-07 03:11:27Z" end-time="2017-02-07 03:11:27Z" duration="0.004061" asserts="1" />
            </test-suite>
            <test-suite type="TestFixture" id="0-1101" name="NotebooksRepositoryTests" fullname="MyNotebooks.Tests.Data.Tests.NotebooksRepositoryTests" classname="MyNotebooks.Tests.Data.Tests.NotebooksRepositoryTests" runstate="Runnable" testcasecount="10" result="Passed" start-time="2017-02-07 03:11:27Z" end-time="2017-02-07 03:11:27Z" duration="0.173147" total="10" passed="10" failed="0" warnings="0" inconclusive="0" skipped="0" asserts="8">
              <test-case id="0-1105" name="NotebooksRepository_Should_Call_ContextAdd_When_Call_Add" fullname="MyNotebooks.Tests.Data.Tests.NotebooksRepositoryTests.NotebooksRepository_Should_Call_ContextAdd_When_Call_Add" methodname="NotebooksRepository_Should_Call_ContextAdd_When_Call_Add" classname="MyNotebooks.Tests.Data.Tests.NotebooksRepositoryTests" runstate="Runnable" seed="1273154546" result="Passed" start-time="2017-02-07 03:11:27Z" end-time="2017-02-07 03:11:27Z" duration="0.086017" asserts="0" />
              <test-case id="0-1106" name="NotebooksRepository_Should_Call_Delete_When_Call_Delete" fullname="MyNotebooks.Tests.Data.Tests.NotebooksRepositoryTests.NotebooksRepository_Should_Call_Delete_When_Call_Delete" methodname="NotebooksRepository_Should_Call_Delete_When_Call_Delete" classname="MyNotebooks.Tests.Data.Tests.NotebooksRepositoryTests" runstate="Runnable" seed="1206419433" result="Passed" start-time="2017-02-07 03:11:27Z" end-time="2017-02-07 03:11:27Z" duration="0.007494" asserts="0" />
              <test-case id="0-1113" name="NotebooksRepository_Should_Call_Find_When_Call_Find" fullname="MyNotebooks.Tests.Data.Tests.NotebooksRepositoryTests.NotebooksRepository_Should_Call_Find_When_Call_Find" methodname="NotebooksRepository_Should_Call_Find_When_Call_Find" classname="MyNotebooks.Tests.Data.Tests.NotebooksRepositoryTests" runstate="Runnable" seed="182417438" result="Passed" start-time="2017-02-07 03:11:27Z" end-time="2017-02-07 03:11:27Z" duration="0.008635" asserts="1" />
              <test-case id="0-1102" name="NotebooksRepository_Should_Initialize_A_Object" fullname="MyNotebooks.Tests.Data.Tests.NotebooksRepositoryTests.NotebooksRepository_Should_Initialize_A_Object" methodname="NotebooksRepository_Should_Initialize_A_Object" classname="MyNotebooks.Tests.Data.Tests.NotebooksRepositoryTests" runstate="Runnable" seed="2089246585" result="Passed" start-time="2017-02-07 03:11:27Z" end-time="2017-02-07 03:11:27Z" duration="0.000450" asserts="1" />
              <test-case id="0-1103" name="NotebooksRepository_Should_Not_Throw_When_SetContext" fullname="MyNotebooks.Tests.Data.Tests.NotebooksRepositoryTests.NotebooksRepository_Should_Not_Throw_When_SetContext" methodname="NotebooksRepository_Should_Not_Throw_When_SetContext" classname="MyNotebooks.Tests.Data.Tests.NotebooksRepositoryTests" runstate="Runnable" seed="71626037" result="Passed" start-time="2017-02-07 03:11:27Z" end-time="2017-02-07 03:11:27Z" duration="0.000941" asserts="1" />
              <test-case id="0-1104" name="NotebooksRepository_Should_Throw_Exception" fullname="MyNotebooks.Tests.Data.Tests.NotebooksRepositoryTests.NotebooksRepository_Should_Throw_Exception" methodname="NotebooksRepository_Should_Throw_Exception" classname="MyNotebooks.Tests.Data.Tests.NotebooksRepositoryTests" runstate="Runnable" seed="722018716" result="Passed" start-time="2017-02-07 03:11:27Z" end-time="2017-02-07 03:11:27Z" duration="0.001423" asserts="1" />
              <test-suite type="ParameterizedMethod" id="0-1109" name="NotebooksRepository_Should_UpdateContent_When_Call_Update" fullname="MyNotebooks.Tests.Data.Tests.NotebooksRepositoryTests.NotebooksRepository_Should_UpdateContent_When_Call_Update" classname="MyNotebooks.Tests.Data.Tests.NotebooksRepositoryTests" runstate="Runnable" testcasecount="2" result="Passed" start-time="2017-02-07 03:11:27Z" end-time="2017-02-07 03:11:27Z" duration="0.020036" total="2" passed="2" failed="0" warnings="0" inconclusive="0" skipped="0" asserts="2">
                <test-case id="0-1107" name="NotebooksRepository_Should_UpdateContent_When_Call_Update(&quot;test1&quot;)" fullname="MyNotebooks.Tests.Data.Tests.NotebooksRepositoryTests.NotebooksRepository_Should_UpdateContent_When_Call_Update(&quot;test1&quot;)" methodname="NotebooksRepository_Should_UpdateContent_When_Call_Update" classname="MyNotebooks.Tests.Data.Tests.NotebooksRepositoryTests" runstate="Runnable" seed="545903841" result="Passed" start-time="2017-02-07 03:11:27Z" end-time="2017-02-07 03:11:27Z" duration="0.008890" asserts="1" />
                <test-case id="0-1108" name="NotebooksRepository_Should_UpdateContent_When_Call_Update(&quot;test2&quot;)" fullname="MyNotebooks.Tests.Data.Tests.NotebooksRepositoryTests.NotebooksRepository_Should_UpdateContent_When_Call_Update(&quot;test2&quot;)" methodname="NotebooksRepository_Should_UpdateContent_When_Call_Update" classname="MyNotebooks.Tests.Data.Tests.NotebooksRepositoryTests" runstate="Runnable" seed="665292415" result="Passed" start-time="2017-02-07 03:11:27Z" end-time="2017-02-07 03:11:27Z" duration="0.004577" asserts="1" />
              </test-suite>
              <test-suite type="ParameterizedMethod" id="0-1112" name="NotebooksRepository_Should_UpdateContent_When_Call_Update_With_Object" fullname="MyNotebooks.Tests.Data.Tests.NotebooksRepositoryTests.NotebooksRepository_Should_UpdateContent_When_Call_Update_With_Object" classname="MyNotebooks.Tests.Data.Tests.NotebooksRepositoryTests" runstate="Runnable" testcasecount="2" result="Passed" start-time="2017-02-07 03:11:27Z" end-time="2017-02-07 03:11:27Z" duration="0.016037" total="2" passed="2" failed="0" warnings="0" inconclusive="0" skipped="0" asserts="2">
                <test-case id="0-1110" name="NotebooksRepository_Should_UpdateContent_When_Call_Update_With_Object(&quot;test1&quot;)" fullname="MyNotebooks.Tests.Data.Tests.NotebooksRepositoryTests.NotebooksRepository_Should_UpdateContent_When_Call_Update_With_Object(&quot;test1&quot;)" methodname="NotebooksRepository_Should_UpdateContent_When_Call_Update_With_Object" classname="MyNotebooks.Tests.Data.Tests.NotebooksRepositoryTests" runstate="Runnable" seed="172377296" result="Passed" start-time="2017-02-07 03:11:27Z" end-time="2017-02-07 03:11:27Z" duration="0.004586" asserts="1" />
                <test-case id="0-1111" name="NotebooksRepository_Should_UpdateContent_When_Call_Update_With_Object(&quot;test2&quot;)" fullname="MyNotebooks.Tests.Data.Tests.NotebooksRepositoryTests.NotebooksRepository_Should_UpdateContent_When_Call_Update_With_Object(&quot;test2&quot;)" methodname="NotebooksRepository_Should_UpdateContent_When_Call_Update_With_Object" classname="MyNotebooks.Tests.Data.Tests.NotebooksRepositoryTests" runstate="Runnable" seed="1732249819" result="Passed" start-time="2017-02-07 03:11:27Z" end-time="2017-02-07 03:11:27Z" duration="0.004863" asserts="1" />
              </test-suite>
            </test-suite>
            <test-suite type="TestFixture" id="0-1114" name="RelationshipsRepositoryTests" fullname="MyNotebooks.Tests.Data.Tests.RelationshipsRepositoryTests" classname="MyNotebooks.Tests.Data.Tests.RelationshipsRepositoryTests" runstate="Runnable" testcasecount="4" result="Passed" start-time="2017-02-07 03:11:27Z" end-time="2017-02-07 03:11:27Z" duration="0.059155" total="4" passed="4" failed="0" warnings="0" inconclusive="0" skipped="0" asserts="3">
              <test-case id="0-1118" name="RelationshipRepository_Should_Call_Remove" fullname="MyNotebooks.Tests.Data.Tests.RelationshipsRepositoryTests.RelationshipRepository_Should_Call_Remove" methodname="RelationshipRepository_Should_Call_Remove" classname="MyNotebooks.Tests.Data.Tests.RelationshipsRepositoryTests" runstate="Runnable" seed="1794781020" result="Passed" start-time="2017-02-07 03:11:27Z" end-time="2017-02-07 03:11:27Z" duration="0.037672" asserts="0" />
              <test-case id="0-1115" name="RelationshipRepository_Should_Initialize_A_Object" fullname="MyNotebooks.Tests.Data.Tests.RelationshipsRepositoryTests.RelationshipRepository_Should_Initialize_A_Object" methodname="RelationshipRepository_Should_Initialize_A_Object" classname="MyNotebooks.Tests.Data.Tests.RelationshipsRepositoryTests" runstate="Runnable" seed="1815691492" result="Passed" start-time="2017-02-07 03:11:27Z" end-time="2017-02-07 03:11:27Z" duration="0.000443" asserts="1" />
              <test-case id="0-1116" name="RelationshipRepository_Should_Set_DbContext" fullname="MyNotebooks.Tests.Data.Tests.RelationshipsRepositoryTests.RelationshipRepository_Should_Set_DbContext" methodname="RelationshipRepository_Should_Set_DbContext" classname="MyNotebooks.Tests.Data.Tests.RelationshipsRepositoryTests" runstate="Runnable" seed="1998396149" result="Passed" start-time="2017-02-07 03:11:27Z" end-time="2017-02-07 03:11:27Z" duration="0.000950" asserts="1" />
              <test-case id="0-1117" name="RelationshipsRepository_Should_Throw_Exception" fullname="MyNotebooks.Tests.Data.Tests.RelationshipsRepositoryTests.RelationshipsRepository_Should_Throw_Exception" methodname="RelationshipsRepository_Should_Throw_Exception" classname="MyNotebooks.Tests.Data.Tests.RelationshipsRepositoryTests" runstate="Runnable" seed="767148111" result="Passed" start-time="2017-02-07 03:11:27Z" end-time="2017-02-07 03:11:27Z" duration="0.005029" asserts="1" />
            </test-suite>
            <test-suite type="TestFixture" id="0-1119" name="UserRepositoryTests" fullname="MyNotebooks.Tests.Data.Tests.UserRepositoryTests" classname="MyNotebooks.Tests.Data.Tests.UserRepositoryTests" runstate="Runnable" testcasecount="4" result="Passed" start-time="2017-02-07 03:11:27Z" end-time="2017-02-07 03:11:27Z" duration="0.064071" total="4" passed="4" failed="0" warnings="0" inconclusive="0" skipped="0" asserts="2">
              <test-case id="0-1122" name="UserRepository_Should_Add" fullname="MyNotebooks.Tests.Data.Tests.UserRepositoryTests.UserRepository_Should_Add" methodname="UserRepository_Should_Add" classname="MyNotebooks.Tests.Data.Tests.UserRepositoryTests" runstate="Runnable" seed="1847431200" result="Passed" start-time="2017-02-07 03:11:27Z" end-time="2017-02-07 03:11:27Z" duration="0.035353" asserts="0" />
              <test-case id="0-1123" name="UserRepository_Should_Delate" fullname="MyNotebooks.Tests.Data.Tests.UserRepositoryTests.UserRepository_Should_Delate" methodname="UserRepository_Should_Delate" classname="MyNotebooks.Tests.Data.Tests.UserRepositoryTests" runstate="Runnable" seed="962309908" result="Passed" start-time="2017-02-07 03:11:27Z" end-time="2017-02-07 03:11:27Z" duration="0.009980" asserts="0" />
              <test-case id="0-1120" name="UserRepository_Should_Initialize_A_Object" fullname="MyNotebooks.Tests.Data.Tests.UserRepositoryTests.UserRepository_Should_Initialize_A_Object" methodname="UserRepository_Should_Initialize_A_Object" classname="MyNotebooks.Tests.Data.Tests.UserRepositoryTests" runstate="Runnable" seed="1420448153" result="Passed" start-time="2017-02-07 03:11:27Z" end-time="2017-02-07 03:11:27Z" duration="0.000470" asserts="1" />
              <test-case id="0-1121" name="UserRepository_Should_Set_A_Context" fullname="MyNotebooks.Tests.Data.Tests.UserRepositoryTests.UserRepository_Should_Set_A_Context" methodname="UserRepository_Should_Set_A_Context" classname="MyNotebooks.Tests.Data.Tests.UserRepositoryTests" runstate="Runnable" seed="1075008962" result="Passed" start-time="2017-02-07 03:11:27Z" end-time="2017-02-07 03:11:27Z" duration="0.000511" asserts="1" />
            </test-suite>
          </test-suite>
[...]
              </test-suite>
              <test-suite type="ParameterizedMethod" id="0-1029" name="NotebookService_Should_Call_Update_When_SaveContent" fullname="MyNotebooks.Tests.Services.Tests.NotebookServiceTests.NotebookService_Should_Call_Update_When_SaveContent" classname="MyNotebooks.Tests.Services.Tests.NotebookServiceTests" runstate="Runnable" testcasecount="1" result="Passed" start-time="2017-02-07 03:11:28Z" end-time="2017-02-07 03:11:28Z" duration="0.012045" total="1" passed="1" failed="0" warnings="0" inconclusive="0" skipped="0" asserts="0">
                <test-case id="0-1028" name="NotebookService_Should_Call_Update_When_SaveContent(&quot;Test&quot;)" fullname="MyNotebooks.Tests.Services.Tests.NotebookServiceTests.NotebookService_Should_Call_Update_When_SaveContent(&quot;Test&quot;)" methodname="NotebookService_Should_Call_Update_When_SaveContent" classname="MyNotebooks.Tests.Services.Tests.NotebookServiceTests" runstate="Runnable" seed="1268526041" result="Passed" start-time="2017-02-07 03:11:28Z" end-time="2017-02-07 03:11:28Z" duration="0.008085" asserts="0" />
              </test-suite>
              <test-suite type="ParameterizedMethod" id="0-1033" name="NotebookService_Should_Get_Content_When_Call_GetContent" fullname="MyNotebooks.Tests.Services.Tests.NotebookServiceTests.NotebookService_Should_Get_Content_When_Call_GetContent" classname="MyNotebooks.Tests.Services.Tests.NotebookServiceTests" runstate="Runnable" testcasecount="1" result="Passed" start-time="2017-02-07 03:11:28Z" end-time="2017-02-07 03:11:28Z" duration="0.009028" total="1" passed="1" failed="0" warnings="0" inconclusive="0" skipped="0" asserts="1">
                <test-case id="0-1032" name="NotebookService_Should_Get_Content_When_Call_GetContent(&quot;Test&quot;)" fullname="MyNotebooks.Tests.Services.Tests.NotebookServiceTests.NotebookService_Should_Get_Content_When_Call_GetContent(&quot;Test&quot;)" methodname="NotebookService_Should_Get_Content_When_Call_GetContent" classname="MyNotebooks.Tests.Services.Tests.NotebookServiceTests" runstate="Runnable" seed="1593350571" result="Passed" start-time="2017-02-07 03:11:28Z" end-time="2017-02-07 03:11:28Z" duration="0.005824" asserts="1" />
              </test-suite>
              <test-suite type="ParameterizedMethod" id="0-1019" name="NotebookService_Should_return_Notebook_After_Initialization" fullname="MyNotebooks.Tests.Services.Tests.NotebookServiceTests.NotebookService_Should_return_Notebook_After_Initialization" classname="MyNotebooks.Tests.Services.Tests.NotebookServiceTests" runstate="Runnable" testcasecount="1" result="Passed" start-time="2017-02-07 03:11:28Z" end-time="2017-02-07 03:11:28Z" duration="0.008562" total="1" passed="1" failed="0" warnings="0" inconclusive="0" skipped="0" asserts="1">
                <test-case id="0-1018" name="NotebookService_Should_return_Notebook_After_Initialization(&quot;Test&quot;)" fullname="MyNotebooks.Tests.Services.Tests.NotebookServiceTests.NotebookService_Should_return_Notebook_After_Initialization(&quot;Test&quot;)" methodname="NotebookService_Should_return_Notebook_After_Initialization" classname="MyNotebooks.Tests.Services.Tests.NotebookServiceTests" runstate="Runnable" seed="1252912278" result="Passed" start-time="2017-02-07 03:11:28Z" end-time="2017-02-07 03:11:28Z" duration="0.004039" asserts="1" />
              </test-suite>
              <test-case id="0-1016" name="NotebookService_Should_ReturnNull_When_Try_To_Get_Notebook_Before_Initialization" fullname="MyNotebooks.Tests.Services.Tests.NotebookServiceTests.NotebookService_Should_ReturnNull_When_Try_To_Get_Notebook_Before_Initialization" methodname="NotebookService_Should_ReturnNull_When_Try_To_Get_Notebook_Before_Initialization" classname="MyNotebooks.Tests.Services.Tests.NotebookServiceTests" runstate="Runnable" seed="942490771" result="Passed" start-time="2017-02-07 03:11:28Z" end-time="2017-02-07 03:11:28Z" duration="0.000849" asserts="1" />
              <test-suite type="ParameterizedMethod" id="0-1023" name="NotebookService_Should_Set_Notebook_After_Initialization" fullname="MyNotebooks.Tests.Services.Tests.NotebookServiceTests.NotebookService_Should_Set_Notebook_After_Initialization" classname="MyNotebooks.Tests.Services.Tests.NotebookServiceTests" runstate="Runnable" testcasecount="3" result="Passed" start-time="2017-02-07 03:11:28Z" end-time="2017-02-07 03:11:28Z" duration="0.022043" total="3" passed="3" failed="0" warnings="0" inconclusive="0" skipped="0" asserts="12">
                <test-case id="0-1020" name="NotebookService_Should_Set_Notebook_After_Initialization(&quot;Test&quot;)" fullname="MyNotebooks.Tests.Services.Tests.NotebookServiceTests.NotebookService_Should_Set_Notebook_After_Initialization(&quot;Test&quot;)" methodname="NotebookService_Should_Set_Notebook_After_Initialization" classname="MyNotebooks.Tests.Services.Tests.NotebookServiceTests" runstate="Runnable" seed="849535900" result="Passed" start-time="2017-02-07 03:11:28Z" end-time="2017-02-07 03:11:28Z" duration="0.004108" asserts="4" />
                <test-case id="0-1021" name="NotebookService_Should_Set_Notebook_After_Initialization(&quot;Test1&quot;)" fullname="MyNotebooks.Tests.Services.Tests.NotebookServiceTests.NotebookService_Should_Set_Notebook_After_Initialization(&quot;Test1&quot;)" methodname="NotebookService_Should_Set_Notebook_After_Initialization" classname="MyNotebooks.Tests.Services.Tests.NotebookServiceTests" runstate="Runnable" seed="998421005" result="Passed" start-time="2017-02-07 03:11:28Z" end-time="2017-02-07 03:11:28Z" duration="0.003250" asserts="4" />
                <test-case id="0-1022" name="NotebookService_Should_Set_Notebook_After_Initialization(&quot;Test2&quot;)" fullname="MyNotebooks.Tests.Services.Tests.NotebookServiceTests.NotebookService_Should_Set_Notebook_After_Initialization(&quot;Test2&quot;)" methodname="NotebookService_Should_Set_Notebook_After_Initialization" classname="MyNotebooks.Tests.Services.Tests.NotebookServiceTests" runstate="Runnable" seed="816770481" result="Passed" start-time="2017-02-07 03:11:28Z" end-time="2017-02-07 03:11:28Z" duration="0.002164" asserts="4" />
              </test-suite>
              <test-suite type="ParameterizedMethod" id="0-1007" name="NotebookService_Should_Set_Subject_Successfully" fullname="MyNotebooks.Tests.Services.Tests.NotebookServiceTests.NotebookService_Should_Set_Subject_Successfully" classname="MyNotebooks.Tests.Services.Tests.NotebookServiceTests" runstate="Runnable" testcasecount="4" result="Passed" start-time="2017-02-07 03:11:28Z" end-time="2017-02-07 03:11:28Z" duration="0.017032" total="4" passed="4" failed="0" warnings="0" inconclusive="0" skipped="0" asserts="4">
                <test-case id="0-1003" name="NotebookService_Should_Set_Subject_Successfully(&quot;Informatics&quot;)" fullname="MyNotebooks.Tests.Services.Tests.NotebookServiceTests.NotebookService_Should_Set_Subject_Successfully(&quot;Informatics&quot;)" methodname="NotebookService_Should_Set_Subject_Successfully" classname="MyNotebooks.Tests.Services.Tests.NotebookServiceTests" runstate="Runnable" seed="1901304606" result="Passed" start-time="2017-02-07 03:11:28Z" end-time="2017-02-07 03:11:28Z" duration="0.001799" asserts="1" />
                <test-case id="0-1004" name="NotebookService_Should_Set_Subject_Successfully(&quot;Math&quot;)" fullname="MyNotebooks.Tests.Services.Tests.NotebookServiceTests.NotebookService_Should_Set_Subject_Successfully(&quot;Math&quot;)" methodname="NotebookService_Should_Set_Subject_Successfully" classname="MyNotebooks.Tests.Services.Tests.NotebookServiceTests" runstate="Runnable" seed="1562915427" result="Passed" start-time="2017-02-07 03:11:28Z" end-time="2017-02-07 03:11:28Z" duration="0.000458" asserts="1" />
                <test-case id="0-1005" name="NotebookService_Should_Set_Subject_Successfully(&quot;IT&quot;)" fullname="MyNotebooks.Tests.Services.Tests.NotebookServiceTests.NotebookService_Should_Set_Subject_Successfully(&quot;IT&quot;)" methodname="NotebookService_Should_Set_Subject_Successfully" classname="MyNotebooks.Tests.Services.Tests.NotebookServiceTests" runstate="Runnable" seed="766528643" result="Passed" start-time="2017-02-07 03:11:28Z" end-time="2017-02-07 03:11:28Z" duration="0.000329" asserts="1" />
                <test-case id="0-1006" name="NotebookService_Should_Set_Subject_Successfully(&quot;Biology&quot;)" fullname="MyNotebooks.Tests.Services.Tests.NotebookServiceTests.NotebookService_Should_Set_Subject_Successfully(&quot;Biology&quot;)" methodname="NotebookService_Should_Set_Subject_Successfully" classname="MyNotebooks.Tests.Services.Tests.NotebookServiceTests" runstate="Runnable" seed="628723046" result="Passed" start-time="2017-02-07 03:11:28Z" end-time="2017-02-07 03:11:28Z" duration="0.000321" asserts="1" />
              </test-suite>
              <test-suite type="ParameterizedMethod" id="0-1010" name="NotebookService_Should_Set_Subject_Type" fullname="MyNotebooks.Tests.Services.Tests.NotebookServiceTests.NotebookService_Should_Set_Subject_Type" classname="MyNotebooks.Tests.Services.Tests.NotebookServiceTests" runstate="Runnable" testcasecount="2" result="Passed" start-time="2017-02-07 03:11:28Z" end-time="2017-02-07 03:11:28Z" duration="0.008554" total="2" passed="2" failed="0" warnings="0" inconclusive="0" skipped="0" asserts="2">
                <test-case id="0-1008" name="NotebookService_Should_Set_Subject_Type(&quot;Classwork&quot;)" fullname="MyNotebooks.Tests.Services.Tests.NotebookServiceTests.NotebookService_Should_Set_Subject_Type(&quot;Classwork&quot;)" methodname="NotebookService_Should_Set_Subject_Type" classname="MyNotebooks.Tests.Services.Tests.NotebookServiceTests" runstate="Runnable" seed="36695346" result="Passed" start-time="2017-02-07 03:11:28Z" end-time="2017-02-07 03:11:28Z" duration="0.001829" asserts="1" />
                <test-case id="0-1009" name="NotebookService_Should_Set_Subject_Type(&quot;Homework&quot;)" fullname="MyNotebooks.Tests.Services.Tests.NotebookServiceTests.NotebookService_Should_Set_Subject_Type(&quot;Homework&quot;)" methodname="NotebookService_Should_Set_Subject_Type" classname="MyNotebooks.Tests.Services.Tests.NotebookServiceTests" runstate="Runnable" seed="1455454821" result="Passed" start-time="2017-02-07 03:11:28Z" end-time="2017-02-07 03:11:28Z" duration="0.000347" asserts="1" />
              </test-suite>
              <test-suite type="ParameterizedMethod" id="0-1015" name="NotebookService_Should_Set_Username_Successfully" fullname="MyNotebooks.Tests.Services.Tests.NotebookServiceTests.NotebookService_Should_Set_Username_Successfully" classname="MyNotebooks.Tests.Services.Tests.NotebookServiceTests" runstate="Runnable" testcasecount="4" result="Passed" start-time="2017-02-07 03:11:28Z" end-time="2017-02-07 03:11:28Z" duration="0.018046" total="4" passed="4" failed="0" warnings="0" inconclusive="0" skipped="0" asserts="4">
                <test-case id="0-1011" name="NotebookService_Should_Set_Username_Successfully(&quot;Gosho&quot;)" fullname="MyNotebooks.Tests.Services.Tests.NotebookServiceTests.NotebookService_Should_Set_Username_Successfully(&quot;Gosho&quot;)" methodname="NotebookService_Should_Set_Username_Successfully" classname="MyNotebooks.Tests.Services.Tests.NotebookServiceTests" runstate="Runnable" seed="1526091356" result="Passed" start-time="2017-02-07 03:11:28Z" end-time="2017-02-07 03:11:28Z" duration="0.001861" asserts="1" />
                <test-case id="0-1012" name="NotebookService_Should_Set_Username_Successfully(&quot;Pesho&quot;)" fullname="MyNotebooks.Tests.Services.Tests.NotebookServiceTests.NotebookService_Should_Set_Username_Successfully(&quot;Pesho&quot;)" methodname="NotebookService_Should_Set_Username_Successfully" classname="MyNotebooks.Tests.Services.Tests.NotebookServiceTests" runstate="Runnable" seed="1230468005" result="Passed" start-time="2017-02-07 03:11:28Z" end-time="2017-02-07 03:11:28Z" duration="0.000374" asserts="1" />
                <test-case id="0-1013" name="NotebookService_Should_Set_Username_Successfully(&quot;Stamat&quot;)" fullname="MyNotebooks.Tests.Services.Tests.NotebookServiceTests.NotebookService_Should_Set_Username_Successfully(&quot;Stamat&quot;)" methodname="NotebookService_Should_Set_Username_Successfully" classname="MyNotebooks.Tests.Services.Tests.NotebookServiceTests" runstate="Runnable" seed="1275477238" result="Passed" start-time="2017-02-07 03:11:28Z" end-time="2017-02-07 03:11:28Z" duration="0.000263" asserts="1" />
                <test-case id="0-1014" name="NotebookService_Should_Set_Username_Successfully(&quot;Ivan&quot;)" fullname="MyNotebooks.Tests.Services.Tests.NotebookServiceTests.NotebookService_Should_Set_Username_Successfully(&quot;Ivan&quot;)" methodname="NotebookService_Should_Set_Username_Successfully" classname="MyNotebooks.Tests.Services.Tests.NotebookServiceTests" runstate="Runnable" seed="337216594" result="Passed" start-time="2017-02-07 03:11:28Z" end-time="2017-02-07 03:11:28Z" duration="0.000248" asserts="1" />
              </test-suite>
              <test-case id="0-1017" name="NotebookService_Should_Throw_When_Try_To_Get_Content_Before_Initialization" fullname="MyNotebooks.Tests.Services.Tests.NotebookServiceTests.NotebookService_Should_Throw_When_Try_To_Get_Content_Before_Initialization" methodname="NotebookService_Should_Throw_When_Try_To_Get_Content_Before_Initialization" classname="MyNotebooks.Tests.Services.Tests.NotebookServiceTests" runstate="Runnable" seed="2973358" result="Passed" start-time="2017-02-07 03:11:28Z" end-time="2017-02-07 03:11:28Z" duration="0.001453" asserts="1" />
            </test-suite>
            <test-suite type="TestFixture" id="0-1034" name="RelationshipServiceTests" fullname="MyNotebooks.Tests.Services.Tests.RelationshipServiceTests" classname="MyNotebooks.Tests.Services.Tests.RelationshipServiceTests" runstate="Runnable" testcasecount="10" result="Passed" start-time="2017-02-07 03:11:28Z" end-time="2017-02-07 03:11:28Z" duration="0.101095" total="10" passed="10" failed="0" warnings="0" inconclusive="0" skipped="0" asserts="1">
              <test-case id="0-1036" name="RelationshipService_Repo_Should_Call_SetContext" fullname="MyNotebooks.Tests.Services.Tests.RelationshipServiceTests.RelationshipService_Repo_Should_Call_SetContext" methodname="RelationshipService_Repo_Should_Call_SetContext" classname="MyNotebooks.Tests.Services.Tests.RelationshipServiceTests" runstate="Runnable" seed="1843568432" result="Passed" start-time="2017-02-07 03:11:28Z" end-time="2017-02-07 03:11:28Z" duration="0.024501" asserts="0" />
              <test-case id="0-1037" name="RelationshipService_Should_Call_RepoAdd_When_Call_ServiceAdd" fullname="MyNotebooks.Tests.Services.Tests.RelationshipServiceTests.RelationshipService_Should_Call_RepoAdd_When_Call_ServiceAdd" methodname="RelationshipService_Should_Call_RepoAdd_When_Call_ServiceAdd" classname="MyNotebooks.Tests.Services.Tests.RelationshipServiceTests" runstate="Runnable" seed="723796056" result="Passed" start-time="2017-02-07 03:11:28Z" end-time="2017-02-07 03:11:28Z" duration="0.004160" asserts="0" />
              <test-case id="0-1039" name="RelationshipService_Should_Call_RepoDelete_When_Call_ServiceDelete" fullname="MyNotebooks.Tests.Services.Tests.RelationshipServiceTests.RelationshipService_Should_Call_RepoDelete_When_Call_ServiceDelete" methodname="RelationshipService_Should_Call_RepoDelete_When_Call_ServiceDelete" classname="MyNotebooks.Tests.Services.Tests.RelationshipServiceTests" runstate="Runnable" seed="984067761" result="Passed" start-time="2017-02-07 03:11:28Z" end-time="2017-02-07 03:11:28Z" duration="0.004198" asserts="0" />
              <test-case id="0-1041" name="RelationshipService_Should_Call_RepoFind1_When_Call_ServiceFind1" fullname="MyNotebooks.Tests.Services.Tests.RelationshipServiceTests.RelationshipService_Should_Call_RepoFind1_When_Call_ServiceFind1" methodname="RelationshipService_Should_Call_RepoFind1_When_Call_ServiceFind1" classname="MyNotebooks.Tests.Services.Tests.RelationshipServiceTests" runstate="Runnable" seed="426830281" result="Passed" start-time="2017-02-07 03:11:28Z" end-time="2017-02-07 03:11:28Z" duration="0.005364" asserts="0" />
              <test-case id="0-1044" name="RelationshipService_Should_Call_RepoFind1Teacher_When_Call_ServiceFind1Teacher" fullname="MyNotebooks.Tests.Services.Tests.RelationshipServiceTests.RelationshipService_Should_Call_RepoFind1Teacher_When_Call_ServiceFind1Teacher" methodname="RelationshipService_Should_Call_RepoFind1Teacher_When_Call_ServiceFind1Teacher" classname="MyNotebooks.Tests.Services.Tests.RelationshipServiceTests" runstate="Runnable" seed="130603412" result="Passed" start-time="2017-02-07 03:11:28Z" end-time="2017-02-07 03:11:28Z" duration="0.004612" asserts="0" />
              <test-case id="0-1042" name="RelationshipService_Should_Call_RepoFind2_When_Call_ServiceFind2" fullname="MyNotebooks.Tests.Services.Tests.RelationshipServiceTests.RelationshipService_Should_Call_RepoFind2_When_Call_ServiceFind2" methodname="RelationshipService_Should_Call_RepoFind2_When_Call_ServiceFind2" classname="MyNotebooks.Tests.Services.Tests.RelationshipServiceTests" runstate="Runnable" seed="1676621105" result="Passed" start-time="2017-02-07 03:11:28Z" end-time="2017-02-07 03:11:28Z" duration="0.005211" asserts="0" />
              <test-case id="0-1043" name="RelationshipService_Should_Call_RepoFind3_When_Call_ServiceFind3" fullname="MyNotebooks.Tests.Services.Tests.RelationshipServiceTests.RelationshipService_Should_Call_RepoFind3_When_Call_ServiceFind3" methodname="RelationshipService_Should_Call_RepoFind3_When_Call_ServiceFind3" classname="MyNotebooks.Tests.Services.Tests.RelationshipServiceTests" runstate="Runnable" seed="1318991397" result="Passed" start-time="2017-02-07 03:11:28Z" end-time="2017-02-07 03:11:28Z" duration="0.006687" asserts="0" />
              <test-case id="0-1038" name="RelationshipService_Should_Call_UOWCommit_When_Call_ServiceAdd" fullname="MyNotebooks.Tests.Services.Tests.RelationshipServiceTests.RelationshipService_Should_Call_UOWCommit_When_Call_ServiceAdd" methodname="RelationshipService_Should_Call_UOWCommit_When_Call_ServiceAdd" classname="MyNotebooks.Tests.Services.Tests.RelationshipServiceTests" runstate="Runnable" seed="522136950" result="Passed" start-time="2017-02-07 03:11:28Z" end-time="2017-02-07 03:11:28Z" duration="0.004520" asserts="0" />
              <test-case id="0-1040" name="RelationshipService_Should_Call_UOWCommit_When_Call_ServiceDelete" fullname="MyNotebooks.Tests.Services.Tests.RelationshipServiceTests.RelationshipService_Should_Call_UOWCommit_When_Call_ServiceDelete" methodname="RelationshipService_Should_Call_UOWCommit_When_Call_ServiceDelete" classname="MyNotebooks.Tests.Services.Tests.RelationshipServiceTests" runstate="Runnable" seed="1189897587" result="Passed" start-time="2017-02-07 03:11:28Z" end-time="2017-02-07 03:11:28Z" duration="0.004160" asserts="0" />
              <test-case id="0-1035" name="RelationshipService_Should_Set_Parameters" fullname="MyNotebooks.Tests.Services.Tests.RelationshipServiceTests.RelationshipService_Should_Set_Parameters" methodname="RelationshipService_Should_Set_Parameters" classname="MyNotebooks.Tests.Services.Tests.RelationshipServiceTests" runstate="Runnable" seed="1824810198" result="Passed" start-time="2017-02-07 03:11:28Z" end-time="2017-02-07 03:11:28Z" duration="0.000840" asserts="1" />
            </test-suite>
          </test-suite>
        </test-suite>
      </test-suite>
    </test-suite>
  </test-suite>
</test-run>